[0.021s] Invoking command in '/home/msi/ros2_ws/src/build/my_robot_description': CMAKE_PREFIX_PATH=${CMAKE_PREFIX_PATH}:/home/msi/ros2_ws/install/opencv_tests:/opt/ros/humble /usr/bin/cmake /home/msi/ros2_ws/src/my_robot_description -DAMENT_CMAKE_SYMLINK_INSTALL=1 -DCMAKE_INSTALL_PREFIX=/home/msi/ros2_ws/src/install/my_robot_description
[0.178s] -- The C compiler identification is GNU 11.4.0
[0.279s] -- The CXX compiler identification is GNU 11.4.0
[0.296s] -- Detecting C compiler ABI info
[0.371s] -- Detecting C compiler ABI info - done
[0.379s] -- Check for working C compiler: /usr/bin/cc - skipped
[0.380s] -- Detecting C compile features
[0.381s] -- Detecting C compile features - done
[0.388s] -- Detecting CXX compiler ABI info
[0.466s] -- Detecting CXX compiler ABI info - done
[0.477s] -- Check for working CXX compiler: /usr/bin/c++ - skipped
[0.477s] -- Detecting CXX compile features
[0.478s] -- Detecting CXX compile features - done
[0.499s] -- Found ament_cmake: 1.3.11 (/opt/ros/humble/share/ament_cmake/cmake)
[0.705s] -- Found Python3: /usr/bin/python3 (found version "3.10.12") found components: Interpreter 
[0.765s] -- Override CMake install command with custom implementation using symlinks instead of copying resources
[0.871s] -- Configuring done
[0.874s] -- Generating done
[0.875s] -- Build files have been written to: /home/msi/ros2_ws/src/build/my_robot_description
[0.879s] Invoked command in '/home/msi/ros2_ws/src/build/my_robot_description' returned '0': CMAKE_PREFIX_PATH=${CMAKE_PREFIX_PATH}:/home/msi/ros2_ws/install/opencv_tests:/opt/ros/humble /usr/bin/cmake /home/msi/ros2_ws/src/my_robot_description -DAMENT_CMAKE_SYMLINK_INSTALL=1 -DCMAKE_INSTALL_PREFIX=/home/msi/ros2_ws/src/install/my_robot_description
[0.881s] Invoking command in '/home/msi/ros2_ws/src/build/my_robot_description': CMAKE_PREFIX_PATH=${CMAKE_PREFIX_PATH}:/home/msi/ros2_ws/install/opencv_tests:/opt/ros/humble /usr/bin/cmake --build /home/msi/ros2_ws/src/build/my_robot_description -- -j12 -l12
[0.912s] Invoked command in '/home/msi/ros2_ws/src/build/my_robot_description' returned '0': CMAKE_PREFIX_PATH=${CMAKE_PREFIX_PATH}:/home/msi/ros2_ws/install/opencv_tests:/opt/ros/humble /usr/bin/cmake --build /home/msi/ros2_ws/src/build/my_robot_description -- -j12 -l12
[0.921s] Invoking command in '/home/msi/ros2_ws/src/build/my_robot_description': CMAKE_PREFIX_PATH=${CMAKE_PREFIX_PATH}:/home/msi/ros2_ws/install/opencv_tests:/opt/ros/humble /usr/bin/cmake --install /home/msi/ros2_ws/src/build/my_robot_description
[0.927s] -- Install configuration: ""
[0.928s] -- Execute custom install script
[0.928s] -- Symlinking: /home/msi/ros2_ws/src/install/my_robot_description/share/my_robot_description//urdf/camera.xacro
[0.935s] -- Symlinking: /home/msi/ros2_ws/src/install/my_robot_description/share/my_robot_description//urdf/common_properties.xacro
[0.942s] -- Symlinking: /home/msi/ros2_ws/src/install/my_robot_description/share/my_robot_description//urdf/mobile_base.xacro
[0.950s] -- Symlinking: /home/msi/ros2_ws/src/install/my_robot_description/share/my_robot_description//urdf/mobile_base_gazebo.xacro
[0.957s] -- Symlinking: /home/msi/ros2_ws/src/install/my_robot_description/share/my_robot_description//urdf/my_robot.urdf.xacro
[0.965s] -- Symlinking: /home/msi/ros2_ws/src/install/my_robot_description/share/my_robot_description//launch/display.launch.py
[0.973s] -- Symlinking: /home/msi/ros2_ws/src/install/my_robot_description/share/my_robot_description//launch/display.launch.xml
[0.981s] -- Symlinking: /home/msi/ros2_ws/src/install/my_robot_description/share/my_robot_description//rviz/urdf_config.rviz
[0.989s] -- Symlinking: /home/msi/ros2_ws/src/install/my_robot_description/share/my_robot_description//config/camera_config.yaml
[0.996s] -- Symlinking: /home/msi/ros2_ws/src/install/my_robot_description/share/my_robot_description//meshes/roue.dae
[1.008s] -- Symlinking: /home/msi/ros2_ws/src/install/my_robot_description/share/my_robot_description//meshes/wheels.dae
[1.015s] -- Symlinking: /home/msi/ros2_ws/src/install/my_robot_description/share/ament_index/resource_index/package_run_dependencies/my_robot_description
[1.035s] -- Symlinking: /home/msi/ros2_ws/src/install/my_robot_description/share/ament_index/resource_index/parent_prefix_path/my_robot_description
[1.045s] -- Symlinking: /home/msi/ros2_ws/src/install/my_robot_description/share/my_robot_description/environment/ament_prefix_path.sh
[1.056s] -- Symlinking: /home/msi/ros2_ws/src/install/my_robot_description/share/my_robot_description/environment/ament_prefix_path.dsv
[1.069s] -- Symlinking: /home/msi/ros2_ws/src/install/my_robot_description/share/my_robot_description/environment/path.sh
[1.079s] -- Symlinking: /home/msi/ros2_ws/src/install/my_robot_description/share/my_robot_description/environment/path.dsv
[1.092s] -- Symlinking: /home/msi/ros2_ws/src/install/my_robot_description/share/my_robot_description/local_setup.bash
[1.105s] -- Symlinking: /home/msi/ros2_ws/src/install/my_robot_description/share/my_robot_description/local_setup.sh
[1.114s] -- Symlinking: /home/msi/ros2_ws/src/install/my_robot_description/share/my_robot_description/local_setup.zsh
[1.121s] -- Symlinking: /home/msi/ros2_ws/src/install/my_robot_description/share/my_robot_description/local_setup.dsv
[1.128s] -- Symlinking: /home/msi/ros2_ws/src/install/my_robot_description/share/my_robot_description/package.dsv
[1.136s] -- Symlinking: /home/msi/ros2_ws/src/install/my_robot_description/share/ament_index/resource_index/packages/my_robot_description
[1.144s] -- Symlinking: /home/msi/ros2_ws/src/install/my_robot_description/share/my_robot_description/cmake/my_robot_descriptionConfig.cmake
[1.154s] -- Symlinking: /home/msi/ros2_ws/src/install/my_robot_description/share/my_robot_description/cmake/my_robot_descriptionConfig-version.cmake
[1.161s] -- Symlinking: /home/msi/ros2_ws/src/install/my_robot_description/share/my_robot_description/package.xml
[1.171s] Invoked command in '/home/msi/ros2_ws/src/build/my_robot_description' returned '0': CMAKE_PREFIX_PATH=${CMAKE_PREFIX_PATH}:/home/msi/ros2_ws/install/opencv_tests:/opt/ros/humble /usr/bin/cmake --install /home/msi/ros2_ws/src/build/my_robot_description
