[0.040s] Invoking command in '/home/msi/ros2_ws/src/build/my_robot_bringup': AMENT_PREFIX_PATH=/home/msi/ros2_ws/src/install/my_robot_description:${AMENT_PREFIX_PATH} CMAKE_PREFIX_PATH=/home/msi/ros2_ws/src/install/my_robot_description:/home/msi/ros2_ws/install/vision_opencv:/home/msi/ros2_ws/install/orbslam3_ros2:/home/msi/ros2_ws/install/my_rtabmap_config:/home/msi/ros2_ws/install/my_robot_slam:/home/msi/ros2_ws/install/my_robot_navigation:/home/msi/ros2_ws/install/my_robot_detection:/home/msi/ros2_ws/install/my_robot_bringup:/home/msi/ros2_ws/install/my_robot_description:/home/msi/ros2_ws/install/multirobot_map_merge:/home/msi/ros2_ws/install/image_geometry:/home/msi/ros2_ws/install/explore_lite:/home/msi/ros2_ws/install/cv_bridge:/home/msi/ros2_ws/install/custom_msgs:/home/msi/ros2_ws/install/opencv_tests:/opt/ros/humble /usr/bin/cmake --build /home/msi/ros2_ws/src/build/my_robot_bringup -- -j12 -l12
[0.076s] Invoked command in '/home/msi/ros2_ws/src/build/my_robot_bringup' returned '0': AMENT_PREFIX_PATH=/home/msi/ros2_ws/src/install/my_robot_description:${AMENT_PREFIX_PATH} CMAKE_PREFIX_PATH=/home/msi/ros2_ws/src/install/my_robot_description:/home/msi/ros2_ws/install/vision_opencv:/home/msi/ros2_ws/install/orbslam3_ros2:/home/msi/ros2_ws/install/my_rtabmap_config:/home/msi/ros2_ws/install/my_robot_slam:/home/msi/ros2_ws/install/my_robot_navigation:/home/msi/ros2_ws/install/my_robot_detection:/home/msi/ros2_ws/install/my_robot_bringup:/home/msi/ros2_ws/install/my_robot_description:/home/msi/ros2_ws/install/multirobot_map_merge:/home/msi/ros2_ws/install/image_geometry:/home/msi/ros2_ws/install/explore_lite:/home/msi/ros2_ws/install/cv_bridge:/home/msi/ros2_ws/install/custom_msgs:/home/msi/ros2_ws/install/opencv_tests:/opt/ros/humble /usr/bin/cmake --build /home/msi/ros2_ws/src/build/my_robot_bringup -- -j12 -l12
[0.078s] Invoking command in '/home/msi/ros2_ws/src/build/my_robot_bringup': AMENT_PREFIX_PATH=/home/msi/ros2_ws/src/install/my_robot_description:${AMENT_PREFIX_PATH} CMAKE_PREFIX_PATH=/home/msi/ros2_ws/src/install/my_robot_description:/home/msi/ros2_ws/install/vision_opencv:/home/msi/ros2_ws/install/orbslam3_ros2:/home/msi/ros2_ws/install/my_rtabmap_config:/home/msi/ros2_ws/install/my_robot_slam:/home/msi/ros2_ws/install/my_robot_navigation:/home/msi/ros2_ws/install/my_robot_detection:/home/msi/ros2_ws/install/my_robot_bringup:/home/msi/ros2_ws/install/my_robot_description:/home/msi/ros2_ws/install/multirobot_map_merge:/home/msi/ros2_ws/install/image_geometry:/home/msi/ros2_ws/install/explore_lite:/home/msi/ros2_ws/install/cv_bridge:/home/msi/ros2_ws/install/custom_msgs:/home/msi/ros2_ws/install/opencv_tests:/opt/ros/humble /usr/bin/cmake --install /home/msi/ros2_ws/src/build/my_robot_bringup
[0.088s] -- Install configuration: ""
[0.088s] -- Execute custom install script
[0.088s] -- Up-to-date symlink: /home/msi/ros2_ws/src/install/my_robot_bringup/share/my_robot_bringup//launch/my_robot_gazebo.launch.py
[0.088s] -- Up-to-date symlink: /home/msi/ros2_ws/src/install/my_robot_bringup/share/my_robot_bringup//launch/my_robot_gazebo.launch.xml
[0.088s] -- Up-to-date symlink: /home/msi/ros2_ws/src/install/my_robot_bringup/share/my_robot_bringup//rviz/urdf_config.rviz
[0.088s] -- Up-to-date symlink: /home/msi/ros2_ws/src/install/my_robot_bringup/share/my_robot_bringup//worlds/my_world.world
[0.089s] -- Up-to-date symlink: /home/msi/ros2_ws/src/install/my_robot_bringup/share/my_robot_bringup//worlds/world.world
[0.089s] -- Up-to-date symlink: /home/msi/ros2_ws/src/install/my_robot_bringup/share/ament_index/resource_index/package_run_dependencies/my_robot_bringup
[0.089s] -- Up-to-date symlink: /home/msi/ros2_ws/src/install/my_robot_bringup/share/ament_index/resource_index/parent_prefix_path/my_robot_bringup
[0.089s] -- Up-to-date symlink: /home/msi/ros2_ws/src/install/my_robot_bringup/share/my_robot_bringup/environment/ament_prefix_path.sh
[0.089s] -- Up-to-date symlink: /home/msi/ros2_ws/src/install/my_robot_bringup/share/my_robot_bringup/environment/ament_prefix_path.dsv
[0.089s] -- Up-to-date symlink: /home/msi/ros2_ws/src/install/my_robot_bringup/share/my_robot_bringup/environment/path.sh
[0.089s] -- Up-to-date symlink: /home/msi/ros2_ws/src/install/my_robot_bringup/share/my_robot_bringup/environment/path.dsv
[0.089s] -- Up-to-date symlink: /home/msi/ros2_ws/src/install/my_robot_bringup/share/my_robot_bringup/local_setup.bash
[0.090s] -- Up-to-date symlink: /home/msi/ros2_ws/src/install/my_robot_bringup/share/my_robot_bringup/local_setup.sh
[0.090s] -- Up-to-date symlink: /home/msi/ros2_ws/src/install/my_robot_bringup/share/my_robot_bringup/local_setup.zsh
[0.090s] -- Up-to-date symlink: /home/msi/ros2_ws/src/install/my_robot_bringup/share/my_robot_bringup/local_setup.dsv
[0.090s] -- Symlinking: /home/msi/ros2_ws/src/install/my_robot_bringup/share/my_robot_bringup/package.dsv
[0.098s] -- Up-to-date symlink: /home/msi/ros2_ws/src/install/my_robot_bringup/share/ament_index/resource_index/packages/my_robot_bringup
[0.099s] -- Up-to-date symlink: /home/msi/ros2_ws/src/install/my_robot_bringup/share/my_robot_bringup/cmake/my_robot_bringupConfig.cmake
[0.099s] -- Up-to-date symlink: /home/msi/ros2_ws/src/install/my_robot_bringup/share/my_robot_bringup/cmake/my_robot_bringupConfig-version.cmake
[0.099s] -- Up-to-date symlink: /home/msi/ros2_ws/src/install/my_robot_bringup/share/my_robot_bringup/package.xml
[0.101s] Invoked command in '/home/msi/ros2_ws/src/build/my_robot_bringup' returned '0': AMENT_PREFIX_PATH=/home/msi/ros2_ws/src/install/my_robot_description:${AMENT_PREFIX_PATH} CMAKE_PREFIX_PATH=/home/msi/ros2_ws/src/install/my_robot_description:/home/msi/ros2_ws/install/vision_opencv:/home/msi/ros2_ws/install/orbslam3_ros2:/home/msi/ros2_ws/install/my_rtabmap_config:/home/msi/ros2_ws/install/my_robot_slam:/home/msi/ros2_ws/install/my_robot_navigation:/home/msi/ros2_ws/install/my_robot_detection:/home/msi/ros2_ws/install/my_robot_bringup:/home/msi/ros2_ws/install/my_robot_description:/home/msi/ros2_ws/install/multirobot_map_merge:/home/msi/ros2_ws/install/image_geometry:/home/msi/ros2_ws/install/explore_lite:/home/msi/ros2_ws/install/cv_bridge:/home/msi/ros2_ws/install/custom_msgs:/home/msi/ros2_ws/install/opencv_tests:/opt/ros/humble /usr/bin/cmake --install /home/msi/ros2_ws/src/build/my_robot_bringup
