[0.017s] Invoking command in '/home/msi/ros2_ws/src/build/my_robot_navigation': CMAKE_PREFIX_PATH=${CMAKE_PREFIX_PATH}:/home/msi/ros2_ws/install/opencv_tests:/opt/ros/humble /usr/bin/cmake /home/msi/ros2_ws/src/my_robot_navigation -DAMENT_CMAKE_SYMLINK_INSTALL=1 -DCMAKE_INSTALL_PREFIX=/home/msi/ros2_ws/src/install/my_robot_navigation
[0.170s] -- The C compiler identification is GNU 11.4.0
[0.269s] -- The CXX compiler identification is GNU 11.4.0
[0.288s] -- Detecting C compiler ABI info
[0.369s] -- Detecting C compiler ABI info - done
[0.375s] -- Check for working C compiler: /usr/bin/cc - skipped
[0.376s] -- Detecting C compile features
[0.376s] -- Detecting C compile features - done
[0.379s] -- Detecting CXX compiler ABI info
[0.459s] -- Detecting CXX compiler ABI info - done
[0.465s] -- Check for working CXX compiler: /usr/bin/c++ - skipped
[0.465s] -- Detecting CXX compile features
[0.466s] -- Detecting CXX compile features - done
[0.491s] -- Found ament_cmake: 1.3.11 (/opt/ros/humble/share/ament_cmake/cmake)
[0.651s] -- Found Python3: /usr/bin/python3 (found version "3.10.12") found components: Interpreter 
[0.752s] -- Override CMake install command with custom implementation using symlinks instead of copying resources
[0.803s] -- Found rclcpp: 16.0.12 (/opt/ros/humble/share/rclcpp/cmake)
[0.891s] -- Found rosidl_generator_c: 3.1.6 (/opt/ros/humble/share/rosidl_generator_c/cmake)
[0.901s] -- Found rosidl_adapter: 3.1.6 (/opt/ros/humble/share/rosidl_adapter/cmake)
[0.914s] -- Found rosidl_generator_cpp: 3.1.6 (/opt/ros/humble/share/rosidl_generator_cpp/cmake)
[0.938s] -- Using all available rosidl_typesupport_c: rosidl_typesupport_fastrtps_c;rosidl_typesupport_introspection_c
[0.954s] -- Using all available rosidl_typesupport_cpp: rosidl_typesupport_fastrtps_cpp;rosidl_typesupport_introspection_cpp
[1.088s] -- Found rmw_implementation_cmake: 6.1.2 (/opt/ros/humble/share/rmw_implementation_cmake/cmake)
[1.095s] -- Found rmw_fastrtps_cpp: 6.2.7 (/opt/ros/humble/share/rmw_fastrtps_cpp/cmake)
[1.285s] -- Found OpenSSL: /usr/lib/x86_64-linux-gnu/libcrypto.so (found version "3.0.2")  
[1.313s] -- Found FastRTPS: /opt/ros/humble/include  
[1.353s] -- Using RMW implementation 'rmw_fastrtps_cpp' as default
[1.362s] -- Looking for pthread.h
[1.455s] -- Looking for pthread.h - found
[1.456s] -- Performing Test CMAKE_HAVE_LIBC_PTHREAD
[1.524s] -- Performing Test CMAKE_HAVE_LIBC_PTHREAD - Success
[1.525s] -- Found Threads: TRUE  
[1.610s] -- Found nav2_bringup: 1.1.18 (/opt/ros/humble/share/nav2_bringup/cmake)
[1.613s] -- Found navigation2: 1.1.18 (/opt/ros/humble/share/navigation2/cmake)
[1.618s] -- Found nav_msgs: 4.8.0 (/opt/ros/humble/share/nav_msgs/cmake)
[1.659s] -- Found tf2: 0.25.12 (/opt/ros/humble/share/tf2/cmake)
[1.677s] -- Found tf2_ros: 0.25.12 (/opt/ros/humble/share/tf2_ros/cmake)
[1.817s] -- Found ament_lint_auto: 0.12.12 (/opt/ros/humble/share/ament_lint_auto/cmake)
[1.895s] -- Configuring done
[1.901s] -- Generating done
[1.903s] -- Build files have been written to: /home/msi/ros2_ws/src/build/my_robot_navigation
[1.916s] Invoked command in '/home/msi/ros2_ws/src/build/my_robot_navigation' returned '0': CMAKE_PREFIX_PATH=${CMAKE_PREFIX_PATH}:/home/msi/ros2_ws/install/opencv_tests:/opt/ros/humble /usr/bin/cmake /home/msi/ros2_ws/src/my_robot_navigation -DAMENT_CMAKE_SYMLINK_INSTALL=1 -DCMAKE_INSTALL_PREFIX=/home/msi/ros2_ws/src/install/my_robot_navigation
[1.918s] Invoking command in '/home/msi/ros2_ws/src/build/my_robot_navigation': CMAKE_PREFIX_PATH=${CMAKE_PREFIX_PATH}:/home/msi/ros2_ws/install/opencv_tests:/opt/ros/humble /usr/bin/cmake --build /home/msi/ros2_ws/src/build/my_robot_navigation -- -j12 -l12
[1.957s] Invoked command in '/home/msi/ros2_ws/src/build/my_robot_navigation' returned '0': CMAKE_PREFIX_PATH=${CMAKE_PREFIX_PATH}:/home/msi/ros2_ws/install/opencv_tests:/opt/ros/humble /usr/bin/cmake --build /home/msi/ros2_ws/src/build/my_robot_navigation -- -j12 -l12
[1.958s] Invoking command in '/home/msi/ros2_ws/src/build/my_robot_navigation': CMAKE_PREFIX_PATH=${CMAKE_PREFIX_PATH}:/home/msi/ros2_ws/install/opencv_tests:/opt/ros/humble /usr/bin/cmake --install /home/msi/ros2_ws/src/build/my_robot_navigation
[1.965s] -- Install configuration: ""
[1.965s] -- Execute custom install script
[1.966s] -- Symlinking: /home/msi/ros2_ws/src/install/my_robot_navigation/share/my_robot_navigation/launch/navigation.launch.py
[1.976s] -- Symlinking: /home/msi/ros2_ws/src/install/my_robot_navigation/share/my_robot_navigation/launch/save_map.launch.py
[1.986s] -- Symlinking: /home/msi/ros2_ws/src/install/my_robot_navigation/share/my_robot_navigation/launch/slam_mapping.launch.py
[1.994s] -- Symlinking: /home/msi/ros2_ws/src/install/my_robot_navigation/share/my_robot_navigation/config/costmap_common.yaml
[2.002s] -- Symlinking: /home/msi/ros2_ws/src/install/my_robot_navigation/share/my_robot_navigation/config/global_costmap.yaml
[2.010s] -- Symlinking: /home/msi/ros2_ws/src/install/my_robot_navigation/share/my_robot_navigation/config/local_costmap.yaml
[2.019s] -- Symlinking: /home/msi/ros2_ws/src/install/my_robot_navigation/share/my_robot_navigation/config/nav2_params.yaml
[2.028s] -- Symlinking: /home/msi/ros2_ws/src/install/my_robot_navigation/share/ament_index/resource_index/package_run_dependencies/my_robot_navigation
[2.036s] -- Symlinking: /home/msi/ros2_ws/src/install/my_robot_navigation/share/ament_index/resource_index/parent_prefix_path/my_robot_navigation
[2.046s] -- Symlinking: /home/msi/ros2_ws/src/install/my_robot_navigation/share/my_robot_navigation/environment/ament_prefix_path.sh
[2.054s] -- Symlinking: /home/msi/ros2_ws/src/install/my_robot_navigation/share/my_robot_navigation/environment/ament_prefix_path.dsv
[2.065s] -- Symlinking: /home/msi/ros2_ws/src/install/my_robot_navigation/share/my_robot_navigation/environment/path.sh
[2.076s] -- Symlinking: /home/msi/ros2_ws/src/install/my_robot_navigation/share/my_robot_navigation/environment/path.dsv
[2.088s] -- Symlinking: /home/msi/ros2_ws/src/install/my_robot_navigation/share/my_robot_navigation/local_setup.bash
[2.098s] -- Symlinking: /home/msi/ros2_ws/src/install/my_robot_navigation/share/my_robot_navigation/local_setup.sh
[2.110s] -- Symlinking: /home/msi/ros2_ws/src/install/my_robot_navigation/share/my_robot_navigation/local_setup.zsh
[2.121s] -- Symlinking: /home/msi/ros2_ws/src/install/my_robot_navigation/share/my_robot_navigation/local_setup.dsv
[2.133s] -- Symlinking: /home/msi/ros2_ws/src/install/my_robot_navigation/share/my_robot_navigation/package.dsv
[2.147s] -- Symlinking: /home/msi/ros2_ws/src/install/my_robot_navigation/share/ament_index/resource_index/packages/my_robot_navigation
[2.160s] -- Symlinking: /home/msi/ros2_ws/src/install/my_robot_navigation/share/my_robot_navigation/cmake/my_robot_navigationConfig.cmake
[2.173s] -- Symlinking: /home/msi/ros2_ws/src/install/my_robot_navigation/share/my_robot_navigation/cmake/my_robot_navigationConfig-version.cmake
[2.186s] -- Symlinking: /home/msi/ros2_ws/src/install/my_robot_navigation/share/my_robot_navigation/package.xml
[2.198s] Invoked command in '/home/msi/ros2_ws/src/build/my_robot_navigation' returned '0': CMAKE_PREFIX_PATH=${CMAKE_PREFIX_PATH}:/home/msi/ros2_ws/install/opencv_tests:/opt/ros/humble /usr/bin/cmake --install /home/msi/ros2_ws/src/build/my_robot_navigation
