-- The C compiler identification is GNU 11.4.0
-- The CXX compiler identification is GNU 11.4.0
-- Detecting C compiler ABI info
-- Detecting C compiler ABI info - done
-- Check for working C compiler: /usr/bin/cc - skipped
-- Detecting C compile features
-- Detecting C compile features - done
-- Detecting CXX compiler ABI info
-- Detecting CXX compiler ABI info - done
-- Check for working CXX compiler: /usr/bin/c++ - skipped
-- Detecting CXX compile features
-- Detecting CXX compile features - done
-- Found ament_cmake: 1.3.11 (/opt/ros/humble/share/ament_cmake/cmake)
-- Found Python3: /usr/bin/python3 (found version "3.10.12") found components: Interpreter 
-- Override CMake install command with custom implementation using symlinks instead of copying resources
-- Found rclcpp: 16.0.12 (/opt/ros/humble/share/rclcpp/cmake)
-- Found rosidl_generator_c: 3.1.6 (/opt/ros/humble/share/rosidl_generator_c/cmake)
-- Found rosidl_adapter: 3.1.6 (/opt/ros/humble/share/rosidl_adapter/cmake)
-- Found rosidl_generator_cpp: 3.1.6 (/opt/ros/humble/share/rosidl_generator_cpp/cmake)
-- Using all available rosidl_typesupport_c: rosidl_typesupport_fastrtps_c;rosidl_typesupport_introspection_c
-- Using all available rosidl_typesupport_cpp: rosidl_typesupport_fastrtps_cpp;rosidl_typesupport_introspection_cpp
-- Found rmw_implementation_cmake: 6.1.2 (/opt/ros/humble/share/rmw_implementation_cmake/cmake)
-- Found rmw_fastrtps_cpp: 6.2.7 (/opt/ros/humble/share/rmw_fastrtps_cpp/cmake)
-- Found OpenSSL: /usr/lib/x86_64-linux-gnu/libcrypto.so (found version "3.0.2")  
-- Found FastRTPS: /opt/ros/humble/include  
-- Using RMW implementation 'rmw_fastrtps_cpp' as default
-- Looking for pthread.h
-- Looking for pthread.h - found
-- Performing Test CMAKE_HAVE_LIBC_PTHREAD
-- Performing Test CMAKE_HAVE_LIBC_PTHREAD - Success
-- Found Threads: TRUE  
-- Found sensor_msgs: 4.8.0 (/opt/ros/humble/share/sensor_msgs/cmake)
-- Found nav_msgs: 4.8.0 (/opt/ros/humble/share/nav_msgs/cmake)
-- Found tf2: 0.25.12 (/opt/ros/humble/share/tf2/cmake)
-- Found tf2_ros: 0.25.12 (/opt/ros/humble/share/tf2_ros/cmake)
-- Found rtabmap_ros: 0.21.10 (/opt/ros/humble/share/rtabmap_ros/cmake)
-- Found image_transport: 3.1.11 (/opt/ros/humble/share/image_transport/cmake)
-- Found cv_bridge: 4.1.0 (/home/msi/ros2_ws/src/install/cv_bridge/share/cv_bridge/cmake)
-- Configuring done
-- Generating done
-- Build files have been written to: /home/msi/ros2_ws/src/build/my_rtabmap_config
-- Install configuration: ""
-- Execute custom install script
-- Symlinking: /home/msi/ros2_ws/src/install/my_rtabmap_config/share/my_rtabmap_config//launch/check_orbslam_running.py
-- Symlinking: /home/msi/ros2_ws/src/install/my_rtabmap_config/share/my_rtabmap_config//launch/rtabmap_stereo.launch.py
-- Symlinking: /home/msi/ros2_ws/src/install/my_rtabmap_config/share/my_rtabmap_config//config/rtabmap_params.yaml
-- Symlinking: /home/msi/ros2_ws/src/install/my_rtabmap_config/share/ament_index/resource_index/package_run_dependencies/my_rtabmap_config
-- Symlinking: /home/msi/ros2_ws/src/install/my_rtabmap_config/share/ament_index/resource_index/parent_prefix_path/my_rtabmap_config
-- Symlinking: /home/msi/ros2_ws/src/install/my_rtabmap_config/share/my_rtabmap_config/environment/ament_prefix_path.sh
-- Symlinking: /home/msi/ros2_ws/src/install/my_rtabmap_config/share/my_rtabmap_config/environment/ament_prefix_path.dsv
-- Symlinking: /home/msi/ros2_ws/src/install/my_rtabmap_config/share/my_rtabmap_config/environment/path.sh
-- Symlinking: /home/msi/ros2_ws/src/install/my_rtabmap_config/share/my_rtabmap_config/environment/path.dsv
-- Symlinking: /home/msi/ros2_ws/src/install/my_rtabmap_config/share/my_rtabmap_config/local_setup.bash
-- Symlinking: /home/msi/ros2_ws/src/install/my_rtabmap_config/share/my_rtabmap_config/local_setup.sh
-- Symlinking: /home/msi/ros2_ws/src/install/my_rtabmap_config/share/my_rtabmap_config/local_setup.zsh
-- Symlinking: /home/msi/ros2_ws/src/install/my_rtabmap_config/share/my_rtabmap_config/local_setup.dsv
-- Symlinking: /home/msi/ros2_ws/src/install/my_rtabmap_config/share/my_rtabmap_config/package.dsv
-- Symlinking: /home/msi/ros2_ws/src/install/my_rtabmap_config/share/ament_index/resource_index/packages/my_rtabmap_config
-- Symlinking: /home/msi/ros2_ws/src/install/my_rtabmap_config/share/my_rtabmap_config/cmake/my_rtabmap_configConfig.cmake
-- Symlinking: /home/msi/ros2_ws/src/install/my_rtabmap_config/share/my_rtabmap_config/cmake/my_rtabmap_configConfig-version.cmake
-- Symlinking: /home/msi/ros2_ws/src/install/my_rtabmap_config/share/my_rtabmap_config/package.xml
