[0.347s] Invoking command in '/home/msi/ros2_ws/src/build/my_rtabmap_config': AMENT_PREFIX_PATH=/home/msi/ros2_ws/src/install/cv_bridge:${AMENT_PREFIX_PATH} CMAKE_PREFIX_PATH=/home/msi/ros2_ws/src/install/cv_bridge:/home/msi/ros2_ws/install/vision_opencv:/home/msi/ros2_ws/install/orbslam3_ros2:/home/msi/ros2_ws/install/my_rtabmap_config:/home/msi/ros2_ws/install/my_robot_slam:/home/msi/ros2_ws/install/my_robot_navigation:/home/msi/ros2_ws/install/my_robot_detection:/home/msi/ros2_ws/install/my_robot_bringup:/home/msi/ros2_ws/install/my_robot_description:/home/msi/ros2_ws/install/multirobot_map_merge:/home/msi/ros2_ws/install/image_geometry:/home/msi/ros2_ws/install/explore_lite:/home/msi/ros2_ws/install/cv_bridge:/home/msi/ros2_ws/install/custom_msgs:/home/msi/ros2_ws/install/opencv_tests:/opt/ros/humble LD_LIBRARY_PATH=/home/msi/ros2_ws/src/install/cv_bridge/lib:/home/msi/ros2_ws/install/multirobot_map_merge/lib:/home/msi/ros2_ws/install/image_geometry/lib:/home/msi/ros2_ws/install/cv_bridge/lib:/home/msi/ros2_ws/install/custom_msgs/lib:/usr/lib/x86_64-linux-gnu/gazebo-11/plugins:/opt/ros/humble/opt/rviz_ogre_vendor/lib:/opt/ros/humble/lib/x86_64-linux-gnu:/opt/ros/humble/lib:/usr/share/gazebo/../../lib/x86_64-linux-gnu/gazebo-11/plugins:/home/msi/Dev/Pangolin/lib:/home/msi/Dev/Pangolin/build PYTHONPATH=/home/msi/ros2_ws/src/install/cv_bridge/local/lib/python3.10/dist-packages:${PYTHONPATH} /usr/bin/cmake /home/msi/ros2_ws/src/my_rtabmap_config -DAMENT_CMAKE_SYMLINK_INSTALL=1 -DCMAKE_INSTALL_PREFIX=/home/msi/ros2_ws/src/install/my_rtabmap_config
[0.554s] -- The C compiler identification is GNU 11.4.0
[0.554s] -- The CXX compiler identification is GNU 11.4.0
[0.554s] -- Detecting C compiler ABI info
[0.554s] -- Detecting C compiler ABI info - done
[0.554s] -- Check for working C compiler: /usr/bin/cc - skipped
[0.554s] -- Detecting C compile features
[0.554s] -- Detecting C compile features - done
[0.554s] -- Detecting CXX compiler ABI info
[0.554s] -- Detecting CXX compiler ABI info - done
[0.563s] -- Check for working CXX compiler: /usr/bin/c++ - skipped
[0.564s] -- Detecting CXX compile features
[0.564s] -- Detecting CXX compile features - done
[0.569s] -- Found ament_cmake: 1.3.11 (/opt/ros/humble/share/ament_cmake/cmake)
[0.742s] -- Found Python3: /usr/bin/python3 (found version "3.10.12") found components: Interpreter 
[0.823s] -- Override CMake install command with custom implementation using symlinks instead of copying resources
[0.879s] -- Found rclcpp: 16.0.12 (/opt/ros/humble/share/rclcpp/cmake)
[0.954s] -- Found rosidl_generator_c: 3.1.6 (/opt/ros/humble/share/rosidl_generator_c/cmake)
[0.961s] -- Found rosidl_adapter: 3.1.6 (/opt/ros/humble/share/rosidl_adapter/cmake)
[0.973s] -- Found rosidl_generator_cpp: 3.1.6 (/opt/ros/humble/share/rosidl_generator_cpp/cmake)
[0.988s] -- Using all available rosidl_typesupport_c: rosidl_typesupport_fastrtps_c;rosidl_typesupport_introspection_c
[1.008s] -- Using all available rosidl_typesupport_cpp: rosidl_typesupport_fastrtps_cpp;rosidl_typesupport_introspection_cpp
[1.055s] -- Found rmw_implementation_cmake: 6.1.2 (/opt/ros/humble/share/rmw_implementation_cmake/cmake)
[1.058s] -- Found rmw_fastrtps_cpp: 6.2.7 (/opt/ros/humble/share/rmw_fastrtps_cpp/cmake)
[1.153s] -- Found OpenSSL: /usr/lib/x86_64-linux-gnu/libcrypto.so (found version "3.0.2")  
[1.195s] -- Found FastRTPS: /opt/ros/humble/include  
[1.255s] -- Using RMW implementation 'rmw_fastrtps_cpp' as default
[1.272s] -- Looking for pthread.h
[1.347s] -- Looking for pthread.h - found
[1.347s] -- Performing Test CMAKE_HAVE_LIBC_PTHREAD
[1.755s] -- Performing Test CMAKE_HAVE_LIBC_PTHREAD - Success
[1.756s] -- Found Threads: TRUE  
[1.805s] -- Found sensor_msgs: 4.8.0 (/opt/ros/humble/share/sensor_msgs/cmake)
[1.829s] -- Found nav_msgs: 4.8.0 (/opt/ros/humble/share/nav_msgs/cmake)
[1.842s] -- Found tf2: 0.25.12 (/opt/ros/humble/share/tf2/cmake)
[1.852s] -- Found tf2_ros: 0.25.12 (/opt/ros/humble/share/tf2_ros/cmake)
[1.942s] -- Found rtabmap_ros: 0.21.10 (/opt/ros/humble/share/rtabmap_ros/cmake)
[1.943s] -- Found image_transport: 3.1.11 (/opt/ros/humble/share/image_transport/cmake)
[1.958s] -- Found cv_bridge: 4.1.0 (/home/msi/ros2_ws/src/install/cv_bridge/share/cv_bridge/cmake)
[2.019s] -- Configuring done
[2.022s] -- Generating done
[2.029s] -- Build files have been written to: /home/msi/ros2_ws/src/build/my_rtabmap_config
[2.037s] Invoked command in '/home/msi/ros2_ws/src/build/my_rtabmap_config' returned '0': AMENT_PREFIX_PATH=/home/msi/ros2_ws/src/install/cv_bridge:${AMENT_PREFIX_PATH} CMAKE_PREFIX_PATH=/home/msi/ros2_ws/src/install/cv_bridge:/home/msi/ros2_ws/install/vision_opencv:/home/msi/ros2_ws/install/orbslam3_ros2:/home/msi/ros2_ws/install/my_rtabmap_config:/home/msi/ros2_ws/install/my_robot_slam:/home/msi/ros2_ws/install/my_robot_navigation:/home/msi/ros2_ws/install/my_robot_detection:/home/msi/ros2_ws/install/my_robot_bringup:/home/msi/ros2_ws/install/my_robot_description:/home/msi/ros2_ws/install/multirobot_map_merge:/home/msi/ros2_ws/install/image_geometry:/home/msi/ros2_ws/install/explore_lite:/home/msi/ros2_ws/install/cv_bridge:/home/msi/ros2_ws/install/custom_msgs:/home/msi/ros2_ws/install/opencv_tests:/opt/ros/humble LD_LIBRARY_PATH=/home/msi/ros2_ws/src/install/cv_bridge/lib:/home/msi/ros2_ws/install/multirobot_map_merge/lib:/home/msi/ros2_ws/install/image_geometry/lib:/home/msi/ros2_ws/install/cv_bridge/lib:/home/msi/ros2_ws/install/custom_msgs/lib:/usr/lib/x86_64-linux-gnu/gazebo-11/plugins:/opt/ros/humble/opt/rviz_ogre_vendor/lib:/opt/ros/humble/lib/x86_64-linux-gnu:/opt/ros/humble/lib:/usr/share/gazebo/../../lib/x86_64-linux-gnu/gazebo-11/plugins:/home/msi/Dev/Pangolin/lib:/home/msi/Dev/Pangolin/build PYTHONPATH=/home/msi/ros2_ws/src/install/cv_bridge/local/lib/python3.10/dist-packages:${PYTHONPATH} /usr/bin/cmake /home/msi/ros2_ws/src/my_rtabmap_config -DAMENT_CMAKE_SYMLINK_INSTALL=1 -DCMAKE_INSTALL_PREFIX=/home/msi/ros2_ws/src/install/my_rtabmap_config
[2.038s] Invoking command in '/home/msi/ros2_ws/src/build/my_rtabmap_config': AMENT_PREFIX_PATH=/home/msi/ros2_ws/src/install/cv_bridge:${AMENT_PREFIX_PATH} CMAKE_PREFIX_PATH=/home/msi/ros2_ws/src/install/cv_bridge:/home/msi/ros2_ws/install/vision_opencv:/home/msi/ros2_ws/install/orbslam3_ros2:/home/msi/ros2_ws/install/my_rtabmap_config:/home/msi/ros2_ws/install/my_robot_slam:/home/msi/ros2_ws/install/my_robot_navigation:/home/msi/ros2_ws/install/my_robot_detection:/home/msi/ros2_ws/install/my_robot_bringup:/home/msi/ros2_ws/install/my_robot_description:/home/msi/ros2_ws/install/multirobot_map_merge:/home/msi/ros2_ws/install/image_geometry:/home/msi/ros2_ws/install/explore_lite:/home/msi/ros2_ws/install/cv_bridge:/home/msi/ros2_ws/install/custom_msgs:/home/msi/ros2_ws/install/opencv_tests:/opt/ros/humble LD_LIBRARY_PATH=/home/msi/ros2_ws/src/install/cv_bridge/lib:/home/msi/ros2_ws/install/multirobot_map_merge/lib:/home/msi/ros2_ws/install/image_geometry/lib:/home/msi/ros2_ws/install/cv_bridge/lib:/home/msi/ros2_ws/install/custom_msgs/lib:/usr/lib/x86_64-linux-gnu/gazebo-11/plugins:/opt/ros/humble/opt/rviz_ogre_vendor/lib:/opt/ros/humble/lib/x86_64-linux-gnu:/opt/ros/humble/lib:/usr/share/gazebo/../../lib/x86_64-linux-gnu/gazebo-11/plugins:/home/msi/Dev/Pangolin/lib:/home/msi/Dev/Pangolin/build PYTHONPATH=/home/msi/ros2_ws/src/install/cv_bridge/local/lib/python3.10/dist-packages:${PYTHONPATH} /usr/bin/cmake --build /home/msi/ros2_ws/src/build/my_rtabmap_config -- -j12 -l12
[2.069s] Invoked command in '/home/msi/ros2_ws/src/build/my_rtabmap_config' returned '0': AMENT_PREFIX_PATH=/home/msi/ros2_ws/src/install/cv_bridge:${AMENT_PREFIX_PATH} CMAKE_PREFIX_PATH=/home/msi/ros2_ws/src/install/cv_bridge:/home/msi/ros2_ws/install/vision_opencv:/home/msi/ros2_ws/install/orbslam3_ros2:/home/msi/ros2_ws/install/my_rtabmap_config:/home/msi/ros2_ws/install/my_robot_slam:/home/msi/ros2_ws/install/my_robot_navigation:/home/msi/ros2_ws/install/my_robot_detection:/home/msi/ros2_ws/install/my_robot_bringup:/home/msi/ros2_ws/install/my_robot_description:/home/msi/ros2_ws/install/multirobot_map_merge:/home/msi/ros2_ws/install/image_geometry:/home/msi/ros2_ws/install/explore_lite:/home/msi/ros2_ws/install/cv_bridge:/home/msi/ros2_ws/install/custom_msgs:/home/msi/ros2_ws/install/opencv_tests:/opt/ros/humble LD_LIBRARY_PATH=/home/msi/ros2_ws/src/install/cv_bridge/lib:/home/msi/ros2_ws/install/multirobot_map_merge/lib:/home/msi/ros2_ws/install/image_geometry/lib:/home/msi/ros2_ws/install/cv_bridge/lib:/home/msi/ros2_ws/install/custom_msgs/lib:/usr/lib/x86_64-linux-gnu/gazebo-11/plugins:/opt/ros/humble/opt/rviz_ogre_vendor/lib:/opt/ros/humble/lib/x86_64-linux-gnu:/opt/ros/humble/lib:/usr/share/gazebo/../../lib/x86_64-linux-gnu/gazebo-11/plugins:/home/msi/Dev/Pangolin/lib:/home/msi/Dev/Pangolin/build PYTHONPATH=/home/msi/ros2_ws/src/install/cv_bridge/local/lib/python3.10/dist-packages:${PYTHONPATH} /usr/bin/cmake --build /home/msi/ros2_ws/src/build/my_rtabmap_config -- -j12 -l12
[2.070s] Invoking command in '/home/msi/ros2_ws/src/build/my_rtabmap_config': AMENT_PREFIX_PATH=/home/msi/ros2_ws/src/install/cv_bridge:${AMENT_PREFIX_PATH} CMAKE_PREFIX_PATH=/home/msi/ros2_ws/src/install/cv_bridge:/home/msi/ros2_ws/install/vision_opencv:/home/msi/ros2_ws/install/orbslam3_ros2:/home/msi/ros2_ws/install/my_rtabmap_config:/home/msi/ros2_ws/install/my_robot_slam:/home/msi/ros2_ws/install/my_robot_navigation:/home/msi/ros2_ws/install/my_robot_detection:/home/msi/ros2_ws/install/my_robot_bringup:/home/msi/ros2_ws/install/my_robot_description:/home/msi/ros2_ws/install/multirobot_map_merge:/home/msi/ros2_ws/install/image_geometry:/home/msi/ros2_ws/install/explore_lite:/home/msi/ros2_ws/install/cv_bridge:/home/msi/ros2_ws/install/custom_msgs:/home/msi/ros2_ws/install/opencv_tests:/opt/ros/humble LD_LIBRARY_PATH=/home/msi/ros2_ws/src/install/cv_bridge/lib:/home/msi/ros2_ws/install/multirobot_map_merge/lib:/home/msi/ros2_ws/install/image_geometry/lib:/home/msi/ros2_ws/install/cv_bridge/lib:/home/msi/ros2_ws/install/custom_msgs/lib:/usr/lib/x86_64-linux-gnu/gazebo-11/plugins:/opt/ros/humble/opt/rviz_ogre_vendor/lib:/opt/ros/humble/lib/x86_64-linux-gnu:/opt/ros/humble/lib:/usr/share/gazebo/../../lib/x86_64-linux-gnu/gazebo-11/plugins:/home/msi/Dev/Pangolin/lib:/home/msi/Dev/Pangolin/build PYTHONPATH=/home/msi/ros2_ws/src/install/cv_bridge/local/lib/python3.10/dist-packages:${PYTHONPATH} /usr/bin/cmake --install /home/msi/ros2_ws/src/build/my_rtabmap_config
[2.076s] -- Install configuration: ""
[2.076s] -- Execute custom install script
[2.076s] -- Symlinking: /home/msi/ros2_ws/src/install/my_rtabmap_config/share/my_rtabmap_config//launch/check_orbslam_running.py
[2.083s] -- Symlinking: /home/msi/ros2_ws/src/install/my_rtabmap_config/share/my_rtabmap_config//launch/rtabmap_stereo.launch.py
[2.089s] -- Symlinking: /home/msi/ros2_ws/src/install/my_rtabmap_config/share/my_rtabmap_config//config/rtabmap_params.yaml
[2.095s] -- Symlinking: /home/msi/ros2_ws/src/install/my_rtabmap_config/share/ament_index/resource_index/package_run_dependencies/my_rtabmap_config
[2.101s] -- Symlinking: /home/msi/ros2_ws/src/install/my_rtabmap_config/share/ament_index/resource_index/parent_prefix_path/my_rtabmap_config
[2.107s] -- Symlinking: /home/msi/ros2_ws/src/install/my_rtabmap_config/share/my_rtabmap_config/environment/ament_prefix_path.sh
[2.113s] -- Symlinking: /home/msi/ros2_ws/src/install/my_rtabmap_config/share/my_rtabmap_config/environment/ament_prefix_path.dsv
[2.119s] -- Symlinking: /home/msi/ros2_ws/src/install/my_rtabmap_config/share/my_rtabmap_config/environment/path.sh
[2.127s] -- Symlinking: /home/msi/ros2_ws/src/install/my_rtabmap_config/share/my_rtabmap_config/environment/path.dsv
[2.133s] -- Symlinking: /home/msi/ros2_ws/src/install/my_rtabmap_config/share/my_rtabmap_config/local_setup.bash
[2.140s] -- Symlinking: /home/msi/ros2_ws/src/install/my_rtabmap_config/share/my_rtabmap_config/local_setup.sh
[2.147s] -- Symlinking: /home/msi/ros2_ws/src/install/my_rtabmap_config/share/my_rtabmap_config/local_setup.zsh
[2.154s] -- Symlinking: /home/msi/ros2_ws/src/install/my_rtabmap_config/share/my_rtabmap_config/local_setup.dsv
[2.161s] -- Symlinking: /home/msi/ros2_ws/src/install/my_rtabmap_config/share/my_rtabmap_config/package.dsv
[2.170s] -- Symlinking: /home/msi/ros2_ws/src/install/my_rtabmap_config/share/ament_index/resource_index/packages/my_rtabmap_config
[2.178s] -- Symlinking: /home/msi/ros2_ws/src/install/my_rtabmap_config/share/my_rtabmap_config/cmake/my_rtabmap_configConfig.cmake
[2.185s] -- Symlinking: /home/msi/ros2_ws/src/install/my_rtabmap_config/share/my_rtabmap_config/cmake/my_rtabmap_configConfig-version.cmake
[2.192s] -- Symlinking: /home/msi/ros2_ws/src/install/my_rtabmap_config/share/my_rtabmap_config/package.xml
[2.200s] Invoked command in '/home/msi/ros2_ws/src/build/my_rtabmap_config' returned '0': AMENT_PREFIX_PATH=/home/msi/ros2_ws/src/install/cv_bridge:${AMENT_PREFIX_PATH} CMAKE_PREFIX_PATH=/home/msi/ros2_ws/src/install/cv_bridge:/home/msi/ros2_ws/install/vision_opencv:/home/msi/ros2_ws/install/orbslam3_ros2:/home/msi/ros2_ws/install/my_rtabmap_config:/home/msi/ros2_ws/install/my_robot_slam:/home/msi/ros2_ws/install/my_robot_navigation:/home/msi/ros2_ws/install/my_robot_detection:/home/msi/ros2_ws/install/my_robot_bringup:/home/msi/ros2_ws/install/my_robot_description:/home/msi/ros2_ws/install/multirobot_map_merge:/home/msi/ros2_ws/install/image_geometry:/home/msi/ros2_ws/install/explore_lite:/home/msi/ros2_ws/install/cv_bridge:/home/msi/ros2_ws/install/custom_msgs:/home/msi/ros2_ws/install/opencv_tests:/opt/ros/humble LD_LIBRARY_PATH=/home/msi/ros2_ws/src/install/cv_bridge/lib:/home/msi/ros2_ws/install/multirobot_map_merge/lib:/home/msi/ros2_ws/install/image_geometry/lib:/home/msi/ros2_ws/install/cv_bridge/lib:/home/msi/ros2_ws/install/custom_msgs/lib:/usr/lib/x86_64-linux-gnu/gazebo-11/plugins:/opt/ros/humble/opt/rviz_ogre_vendor/lib:/opt/ros/humble/lib/x86_64-linux-gnu:/opt/ros/humble/lib:/usr/share/gazebo/../../lib/x86_64-linux-gnu/gazebo-11/plugins:/home/msi/Dev/Pangolin/lib:/home/msi/Dev/Pangolin/build PYTHONPATH=/home/msi/ros2_ws/src/install/cv_bridge/local/lib/python3.10/dist-packages:${PYTHONPATH} /usr/bin/cmake --install /home/msi/ros2_ws/src/build/my_rtabmap_config
