[0.031s] Invoking command in '/home/msi/ros2_ws/src/build/my_robot_bringup': AMENT_PREFIX_PATH=/home/msi/ros2_ws/src/install/my_robot_description:${AMENT_PREFIX_PATH} CMAKE_PREFIX_PATH=/home/msi/ros2_ws/src/install/my_robot_description:/home/msi/ros2_ws/install/vision_opencv:/home/msi/ros2_ws/install/orbslam3_ros2:/home/msi/ros2_ws/install/my_rtabmap_config:/home/msi/ros2_ws/install/my_robot_slam:/home/msi/ros2_ws/install/my_robot_navigation:/home/msi/ros2_ws/install/my_robot_detection:/home/msi/ros2_ws/install/my_robot_bringup:/home/msi/ros2_ws/install/my_robot_description:/home/msi/ros2_ws/install/multirobot_map_merge:/home/msi/ros2_ws/install/image_geometry:/home/msi/ros2_ws/install/explore_lite:/home/msi/ros2_ws/install/cv_bridge:/home/msi/ros2_ws/install/custom_msgs:/home/msi/ros2_ws/install/opencv_tests:/opt/ros/humble /usr/bin/cmake /home/msi/ros2_ws/src/my_robot_bringup -DAMENT_CMAKE_SYMLINK_INSTALL=1 -DCMAKE_INSTALL_PREFIX=/home/msi/ros2_ws/src/install/my_robot_bringup
[0.101s] -- The C compiler identification is GNU 11.4.0
[0.160s] -- The CXX compiler identification is GNU 11.4.0
[0.169s] -- Detecting C compiler ABI info
[0.240s] -- Detecting C compiler ABI info - done
[0.251s] -- Check for working C compiler: /usr/bin/cc - skipped
[0.251s] -- Detecting C compile features
[0.251s] -- Detecting C compile features - done
[0.254s] -- Detecting CXX compiler ABI info
[0.330s] -- Detecting CXX compiler ABI info - done
[0.337s] -- Check for working CXX compiler: /usr/bin/c++ - skipped
[0.337s] -- Detecting CXX compile features
[0.337s] -- Detecting CXX compile features - done
[0.340s] -- Found ament_cmake: 1.3.11 (/opt/ros/humble/share/ament_cmake/cmake)
[0.489s] -- Found Python3: /usr/bin/python3 (found version "3.10.12") found components: Interpreter 
[0.558s] -- Override CMake install command with custom implementation using symlinks instead of copying resources
[0.675s] -- Configuring done
[0.678s] -- Generating done
[0.680s] -- Build files have been written to: /home/msi/ros2_ws/src/build/my_robot_bringup
[0.685s] Invoked command in '/home/msi/ros2_ws/src/build/my_robot_bringup' returned '0': AMENT_PREFIX_PATH=/home/msi/ros2_ws/src/install/my_robot_description:${AMENT_PREFIX_PATH} CMAKE_PREFIX_PATH=/home/msi/ros2_ws/src/install/my_robot_description:/home/msi/ros2_ws/install/vision_opencv:/home/msi/ros2_ws/install/orbslam3_ros2:/home/msi/ros2_ws/install/my_rtabmap_config:/home/msi/ros2_ws/install/my_robot_slam:/home/msi/ros2_ws/install/my_robot_navigation:/home/msi/ros2_ws/install/my_robot_detection:/home/msi/ros2_ws/install/my_robot_bringup:/home/msi/ros2_ws/install/my_robot_description:/home/msi/ros2_ws/install/multirobot_map_merge:/home/msi/ros2_ws/install/image_geometry:/home/msi/ros2_ws/install/explore_lite:/home/msi/ros2_ws/install/cv_bridge:/home/msi/ros2_ws/install/custom_msgs:/home/msi/ros2_ws/install/opencv_tests:/opt/ros/humble /usr/bin/cmake /home/msi/ros2_ws/src/my_robot_bringup -DAMENT_CMAKE_SYMLINK_INSTALL=1 -DCMAKE_INSTALL_PREFIX=/home/msi/ros2_ws/src/install/my_robot_bringup
[0.687s] Invoking command in '/home/msi/ros2_ws/src/build/my_robot_bringup': AMENT_PREFIX_PATH=/home/msi/ros2_ws/src/install/my_robot_description:${AMENT_PREFIX_PATH} CMAKE_PREFIX_PATH=/home/msi/ros2_ws/src/install/my_robot_description:/home/msi/ros2_ws/install/vision_opencv:/home/msi/ros2_ws/install/orbslam3_ros2:/home/msi/ros2_ws/install/my_rtabmap_config:/home/msi/ros2_ws/install/my_robot_slam:/home/msi/ros2_ws/install/my_robot_navigation:/home/msi/ros2_ws/install/my_robot_detection:/home/msi/ros2_ws/install/my_robot_bringup:/home/msi/ros2_ws/install/my_robot_description:/home/msi/ros2_ws/install/multirobot_map_merge:/home/msi/ros2_ws/install/image_geometry:/home/msi/ros2_ws/install/explore_lite:/home/msi/ros2_ws/install/cv_bridge:/home/msi/ros2_ws/install/custom_msgs:/home/msi/ros2_ws/install/opencv_tests:/opt/ros/humble /usr/bin/cmake --build /home/msi/ros2_ws/src/build/my_robot_bringup -- -j12 -l12
[0.723s] Invoked command in '/home/msi/ros2_ws/src/build/my_robot_bringup' returned '0': AMENT_PREFIX_PATH=/home/msi/ros2_ws/src/install/my_robot_description:${AMENT_PREFIX_PATH} CMAKE_PREFIX_PATH=/home/msi/ros2_ws/src/install/my_robot_description:/home/msi/ros2_ws/install/vision_opencv:/home/msi/ros2_ws/install/orbslam3_ros2:/home/msi/ros2_ws/install/my_rtabmap_config:/home/msi/ros2_ws/install/my_robot_slam:/home/msi/ros2_ws/install/my_robot_navigation:/home/msi/ros2_ws/install/my_robot_detection:/home/msi/ros2_ws/install/my_robot_bringup:/home/msi/ros2_ws/install/my_robot_description:/home/msi/ros2_ws/install/multirobot_map_merge:/home/msi/ros2_ws/install/image_geometry:/home/msi/ros2_ws/install/explore_lite:/home/msi/ros2_ws/install/cv_bridge:/home/msi/ros2_ws/install/custom_msgs:/home/msi/ros2_ws/install/opencv_tests:/opt/ros/humble /usr/bin/cmake --build /home/msi/ros2_ws/src/build/my_robot_bringup -- -j12 -l12
[0.724s] Invoking command in '/home/msi/ros2_ws/src/build/my_robot_bringup': AMENT_PREFIX_PATH=/home/msi/ros2_ws/src/install/my_robot_description:${AMENT_PREFIX_PATH} CMAKE_PREFIX_PATH=/home/msi/ros2_ws/src/install/my_robot_description:/home/msi/ros2_ws/install/vision_opencv:/home/msi/ros2_ws/install/orbslam3_ros2:/home/msi/ros2_ws/install/my_rtabmap_config:/home/msi/ros2_ws/install/my_robot_slam:/home/msi/ros2_ws/install/my_robot_navigation:/home/msi/ros2_ws/install/my_robot_detection:/home/msi/ros2_ws/install/my_robot_bringup:/home/msi/ros2_ws/install/my_robot_description:/home/msi/ros2_ws/install/multirobot_map_merge:/home/msi/ros2_ws/install/image_geometry:/home/msi/ros2_ws/install/explore_lite:/home/msi/ros2_ws/install/cv_bridge:/home/msi/ros2_ws/install/custom_msgs:/home/msi/ros2_ws/install/opencv_tests:/opt/ros/humble /usr/bin/cmake --install /home/msi/ros2_ws/src/build/my_robot_bringup
[0.730s] -- Install configuration: ""
[0.731s] -- Execute custom install script
[0.731s] -- Symlinking: /home/msi/ros2_ws/src/install/my_robot_bringup/share/my_robot_bringup//launch/my_robot_gazebo.launch.py
[0.740s] -- Symlinking: /home/msi/ros2_ws/src/install/my_robot_bringup/share/my_robot_bringup//launch/my_robot_gazebo.launch.xml
[0.748s] -- Symlinking: /home/msi/ros2_ws/src/install/my_robot_bringup/share/my_robot_bringup//rviz/urdf_config.rviz
[0.757s] -- Symlinking: /home/msi/ros2_ws/src/install/my_robot_bringup/share/my_robot_bringup//worlds/my_world.world
[0.766s] -- Symlinking: /home/msi/ros2_ws/src/install/my_robot_bringup/share/my_robot_bringup//worlds/world.world
[0.775s] -- Symlinking: /home/msi/ros2_ws/src/install/my_robot_bringup/share/ament_index/resource_index/package_run_dependencies/my_robot_bringup
[0.782s] -- Symlinking: /home/msi/ros2_ws/src/install/my_robot_bringup/share/ament_index/resource_index/parent_prefix_path/my_robot_bringup
[0.789s] -- Symlinking: /home/msi/ros2_ws/src/install/my_robot_bringup/share/my_robot_bringup/environment/ament_prefix_path.sh
[0.797s] -- Symlinking: /home/msi/ros2_ws/src/install/my_robot_bringup/share/my_robot_bringup/environment/ament_prefix_path.dsv
[0.806s] -- Symlinking: /home/msi/ros2_ws/src/install/my_robot_bringup/share/my_robot_bringup/environment/path.sh
[0.814s] -- Symlinking: /home/msi/ros2_ws/src/install/my_robot_bringup/share/my_robot_bringup/environment/path.dsv
[0.822s] -- Symlinking: /home/msi/ros2_ws/src/install/my_robot_bringup/share/my_robot_bringup/local_setup.bash
[0.832s] -- Symlinking: /home/msi/ros2_ws/src/install/my_robot_bringup/share/my_robot_bringup/local_setup.sh
[0.840s] -- Symlinking: /home/msi/ros2_ws/src/install/my_robot_bringup/share/my_robot_bringup/local_setup.zsh
[0.850s] -- Symlinking: /home/msi/ros2_ws/src/install/my_robot_bringup/share/my_robot_bringup/local_setup.dsv
[0.863s] -- Symlinking: /home/msi/ros2_ws/src/install/my_robot_bringup/share/my_robot_bringup/package.dsv
[0.873s] -- Symlinking: /home/msi/ros2_ws/src/install/my_robot_bringup/share/ament_index/resource_index/packages/my_robot_bringup
[0.883s] -- Symlinking: /home/msi/ros2_ws/src/install/my_robot_bringup/share/my_robot_bringup/cmake/my_robot_bringupConfig.cmake
[0.894s] -- Symlinking: /home/msi/ros2_ws/src/install/my_robot_bringup/share/my_robot_bringup/cmake/my_robot_bringupConfig-version.cmake
[0.905s] -- Symlinking: /home/msi/ros2_ws/src/install/my_robot_bringup/share/my_robot_bringup/package.xml
[0.920s] Invoked command in '/home/msi/ros2_ws/src/build/my_robot_bringup' returned '0': AMENT_PREFIX_PATH=/home/msi/ros2_ws/src/install/my_robot_description:${AMENT_PREFIX_PATH} CMAKE_PREFIX_PATH=/home/msi/ros2_ws/src/install/my_robot_description:/home/msi/ros2_ws/install/vision_opencv:/home/msi/ros2_ws/install/orbslam3_ros2:/home/msi/ros2_ws/install/my_rtabmap_config:/home/msi/ros2_ws/install/my_robot_slam:/home/msi/ros2_ws/install/my_robot_navigation:/home/msi/ros2_ws/install/my_robot_detection:/home/msi/ros2_ws/install/my_robot_bringup:/home/msi/ros2_ws/install/my_robot_description:/home/msi/ros2_ws/install/multirobot_map_merge:/home/msi/ros2_ws/install/image_geometry:/home/msi/ros2_ws/install/explore_lite:/home/msi/ros2_ws/install/cv_bridge:/home/msi/ros2_ws/install/custom_msgs:/home/msi/ros2_ws/install/opencv_tests:/opt/ros/humble /usr/bin/cmake --install /home/msi/ros2_ws/src/build/my_robot_bringup
