running develop
running egg_info
creating my_robot_detection.egg-info
writing my_robot_detection.egg-info/PKG-INFO
writing dependency_links to my_robot_detection.egg-info/dependency_links.txt
writing entry points to my_robot_detection.egg-info/entry_points.txt
writing requirements to my_robot_detection.egg-info/requires.txt
writing top-level names to my_robot_detection.egg-info/top_level.txt
writing manifest file 'my_robot_detection.egg-info/SOURCES.txt'
reading manifest file 'my_robot_detection.egg-info/SOURCES.txt'
writing manifest file 'my_robot_detection.egg-info/SOURCES.txt'
running build_ext
Creating /home/msi/ros2_ws/src/install/my_robot_detection/lib/python3.10/site-packages/my-robot-detection.egg-link (link to .)
Installing yolov8_node script to /home/msi/ros2_ws/src/install/my_robot_detection/lib/my_robot_detection

Installed /home/msi/ros2_ws/src/build/my_robot_detection
running symlink_data
creating /home/msi/ros2_ws/src/install/my_robot_detection/share/ament_index
creating /home/msi/ros2_ws/src/install/my_robot_detection/share/ament_index/resource_index
creating /home/msi/ros2_ws/src/install/my_robot_detection/share/ament_index/resource_index/packages
symbolically linking /home/msi/ros2_ws/src/build/my_robot_detection/resource/my_robot_detection -> /home/msi/ros2_ws/src/install/my_robot_detection/share/ament_index/resource_index/packages
symbolically linking /home/msi/ros2_ws/src/build/my_robot_detection/package.xml -> /home/msi/ros2_ws/src/install/my_robot_detection/share/my_robot_detection
creating /home/msi/ros2_ws/src/install/my_robot_detection/share/my_robot_detection/launch
symbolically linking /home/msi/ros2_ws/src/build/my_robot_detection/launch/integrated_navigation_launch.py -> /home/msi/ros2_ws/src/install/my_robot_detection/share/my_robot_detection/launch
symbolically linking /home/msi/ros2_ws/src/build/my_robot_detection/launch/yolov8_launch.py -> /home/msi/ros2_ws/src/install/my_robot_detection/share/my_robot_detection/launch
