[0.028s] Invoking command in '/home/msi/ros2_ws/src/build/cv_bridge': CMAKE_PREFIX_PATH=${CMAKE_PREFIX_PATH}:/home/msi/ros2_ws/install/opencv_tests:/opt/ros/humble /usr/bin/cmake --build /home/msi/ros2_ws/src/build/cv_bridge -- -j12 -l12
[0.072s] [35m[1mConsolidate compiler generated dependencies of target gtest_main[0m
[0.082s] [35m[1mConsolidate compiler generated dependencies of target gtest[0m
[0.082s] [35m[1mConsolidate compiler generated dependencies of target cv_bridge[0m
[0.101s] [ 11%] Built target gtest
[0.106s] [ 11%] Built target ament_cmake_python_symlink_cv_bridge
[0.113s] [ 22%] Built target gtest_main
[0.116s] [ 44%] Built target cv_bridge
[0.140s] [35m[1mConsolidate compiler generated dependencies of target cv_bridge_boost[0m
[0.151s] [35m[1mConsolidate compiler generated dependencies of target cv_bridge-utest[0m
[0.180s] [ 61%] Built target cv_bridge_boost
[0.185s] [100%] Built target cv_bridge-utest
[0.406s] running egg_info
[0.407s] writing cv_bridge.egg-info/PKG-INFO
[0.407s] writing dependency_links to cv_bridge.egg-info/dependency_links.txt
[0.407s] writing top-level names to cv_bridge.egg-info/top_level.txt
[0.409s] reading manifest file 'cv_bridge.egg-info/SOURCES.txt'
[0.409s] writing manifest file 'cv_bridge.egg-info/SOURCES.txt'
[0.431s] [100%] Built target ament_cmake_python_build_cv_bridge_egg
[0.440s] Invoked command in '/home/msi/ros2_ws/src/build/cv_bridge' returned '0': CMAKE_PREFIX_PATH=${CMAKE_PREFIX_PATH}:/home/msi/ros2_ws/install/opencv_tests:/opt/ros/humble /usr/bin/cmake --build /home/msi/ros2_ws/src/build/cv_bridge -- -j12 -l12
[0.442s] Invoking command in '/home/msi/ros2_ws/src/build/cv_bridge': CMAKE_PREFIX_PATH=${CMAKE_PREFIX_PATH}:/home/msi/ros2_ws/install/opencv_tests:/opt/ros/humble /usr/bin/cmake --install /home/msi/ros2_ws/src/build/cv_bridge
[0.448s] -- Install configuration: ""
[0.448s] -- Execute custom install script
[0.448s] -- Up-to-date symlink: /home/msi/ros2_ws/src/install/cv_bridge/share/cv_bridge/environment/pythonpath.sh
[0.449s] -- Up-to-date symlink: /home/msi/ros2_ws/src/install/cv_bridge/share/cv_bridge/environment/pythonpath.dsv
[0.449s] -- Up-to-date symlink: /home/msi/ros2_ws/src/install/cv_bridge/local/lib/python3.10/dist-packages/cv_bridge-4.1.0-py3.10.egg-info/PKG-INFO
[0.449s] -- Up-to-date symlink: /home/msi/ros2_ws/src/install/cv_bridge/local/lib/python3.10/dist-packages/cv_bridge-4.1.0-py3.10.egg-info/SOURCES.txt
[0.449s] -- Up-to-date symlink: /home/msi/ros2_ws/src/install/cv_bridge/local/lib/python3.10/dist-packages/cv_bridge-4.1.0-py3.10.egg-info/dependency_links.txt
[0.449s] -- Up-to-date symlink: /home/msi/ros2_ws/src/install/cv_bridge/local/lib/python3.10/dist-packages/cv_bridge-4.1.0-py3.10.egg-info/top_level.txt
[0.449s] -- Up-to-date symlink: /home/msi/ros2_ws/src/install/cv_bridge/local/lib/python3.10/dist-packages/cv_bridge/__init__.py
[0.449s] -- Up-to-date symlink: /home/msi/ros2_ws/src/install/cv_bridge/local/lib/python3.10/dist-packages/cv_bridge/core.py
[0.450s] -- Up-to-date symlink: /home/msi/ros2_ws/src/install/cv_bridge/include/cv_bridge/cv_bridge/cv_bridge_export.h
[0.450s] -- Up-to-date symlink: /home/msi/ros2_ws/src/install/cv_bridge/local/lib/python3.10/dist-packages/cv_bridge/boost//cv_bridge_boost.so
[0.450s] -- Up-to-date symlink: /home/msi/ros2_ws/src/install/cv_bridge/include/cv_bridge/cv_bridge/cv_bridge.h
[0.450s] -- Up-to-date symlink: /home/msi/ros2_ws/src/install/cv_bridge/include/cv_bridge/cv_bridge/cv_bridge.hpp
[0.450s] -- Up-to-date symlink: /home/msi/ros2_ws/src/install/cv_bridge/include/cv_bridge/cv_bridge/cv_mat_sensor_msgs_image_type_adapter.hpp
[0.450s] -- Up-to-date symlink: /home/msi/ros2_ws/src/install/cv_bridge/include/cv_bridge/cv_bridge/rgb_colors.hpp
[0.450s] -- Up-to-date symlink: /home/msi/ros2_ws/src/install/cv_bridge/include/cv_bridge/cv_bridge/visibility_control.h
[0.450s] -- Up-to-date symlink: /home/msi/ros2_ws/src/install/cv_bridge/lib/libcv_bridge.so
[0.450s] -- Up-to-date symlink: /home/msi/ros2_ws/src/install/cv_bridge/share/ament_index/resource_index/package_run_dependencies/cv_bridge
[0.450s] -- Up-to-date symlink: /home/msi/ros2_ws/src/install/cv_bridge/share/ament_index/resource_index/parent_prefix_path/cv_bridge
[0.450s] -- Up-to-date symlink: /home/msi/ros2_ws/src/install/cv_bridge/share/cv_bridge/environment/ament_prefix_path.sh
[0.451s] -- Up-to-date symlink: /home/msi/ros2_ws/src/install/cv_bridge/share/cv_bridge/environment/ament_prefix_path.dsv
[0.451s] -- Up-to-date symlink: /home/msi/ros2_ws/src/install/cv_bridge/share/cv_bridge/environment/path.sh
[0.451s] -- Up-to-date symlink: /home/msi/ros2_ws/src/install/cv_bridge/share/cv_bridge/environment/path.dsv
[0.451s] -- Up-to-date symlink: /home/msi/ros2_ws/src/install/cv_bridge/share/cv_bridge/local_setup.bash
[0.451s] -- Up-to-date symlink: /home/msi/ros2_ws/src/install/cv_bridge/share/cv_bridge/local_setup.sh
[0.451s] -- Up-to-date symlink: /home/msi/ros2_ws/src/install/cv_bridge/share/cv_bridge/local_setup.zsh
[0.451s] -- Up-to-date symlink: /home/msi/ros2_ws/src/install/cv_bridge/share/cv_bridge/local_setup.dsv
[0.451s] -- Symlinking: /home/msi/ros2_ws/src/install/cv_bridge/share/cv_bridge/package.dsv
[0.459s] -- Up-to-date symlink: /home/msi/ros2_ws/src/install/cv_bridge/share/ament_index/resource_index/packages/cv_bridge
[0.459s] -- Up-to-date symlink: /home/msi/ros2_ws/src/install/cv_bridge/share/cv_bridge/cmake/cv_bridge-extras.cmake
[0.459s] -- Up-to-date symlink: /home/msi/ros2_ws/src/install/cv_bridge/share/cv_bridge/cmake/ament_cmake_export_dependencies-extras.cmake
[0.459s] -- Up-to-date symlink: /home/msi/ros2_ws/src/install/cv_bridge/share/cv_bridge/cmake/ament_cmake_export_targets-extras.cmake
[0.459s] -- Up-to-date symlink: /home/msi/ros2_ws/src/install/cv_bridge/share/cv_bridge/cmake/cv_bridgeConfig.cmake
[0.459s] -- Up-to-date symlink: /home/msi/ros2_ws/src/install/cv_bridge/share/cv_bridge/cmake/cv_bridgeConfig-version.cmake
[0.459s] -- Up-to-date symlink: /home/msi/ros2_ws/src/install/cv_bridge/share/cv_bridge/package.xml
[0.483s] Listing '/home/msi/ros2_ws/src/install/cv_bridge/local/lib/python3.10/dist-packages/cv_bridge'...
[0.483s] Listing '/home/msi/ros2_ws/src/install/cv_bridge/local/lib/python3.10/dist-packages/cv_bridge/boost'...
[0.486s] -- Up-to-date: /home/msi/ros2_ws/src/install/cv_bridge/share/cv_bridge/cmake/export_cv_bridgeExport.cmake
[0.486s] -- Up-to-date: /home/msi/ros2_ws/src/install/cv_bridge/share/cv_bridge/cmake/export_cv_bridgeExport-noconfig.cmake
[0.488s] Invoked command in '/home/msi/ros2_ws/src/build/cv_bridge' returned '0': CMAKE_PREFIX_PATH=${CMAKE_PREFIX_PATH}:/home/msi/ros2_ws/install/opencv_tests:/opt/ros/humble /usr/bin/cmake --install /home/msi/ros2_ws/src/build/cv_bridge
