-- The C compiler identification is GNU 11.4.0
-- The CXX compiler identification is GNU 11.4.0
-- Detecting C compiler ABI info
-- Detecting C compiler ABI info - done
-- Check for working C compiler: /usr/bin/cc - skipped
-- Detecting C compile features
-- Detecting C compile features - done
-- Detecting CXX compiler ABI info
-- Detecting CXX compiler ABI info - done
-- Check for working CXX compiler: /usr/bin/c++ - skipped
-- Detecting CXX compile features
-- Detecting CXX compile features - done
-- Found ament_cmake: 1.3.11 (/opt/ros/humble/share/ament_cmake/cmake)
-- Found Python3: /usr/bin/python3 (found version "3.10.12") found components: Interpreter 
-- Override CMake install command with custom implementation using symlinks instead of copying resources
-- Found rclcpp: 16.0.12 (/opt/ros/humble/share/rclcpp/cmake)
-- Found rosidl_generator_c: 3.1.6 (/opt/ros/humble/share/rosidl_generator_c/cmake)
-- Found rosidl_adapter: 3.1.6 (/opt/ros/humble/share/rosidl_adapter/cmake)
-- Found rosidl_generator_cpp: 3.1.6 (/opt/ros/humble/share/rosidl_generator_cpp/cmake)
-- Using all available rosidl_typesupport_c: rosidl_typesupport_fastrtps_c;rosidl_typesupport_introspection_c
-- Using all available rosidl_typesupport_cpp: rosidl_typesupport_fastrtps_cpp;rosidl_typesupport_introspection_cpp
-- Found rmw_implementation_cmake: 6.1.2 (/opt/ros/humble/share/rmw_implementation_cmake/cmake)
-- Found rmw_fastrtps_cpp: 6.2.7 (/opt/ros/humble/share/rmw_fastrtps_cpp/cmake)
-- Found OpenSSL: /usr/lib/x86_64-linux-gnu/libcrypto.so (found version "3.0.2")  
-- Found FastRTPS: /opt/ros/humble/include  
-- Using RMW implementation 'rmw_fastrtps_cpp' as default
-- Looking for pthread.h
-- Looking for pthread.h - found
-- Performing Test CMAKE_HAVE_LIBC_PTHREAD
-- Performing Test CMAKE_HAVE_LIBC_PTHREAD - Success
-- Found Threads: TRUE  
-- Found sensor_msgs: 4.8.0 (/opt/ros/humble/share/sensor_msgs/cmake)
-- Found cv_bridge: 3.2.1 (/opt/ros/humble/share/cv_bridge/cmake)
-- Found message_filters: 4.3.7 (/opt/ros/humble/share/message_filters/cmake)
-- Found tf2: 0.25.12 (/opt/ros/humble/share/tf2/cmake)
-- Found tf2_ros: 0.25.12 (/opt/ros/humble/share/tf2_ros/cmake)
-- Found image_transport: 3.1.11 (/opt/ros/humble/share/image_transport/cmake)
-- Found nav_msgs: 4.8.0 (/opt/ros/humble/share/nav_msgs/cmake)
-- Found OpenGL: /usr/lib/x86_64-linux-gnu/libOpenGL.so  found components: OpenGL 
-- Found OpenCV: /usr/local (found suitable version "4.2.0", minimum required is "4.2") found components: core imgproc calib3d 
-- Checking for module 'eigen3'
--   Found eigen3, version 3.4.0
-- Found Eigen: /usr/include/eigen3 (Required is at least version "3.1") 
-- Eigen found (include: /usr/include/eigen3, version: 3.4.0)
-- Found Boost: /usr/lib/x86_64-linux-gnu/cmake/Boost-1.74.0/BoostConfig.cmake (found suitable version "1.74.0", minimum required is "1.65.0") found components: system filesystem date_time iostreams serialization 
-- Checking for module 'flann'
--   Found flann, version 1.9.1
-- Found FLANN: /usr/lib/x86_64-linux-gnu/libflann_cpp.so  
-- FLANN found (include: /usr/include, lib: /usr/lib/x86_64-linux-gnu/libflann_cpp.so)
-- Found GLEW: /usr/lib/x86_64-linux-gnu/libGLEW.so  
-- Found OpenGL: /usr/lib/x86_64-linux-gnu/libOpenGL.so  found components: OpenGL GLX 
-- Found MPI_C: /usr/lib/x86_64-linux-gnu/libmpi.so (found version "3.1") 
-- Found MPI: TRUE (found version "3.1") found components: C 
-- Found JsonCpp: /usr/lib/x86_64-linux-gnu/libjsoncpp.so (found suitable version "1.9.5", minimum required is "0.7.0") 
-- Found ZLIB: /usr/lib/x86_64-linux-gnu/libz.so (found version "1.2.11") 
-- Found PNG: /usr/lib/x86_64-linux-gnu/libpng.so (found version "1.6.37") 
-- Found Eigen3: /usr/include/eigen3 (found version "3.4.0") 
-- Found X11: /usr/include   
-- Looking for XOpenDisplay in /usr/lib/x86_64-linux-gnu/libX11.so;/usr/lib/x86_64-linux-gnu/libXext.so
-- Looking for XOpenDisplay in /usr/lib/x86_64-linux-gnu/libX11.so;/usr/lib/x86_64-linux-gnu/libXext.so - found
-- Looking for gethostbyname
-- Looking for gethostbyname - found
-- Looking for connect
-- Looking for connect - found
-- Looking for remove
-- Looking for remove - found
-- Looking for shmat
-- Looking for shmat - found
-- Looking for IceConnectionNumber in ICE
-- Looking for IceConnectionNumber in ICE - found
-- Found EXPAT: /usr/lib/x86_64-linux-gnu/libexpat.so (found version "2.4.7") 
-- Found double-conversion: /usr/lib/x86_64-linux-gnu/libdouble-conversion.so  
-- Found LZ4: /usr/lib/x86_64-linux-gnu/liblz4.so (found version "1.9.3") 
-- Found LZMA: /usr/lib/x86_64-linux-gnu/liblzma.so (found version "5.2.5") 
-- Found JPEG: /usr/lib/x86_64-linux-gnu/libjpeg.so (found version "80") 
-- Found TIFF: /usr/lib/x86_64-linux-gnu/libtiff.so (found version "4.3.0")  
-- Found Freetype: /usr/lib/x86_64-linux-gnu/libfreetype.so (found version "2.11.1") 
-- Found utf8cpp: /usr/include/utf8cpp  
-- Checking for module 'libusb-1.0'
--   Found libusb-1.0, version 1.0.25
-- Found libusb: /usr/lib/x86_64-linux-gnu/libusb-1.0.so  
-- Found OpenNI: /usr/lib/libOpenNI.so;libusb::libusb (found version "1.5.4.0") 
-- OpenNI found (version: 1.5.4.0, include: /usr/include/ni, lib: /usr/lib/libOpenNI.so;libusb::libusb)
-- Found OpenNI2: /usr/lib/x86_64-linux-gnu/libOpenNI2.so;libusb::libusb (found version "2.2.0.33") 
-- OpenNI2 found (version: 2.2.0.33, include: /usr/include/openni2, lib: /usr/lib/x86_64-linux-gnu/libOpenNI2.so;libusb::libusb)
-- Eigen found (include: /usr/include/eigen3, version: 3.4.0)
-- OpenNI found (version: 1.5.4.0, include: /usr/include/ni, lib: /usr/lib/libOpenNI.so;libusb::libusb)
-- OpenNI2 found (version: 2.2.0.33, include: /usr/include/openni2, lib: /usr/lib/x86_64-linux-gnu/libOpenNI2.so;libusb::libusb)
-- Found Qhull version 8.0.2
-- OpenNI found (version: 1.5.4.0, include: /usr/include/ni, lib: /usr/lib/libOpenNI.so;libusb::libusb)
-- looking for PCL_COMMON
-- Found PCL_COMMON: /usr/lib/x86_64-linux-gnu/libpcl_common.so  
-- looking for PCL_KDTREE
-- Found PCL_KDTREE: /usr/lib/x86_64-linux-gnu/libpcl_kdtree.so  
-- looking for PCL_OCTREE
-- Found PCL_OCTREE: /usr/lib/x86_64-linux-gnu/libpcl_octree.so  
-- looking for PCL_SEARCH
-- Found PCL_SEARCH: /usr/lib/x86_64-linux-gnu/libpcl_search.so  
-- looking for PCL_SAMPLE_CONSENSUS
-- Found PCL_SAMPLE_CONSENSUS: /usr/lib/x86_64-linux-gnu/libpcl_sample_consensus.so  
-- looking for PCL_FILTERS
-- Found PCL_FILTERS: /usr/lib/x86_64-linux-gnu/libpcl_filters.so  
-- looking for PCL_2D
-- Found PCL_2D: /usr/include/pcl-1.12  
-- looking for PCL_GEOMETRY
-- Found PCL_GEOMETRY: /usr/include/pcl-1.12  
-- looking for PCL_IO
-- Found PCL_IO: /usr/lib/x86_64-linux-gnu/libpcl_io.so  
-- looking for PCL_FEATURES
-- Found PCL_FEATURES: /usr/lib/x86_64-linux-gnu/libpcl_features.so  
-- looking for PCL_ML
-- Found PCL_ML: /usr/lib/x86_64-linux-gnu/libpcl_ml.so  
-- looking for PCL_SEGMENTATION
-- Found PCL_SEGMENTATION: /usr/lib/x86_64-linux-gnu/libpcl_segmentation.so  
-- looking for PCL_VISUALIZATION
-- Found PCL_VISUALIZATION: /usr/lib/x86_64-linux-gnu/libpcl_visualization.so  
-- looking for PCL_SURFACE
-- Found PCL_SURFACE: /usr/lib/x86_64-linux-gnu/libpcl_surface.so  
-- looking for PCL_REGISTRATION
-- Found PCL_REGISTRATION: /usr/lib/x86_64-linux-gnu/libpcl_registration.so  
-- looking for PCL_KEYPOINTS
-- Found PCL_KEYPOINTS: /usr/lib/x86_64-linux-gnu/libpcl_keypoints.so  
-- looking for PCL_TRACKING
-- Found PCL_TRACKING: /usr/lib/x86_64-linux-gnu/libpcl_tracking.so  
-- looking for PCL_RECOGNITION
-- Found PCL_RECOGNITION: /usr/lib/x86_64-linux-gnu/libpcl_recognition.so  
-- looking for PCL_STEREO
-- Found PCL_STEREO: /usr/lib/x86_64-linux-gnu/libpcl_stereo.so  
-- looking for PCL_APPS
-- Found PCL_APPS: /usr/lib/x86_64-linux-gnu/libpcl_apps.so  
-- looking for PCL_IN_HAND_SCANNER
-- Found PCL_IN_HAND_SCANNER: /usr/include/pcl-1.12  
-- looking for PCL_MODELER
-- Found PCL_MODELER: /usr/include/pcl-1.12  
-- looking for PCL_POINT_CLOUD_EDITOR
-- Found PCL_POINT_CLOUD_EDITOR: /usr/include/pcl-1.12  
-- looking for PCL_OUTOFCORE
-- Found PCL_OUTOFCORE: /usr/lib/x86_64-linux-gnu/libpcl_outofcore.so  
-- looking for PCL_PEOPLE
-- Found PCL_PEOPLE: /usr/lib/x86_64-linux-gnu/libpcl_people.so  
-- Found PCL: pcl_common;pcl_kdtree;pcl_octree;pcl_search;pcl_sample_consensus;pcl_filters;pcl_io;pcl_features;pcl_ml;pcl_segmentation;pcl_visualization;pcl_surface;pcl_registration;pcl_keypoints;pcl_tracking;pcl_recognition;pcl_stereo;pcl_apps;pcl_outofcore;pcl_people;Boost::system;Boost::filesystem;Boost::date_time;Boost::iostreams;Boost::serialization;/usr/lib/libOpenNI.so;libusb::libusb;/usr/lib/x86_64-linux-gnu/libOpenNI2.so;libusb::libusb;VTK::ChartsCore;VTK::CommonColor;VTK::CommonComputationalGeometry;VTK::CommonCore;VTK::CommonDataModel;VTK::CommonExecutionModel;VTK::CommonMath;VTK::CommonMisc;VTK::CommonTransforms;VTK::FiltersCore;VTK::FiltersExtraction;VTK::FiltersGeneral;VTK::FiltersGeometry;VTK::FiltersModeling;VTK::FiltersSources;VTK::ImagingCore;VTK::ImagingSources;VTK::InteractionImage;VTK::InteractionStyle;VTK::InteractionWidgets;VTK::IOCore;VTK::IOGeometry;VTK::IOImage;VTK::IOLegacy;VTK::IOPLY;VTK::RenderingAnnotation;VTK::RenderingCore;VTK::RenderingContext2D;VTK::RenderingLOD;VTK::RenderingFreeType;VTK::ViewsCore;VTK::ViewsContext2D;VTK::RenderingOpenGL2;VTK::GUISupportQt;FLANN::FLANN;QHULL::QHULL  
-- Found pcl_conversions: 2.4.5 (/opt/ros/humble/share/pcl_conversions/cmake)
-- Configuring done
-- Generating done
-- Build files have been written to: /home/msi/ros2_ws/src/build/orbslam3_ros2
[ 66%] [32mBuilding CXX object CMakeFiles/stereo_node.dir/src/stereo/stereo-slam-node.cpp.o[0m
[ 66%] [32mBuilding CXX object CMakeFiles/stereo_node.dir/src/stereo/stereo.cpp.o[0m
[100%] [32m[1mLinking CXX executable stereo_node[0m
[100%] Built target stereo_node
-- Install configuration: ""
-- Execute custom install script
-- Symlinking: /home/msi/ros2_ws/src/install/orbslam3_ros2/lib/orbslam3_ros2/stereo_node
-- Symlinking: /home/msi/ros2_ws/src/install/orbslam3_ros2/share/orbslam3_ros2/launch/launch.py
-- Symlinking: /home/msi/ros2_ws/src/install/orbslam3_ros2/share/orbslam3_ros2/launch/stereo.launch.py
-- Symlinking: /home/msi/ros2_ws/src/install/orbslam3_ros2/share/orbslam3_ros2/config/monocular-inertial/EuRoC.yaml
-- Symlinking: /home/msi/ros2_ws/src/install/orbslam3_ros2/share/orbslam3_ros2/config/monocular-inertial/EuRoC_IMU/MH01.txt
-- Symlinking: /home/msi/ros2_ws/src/install/orbslam3_ros2/share/orbslam3_ros2/config/monocular-inertial/EuRoC_IMU/MH02.txt
-- Symlinking: /home/msi/ros2_ws/src/install/orbslam3_ros2/share/orbslam3_ros2/config/monocular-inertial/EuRoC_IMU/MH03.txt
-- Symlinking: /home/msi/ros2_ws/src/install/orbslam3_ros2/share/orbslam3_ros2/config/monocular-inertial/EuRoC_IMU/MH04.txt
-- Symlinking: /home/msi/ros2_ws/src/install/orbslam3_ros2/share/orbslam3_ros2/config/monocular-inertial/EuRoC_IMU/MH05.txt
-- Symlinking: /home/msi/ros2_ws/src/install/orbslam3_ros2/share/orbslam3_ros2/config/monocular-inertial/EuRoC_IMU/V101.txt
-- Symlinking: /home/msi/ros2_ws/src/install/orbslam3_ros2/share/orbslam3_ros2/config/monocular-inertial/EuRoC_IMU/V102.txt
-- Symlinking: /home/msi/ros2_ws/src/install/orbslam3_ros2/share/orbslam3_ros2/config/monocular-inertial/EuRoC_IMU/V103.txt
-- Symlinking: /home/msi/ros2_ws/src/install/orbslam3_ros2/share/orbslam3_ros2/config/monocular-inertial/EuRoC_IMU/V201.txt
-- Symlinking: /home/msi/ros2_ws/src/install/orbslam3_ros2/share/orbslam3_ros2/config/monocular-inertial/EuRoC_IMU/V202.txt
-- Symlinking: /home/msi/ros2_ws/src/install/orbslam3_ros2/share/orbslam3_ros2/config/monocular-inertial/EuRoC_IMU/V203.txt
-- Symlinking: /home/msi/ros2_ws/src/install/orbslam3_ros2/share/orbslam3_ros2/config/monocular-inertial/EuRoC_TimeStamps/MH01.txt
-- Symlinking: /home/msi/ros2_ws/src/install/orbslam3_ros2/share/orbslam3_ros2/config/monocular-inertial/EuRoC_TimeStamps/MH02.txt
-- Symlinking: /home/msi/ros2_ws/src/install/orbslam3_ros2/share/orbslam3_ros2/config/monocular-inertial/EuRoC_TimeStamps/MH03.txt
-- Symlinking: /home/msi/ros2_ws/src/install/orbslam3_ros2/share/orbslam3_ros2/config/monocular-inertial/EuRoC_TimeStamps/MH04.txt
-- Symlinking: /home/msi/ros2_ws/src/install/orbslam3_ros2/share/orbslam3_ros2/config/monocular-inertial/EuRoC_TimeStamps/MH05.txt
-- Symlinking: /home/msi/ros2_ws/src/install/orbslam3_ros2/share/orbslam3_ros2/config/monocular-inertial/EuRoC_TimeStamps/V101.txt
-- Symlinking: /home/msi/ros2_ws/src/install/orbslam3_ros2/share/orbslam3_ros2/config/monocular-inertial/EuRoC_TimeStamps/V102.txt
-- Symlinking: /home/msi/ros2_ws/src/install/orbslam3_ros2/share/orbslam3_ros2/config/monocular-inertial/EuRoC_TimeStamps/V103.txt
-- Symlinking: /home/msi/ros2_ws/src/install/orbslam3_ros2/share/orbslam3_ros2/config/monocular-inertial/EuRoC_TimeStamps/V201.txt
-- Symlinking: /home/msi/ros2_ws/src/install/orbslam3_ros2/share/orbslam3_ros2/config/monocular-inertial/EuRoC_TimeStamps/V202.txt
-- Symlinking: /home/msi/ros2_ws/src/install/orbslam3_ros2/share/orbslam3_ros2/config/monocular-inertial/EuRoC_TimeStamps/V203.txt
-- Symlinking: /home/msi/ros2_ws/src/install/orbslam3_ros2/share/orbslam3_ros2/config/monocular-inertial/MultiSession/EuRoC_MH01.yaml
-- Symlinking: /home/msi/ros2_ws/src/install/orbslam3_ros2/share/orbslam3_ros2/config/monocular-inertial/MultiSession/EuRoC_MH02.yaml
-- Symlinking: /home/msi/ros2_ws/src/install/orbslam3_ros2/share/orbslam3_ros2/config/monocular-inertial/MultiSession/EuRoC_MH03.yaml
-- Symlinking: /home/msi/ros2_ws/src/install/orbslam3_ros2/share/orbslam3_ros2/config/monocular-inertial/MultiSession/EuRoC_MH04.yaml
-- Symlinking: /home/msi/ros2_ws/src/install/orbslam3_ros2/share/orbslam3_ros2/config/monocular-inertial/MultiSession/EuRoC_MH05.yaml
-- Symlinking: /home/msi/ros2_ws/src/install/orbslam3_ros2/share/orbslam3_ros2/config/monocular-inertial/MultiSession/EuRoC_V101.yaml
-- Symlinking: /home/msi/ros2_ws/src/install/orbslam3_ros2/share/orbslam3_ros2/config/monocular-inertial/MultiSession/EuRoC_V102.yaml
-- Symlinking: /home/msi/ros2_ws/src/install/orbslam3_ros2/share/orbslam3_ros2/config/monocular-inertial/MultiSession/EuRoC_V103.yaml
-- Symlinking: /home/msi/ros2_ws/src/install/orbslam3_ros2/share/orbslam3_ros2/config/monocular-inertial/MultiSession/EuRoC_V201.yaml
-- Symlinking: /home/msi/ros2_ws/src/install/orbslam3_ros2/share/orbslam3_ros2/config/monocular-inertial/MultiSession/EuRoC_V202.yaml
-- Symlinking: /home/msi/ros2_ws/src/install/orbslam3_ros2/share/orbslam3_ros2/config/monocular-inertial/MultiSession/EuRoC_V203.yaml
-- Symlinking: /home/msi/ros2_ws/src/install/orbslam3_ros2/share/orbslam3_ros2/config/monocular-inertial/RealSense_D435i.yaml
-- Symlinking: /home/msi/ros2_ws/src/install/orbslam3_ros2/share/orbslam3_ros2/config/monocular-inertial/RealSense_T265.yaml
-- Symlinking: /home/msi/ros2_ws/src/install/orbslam3_ros2/share/orbslam3_ros2/config/monocular-inertial/TUM-VI.yaml
-- Symlinking: /home/msi/ros2_ws/src/install/orbslam3_ros2/share/orbslam3_ros2/config/monocular-inertial/TUM-VI_far.yaml
-- Symlinking: /home/msi/ros2_ws/src/install/orbslam3_ros2/share/orbslam3_ros2/config/monocular-inertial/TUM_IMU/dataset-corridor1_512.txt
-- Symlinking: /home/msi/ros2_ws/src/install/orbslam3_ros2/share/orbslam3_ros2/config/monocular-inertial/TUM_IMU/dataset-corridor2_1024.txt
-- Symlinking: /home/msi/ros2_ws/src/install/orbslam3_ros2/share/orbslam3_ros2/config/monocular-inertial/TUM_IMU/dataset-corridor2_512.txt
-- Symlinking: /home/msi/ros2_ws/src/install/orbslam3_ros2/share/orbslam3_ros2/config/monocular-inertial/TUM_IMU/dataset-corridor3_512.txt
-- Symlinking: /home/msi/ros2_ws/src/install/orbslam3_ros2/share/orbslam3_ros2/config/monocular-inertial/TUM_IMU/dataset-corridor4_512.txt
-- Symlinking: /home/msi/ros2_ws/src/install/orbslam3_ros2/share/orbslam3_ros2/config/monocular-inertial/TUM_IMU/dataset-corridor5_512.txt
-- Symlinking: /home/msi/ros2_ws/src/install/orbslam3_ros2/share/orbslam3_ros2/config/monocular-inertial/TUM_IMU/dataset-magistrale1_512.txt
-- Symlinking: /home/msi/ros2_ws/src/install/orbslam3_ros2/share/orbslam3_ros2/config/monocular-inertial/TUM_IMU/dataset-magistrale2_512.txt
-- Symlinking: /home/msi/ros2_ws/src/install/orbslam3_ros2/share/orbslam3_ros2/config/monocular-inertial/TUM_IMU/dataset-magistrale3_512.txt
-- Symlinking: /home/msi/ros2_ws/src/install/orbslam3_ros2/share/orbslam3_ros2/config/monocular-inertial/TUM_IMU/dataset-magistrale4_512.txt
-- Symlinking: /home/msi/ros2_ws/src/install/orbslam3_ros2/share/orbslam3_ros2/config/monocular-inertial/TUM_IMU/dataset-magistrale5_512.txt
-- Symlinking: /home/msi/ros2_ws/src/install/orbslam3_ros2/share/orbslam3_ros2/config/monocular-inertial/TUM_IMU/dataset-magistrale6_512.txt
-- Symlinking: /home/msi/ros2_ws/src/install/orbslam3_ros2/share/orbslam3_ros2/config/monocular-inertial/TUM_IMU/dataset-outdoors1_512.txt
-- Symlinking: /home/msi/ros2_ws/src/install/orbslam3_ros2/share/orbslam3_ros2/config/monocular-inertial/TUM_IMU/dataset-outdoors2_512.txt
-- Symlinking: /home/msi/ros2_ws/src/install/orbslam3_ros2/share/orbslam3_ros2/config/monocular-inertial/TUM_IMU/dataset-outdoors3_512.txt
-- Symlinking: /home/msi/ros2_ws/src/install/orbslam3_ros2/share/orbslam3_ros2/config/monocular-inertial/TUM_IMU/dataset-outdoors4_512.txt
-- Symlinking: /home/msi/ros2_ws/src/install/orbslam3_ros2/share/orbslam3_ros2/config/monocular-inertial/TUM_IMU/dataset-outdoors5_512.txt
-- Symlinking: /home/msi/ros2_ws/src/install/orbslam3_ros2/share/orbslam3_ros2/config/monocular-inertial/TUM_IMU/dataset-outdoors6_512.txt
-- Symlinking: /home/msi/ros2_ws/src/install/orbslam3_ros2/share/orbslam3_ros2/config/monocular-inertial/TUM_IMU/dataset-outdoors7_512.txt
-- Symlinking: /home/msi/ros2_ws/src/install/orbslam3_ros2/share/orbslam3_ros2/config/monocular-inertial/TUM_IMU/dataset-outdoors8_512.txt
-- Symlinking: /home/msi/ros2_ws/src/install/orbslam3_ros2/share/orbslam3_ros2/config/monocular-inertial/TUM_IMU/dataset-room1_512.txt
-- Symlinking: /home/msi/ros2_ws/src/install/orbslam3_ros2/share/orbslam3_ros2/config/monocular-inertial/TUM_IMU/dataset-room2_512.txt
-- Symlinking: /home/msi/ros2_ws/src/install/orbslam3_ros2/share/orbslam3_ros2/config/monocular-inertial/TUM_IMU/dataset-room3_512.txt
-- Symlinking: /home/msi/ros2_ws/src/install/orbslam3_ros2/share/orbslam3_ros2/config/monocular-inertial/TUM_IMU/dataset-room4_512.txt
-- Symlinking: /home/msi/ros2_ws/src/install/orbslam3_ros2/share/orbslam3_ros2/config/monocular-inertial/TUM_IMU/dataset-room5_512.txt
-- Symlinking: /home/msi/ros2_ws/src/install/orbslam3_ros2/share/orbslam3_ros2/config/monocular-inertial/TUM_IMU/dataset-room6_512.txt
-- Symlinking: /home/msi/ros2_ws/src/install/orbslam3_ros2/share/orbslam3_ros2/config/monocular-inertial/TUM_IMU/dataset-slides1_512.txt
-- Symlinking: /home/msi/ros2_ws/src/install/orbslam3_ros2/share/orbslam3_ros2/config/monocular-inertial/TUM_IMU/dataset-slides2_512.txt
-- Symlinking: /home/msi/ros2_ws/src/install/orbslam3_ros2/share/orbslam3_ros2/config/monocular-inertial/TUM_IMU/dataset-slides3_512.txt
-- Symlinking: /home/msi/ros2_ws/src/install/orbslam3_ros2/share/orbslam3_ros2/config/monocular-inertial/TUM_TimeStamps/dataset-corridor1_512.txt
-- Symlinking: /home/msi/ros2_ws/src/install/orbslam3_ros2/share/orbslam3_ros2/config/monocular-inertial/TUM_TimeStamps/dataset-corridor2_1024.txt
-- Symlinking: /home/msi/ros2_ws/src/install/orbslam3_ros2/share/orbslam3_ros2/config/monocular-inertial/TUM_TimeStamps/dataset-corridor2_512.txt
-- Symlinking: /home/msi/ros2_ws/src/install/orbslam3_ros2/share/orbslam3_ros2/config/monocular-inertial/TUM_TimeStamps/dataset-corridor3_512.txt
-- Symlinking: /home/msi/ros2_ws/src/install/orbslam3_ros2/share/orbslam3_ros2/config/monocular-inertial/TUM_TimeStamps/dataset-corridor4_512.txt
-- Symlinking: /home/msi/ros2_ws/src/install/orbslam3_ros2/share/orbslam3_ros2/config/monocular-inertial/TUM_TimeStamps/dataset-corridor5_512.txt
-- Symlinking: /home/msi/ros2_ws/src/install/orbslam3_ros2/share/orbslam3_ros2/config/monocular-inertial/TUM_TimeStamps/dataset-magistrale1_512.txt
-- Symlinking: /home/msi/ros2_ws/src/install/orbslam3_ros2/share/orbslam3_ros2/config/monocular-inertial/TUM_TimeStamps/dataset-magistrale2_512.txt
-- Symlinking: /home/msi/ros2_ws/src/install/orbslam3_ros2/share/orbslam3_ros2/config/monocular-inertial/TUM_TimeStamps/dataset-magistrale3_512.txt
-- Symlinking: /home/msi/ros2_ws/src/install/orbslam3_ros2/share/orbslam3_ros2/config/monocular-inertial/TUM_TimeStamps/dataset-magistrale4_512.txt
-- Symlinking: /home/msi/ros2_ws/src/install/orbslam3_ros2/share/orbslam3_ros2/config/monocular-inertial/TUM_TimeStamps/dataset-magistrale5_512.txt
-- Symlinking: /home/msi/ros2_ws/src/install/orbslam3_ros2/share/orbslam3_ros2/config/monocular-inertial/TUM_TimeStamps/dataset-magistrale6_512.txt
-- Symlinking: /home/msi/ros2_ws/src/install/orbslam3_ros2/share/orbslam3_ros2/config/monocular-inertial/TUM_TimeStamps/dataset-outdoors1_512.txt
-- Symlinking: /home/msi/ros2_ws/src/install/orbslam3_ros2/share/orbslam3_ros2/config/monocular-inertial/TUM_TimeStamps/dataset-outdoors2_512.txt
-- Symlinking: /home/msi/ros2_ws/src/install/orbslam3_ros2/share/orbslam3_ros2/config/monocular-inertial/TUM_TimeStamps/dataset-outdoors3_512.txt
-- Symlinking: /home/msi/ros2_ws/src/install/orbslam3_ros2/share/orbslam3_ros2/config/monocular-inertial/TUM_TimeStamps/dataset-outdoors4_512.txt
-- Symlinking: /home/msi/ros2_ws/src/install/orbslam3_ros2/share/orbslam3_ros2/config/monocular-inertial/TUM_TimeStamps/dataset-outdoors5_512.txt
-- Symlinking: /home/msi/ros2_ws/src/install/orbslam3_ros2/share/orbslam3_ros2/config/monocular-inertial/TUM_TimeStamps/dataset-outdoors6_512.txt
-- Symlinking: /home/msi/ros2_ws/src/install/orbslam3_ros2/share/orbslam3_ros2/config/monocular-inertial/TUM_TimeStamps/dataset-outdoors7_512.txt
-- Symlinking: /home/msi/ros2_ws/src/install/orbslam3_ros2/share/orbslam3_ros2/config/monocular-inertial/TUM_TimeStamps/dataset-outdoors8_512.txt
-- Symlinking: /home/msi/ros2_ws/src/install/orbslam3_ros2/share/orbslam3_ros2/config/monocular-inertial/TUM_TimeStamps/dataset-room1_512.txt
-- Symlinking: /home/msi/ros2_ws/src/install/orbslam3_ros2/share/orbslam3_ros2/config/monocular-inertial/TUM_TimeStamps/dataset-room2_512.txt
-- Symlinking: /home/msi/ros2_ws/src/install/orbslam3_ros2/share/orbslam3_ros2/config/monocular-inertial/TUM_TimeStamps/dataset-room3_512.txt
-- Symlinking: /home/msi/ros2_ws/src/install/orbslam3_ros2/share/orbslam3_ros2/config/monocular-inertial/TUM_TimeStamps/dataset-room4_512.txt
-- Symlinking: /home/msi/ros2_ws/src/install/orbslam3_ros2/share/orbslam3_ros2/config/monocular-inertial/TUM_TimeStamps/dataset-room5_512.txt
-- Symlinking: /home/msi/ros2_ws/src/install/orbslam3_ros2/share/orbslam3_ros2/config/monocular-inertial/TUM_TimeStamps/dataset-room6_512.txt
-- Symlinking: /home/msi/ros2_ws/src/install/orbslam3_ros2/share/orbslam3_ros2/config/monocular-inertial/TUM_TimeStamps/dataset-slides1_512.txt
-- Symlinking: /home/msi/ros2_ws/src/install/orbslam3_ros2/share/orbslam3_ros2/config/monocular-inertial/TUM_TimeStamps/dataset-slides2_512.txt
-- Symlinking: /home/msi/ros2_ws/src/install/orbslam3_ros2/share/orbslam3_ros2/config/monocular-inertial/TUM_TimeStamps/dataset-slides3_512.txt
-- Symlinking: /home/msi/ros2_ws/src/install/orbslam3_ros2/share/orbslam3_ros2/config/monocular/EuRoC.yaml
-- Symlinking: /home/msi/ros2_ws/src/install/orbslam3_ros2/share/orbslam3_ros2/config/monocular/EuRoC_TimeStamps/MH01.txt
-- Symlinking: /home/msi/ros2_ws/src/install/orbslam3_ros2/share/orbslam3_ros2/config/monocular/EuRoC_TimeStamps/MH02.txt
-- Symlinking: /home/msi/ros2_ws/src/install/orbslam3_ros2/share/orbslam3_ros2/config/monocular/EuRoC_TimeStamps/MH03.txt
-- Symlinking: /home/msi/ros2_ws/src/install/orbslam3_ros2/share/orbslam3_ros2/config/monocular/EuRoC_TimeStamps/MH04.txt
-- Symlinking: /home/msi/ros2_ws/src/install/orbslam3_ros2/share/orbslam3_ros2/config/monocular/EuRoC_TimeStamps/MH05.txt
-- Symlinking: /home/msi/ros2_ws/src/install/orbslam3_ros2/share/orbslam3_ros2/config/monocular/EuRoC_TimeStamps/V101.txt
-- Symlinking: /home/msi/ros2_ws/src/install/orbslam3_ros2/share/orbslam3_ros2/config/monocular/EuRoC_TimeStamps/V102.txt
-- Symlinking: /home/msi/ros2_ws/src/install/orbslam3_ros2/share/orbslam3_ros2/config/monocular/EuRoC_TimeStamps/V103.txt
-- Symlinking: /home/msi/ros2_ws/src/install/orbslam3_ros2/share/orbslam3_ros2/config/monocular/EuRoC_TimeStamps/V201.txt
-- Symlinking: /home/msi/ros2_ws/src/install/orbslam3_ros2/share/orbslam3_ros2/config/monocular/EuRoC_TimeStamps/V202.txt
-- Symlinking: /home/msi/ros2_ws/src/install/orbslam3_ros2/share/orbslam3_ros2/config/monocular/EuRoC_TimeStamps/V203.txt
-- Symlinking: /home/msi/ros2_ws/src/install/orbslam3_ros2/share/orbslam3_ros2/config/monocular/KITTI00-02.yaml
-- Symlinking: /home/msi/ros2_ws/src/install/orbslam3_ros2/share/orbslam3_ros2/config/monocular/KITTI03.yaml
-- Symlinking: /home/msi/ros2_ws/src/install/orbslam3_ros2/share/orbslam3_ros2/config/monocular/KITTI04-12.yaml
-- Symlinking: /home/msi/ros2_ws/src/install/orbslam3_ros2/share/orbslam3_ros2/config/monocular/MultiSession/EuRoC_MH01.yaml
-- Symlinking: /home/msi/ros2_ws/src/install/orbslam3_ros2/share/orbslam3_ros2/config/monocular/MultiSession/EuRoC_MH02.yaml
-- Symlinking: /home/msi/ros2_ws/src/install/orbslam3_ros2/share/orbslam3_ros2/config/monocular/MultiSession/EuRoC_MH03.yaml
-- Symlinking: /home/msi/ros2_ws/src/install/orbslam3_ros2/share/orbslam3_ros2/config/monocular/MultiSession/EuRoC_MH04.yaml
-- Symlinking: /home/msi/ros2_ws/src/install/orbslam3_ros2/share/orbslam3_ros2/config/monocular/MultiSession/EuRoC_MH05.yaml
-- Symlinking: /home/msi/ros2_ws/src/install/orbslam3_ros2/share/orbslam3_ros2/config/monocular/MultiSession/EuRoC_V101.yaml
-- Symlinking: /home/msi/ros2_ws/src/install/orbslam3_ros2/share/orbslam3_ros2/config/monocular/MultiSession/EuRoC_V102.yaml
-- Symlinking: /home/msi/ros2_ws/src/install/orbslam3_ros2/share/orbslam3_ros2/config/monocular/MultiSession/EuRoC_V103.yaml
-- Symlinking: /home/msi/ros2_ws/src/install/orbslam3_ros2/share/orbslam3_ros2/config/monocular/MultiSession/EuRoC_V201.yaml
-- Symlinking: /home/msi/ros2_ws/src/install/orbslam3_ros2/share/orbslam3_ros2/config/monocular/MultiSession/EuRoC_V202.yaml
-- Symlinking: /home/msi/ros2_ws/src/install/orbslam3_ros2/share/orbslam3_ros2/config/monocular/MultiSession/EuRoC_V203.yaml
-- Symlinking: /home/msi/ros2_ws/src/install/orbslam3_ros2/share/orbslam3_ros2/config/monocular/RealSense_D435i.yaml
-- Symlinking: /home/msi/ros2_ws/src/install/orbslam3_ros2/share/orbslam3_ros2/config/monocular/RealSense_T265.yaml
-- Symlinking: /home/msi/ros2_ws/src/install/orbslam3_ros2/share/orbslam3_ros2/config/monocular/TUM-VI.yaml
-- Symlinking: /home/msi/ros2_ws/src/install/orbslam3_ros2/share/orbslam3_ros2/config/monocular/TUM1.yaml
-- Symlinking: /home/msi/ros2_ws/src/install/orbslam3_ros2/share/orbslam3_ros2/config/monocular/TUM2.yaml
-- Symlinking: /home/msi/ros2_ws/src/install/orbslam3_ros2/share/orbslam3_ros2/config/monocular/TUM3.yaml
-- Symlinking: /home/msi/ros2_ws/src/install/orbslam3_ros2/share/orbslam3_ros2/config/monocular/TUM_TimeStamps/dataset-corridor1_512.txt
-- Symlinking: /home/msi/ros2_ws/src/install/orbslam3_ros2/share/orbslam3_ros2/config/monocular/TUM_TimeStamps/dataset-corridor2_1024.txt
-- Symlinking: /home/msi/ros2_ws/src/install/orbslam3_ros2/share/orbslam3_ros2/config/monocular/TUM_TimeStamps/dataset-corridor2_512.txt
-- Symlinking: /home/msi/ros2_ws/src/install/orbslam3_ros2/share/orbslam3_ros2/config/monocular/TUM_TimeStamps/dataset-corridor3_512.txt
-- Symlinking: /home/msi/ros2_ws/src/install/orbslam3_ros2/share/orbslam3_ros2/config/monocular/TUM_TimeStamps/dataset-corridor4_512.txt
-- Symlinking: /home/msi/ros2_ws/src/install/orbslam3_ros2/share/orbslam3_ros2/config/monocular/TUM_TimeStamps/dataset-corridor5_512.txt
-- Symlinking: /home/msi/ros2_ws/src/install/orbslam3_ros2/share/orbslam3_ros2/config/monocular/TUM_TimeStamps/dataset-magistrale1_512.txt
-- Symlinking: /home/msi/ros2_ws/src/install/orbslam3_ros2/share/orbslam3_ros2/config/monocular/TUM_TimeStamps/dataset-magistrale2_512.txt
-- Symlinking: /home/msi/ros2_ws/src/install/orbslam3_ros2/share/orbslam3_ros2/config/monocular/TUM_TimeStamps/dataset-magistrale3_512.txt
-- Symlinking: /home/msi/ros2_ws/src/install/orbslam3_ros2/share/orbslam3_ros2/config/monocular/TUM_TimeStamps/dataset-magistrale4_512.txt
-- Symlinking: /home/msi/ros2_ws/src/install/orbslam3_ros2/share/orbslam3_ros2/config/monocular/TUM_TimeStamps/dataset-magistrale5_512.txt
-- Symlinking: /home/msi/ros2_ws/src/install/orbslam3_ros2/share/orbslam3_ros2/config/monocular/TUM_TimeStamps/dataset-magistrale6_512.txt
-- Symlinking: /home/msi/ros2_ws/src/install/orbslam3_ros2/share/orbslam3_ros2/config/monocular/TUM_TimeStamps/dataset-outdoors1_512.txt
-- Symlinking: /home/msi/ros2_ws/src/install/orbslam3_ros2/share/orbslam3_ros2/config/monocular/TUM_TimeStamps/dataset-outdoors2_512.txt
-- Symlinking: /home/msi/ros2_ws/src/install/orbslam3_ros2/share/orbslam3_ros2/config/monocular/TUM_TimeStamps/dataset-outdoors3_512.txt
-- Symlinking: /home/msi/ros2_ws/src/install/orbslam3_ros2/share/orbslam3_ros2/config/monocular/TUM_TimeStamps/dataset-outdoors4_512.txt
-- Symlinking: /home/msi/ros2_ws/src/install/orbslam3_ros2/share/orbslam3_ros2/config/monocular/TUM_TimeStamps/dataset-outdoors5_512.txt
-- Symlinking: /home/msi/ros2_ws/src/install/orbslam3_ros2/share/orbslam3_ros2/config/monocular/TUM_TimeStamps/dataset-outdoors6_512.txt
-- Symlinking: /home/msi/ros2_ws/src/install/orbslam3_ros2/share/orbslam3_ros2/config/monocular/TUM_TimeStamps/dataset-outdoors7_512.txt
-- Symlinking: /home/msi/ros2_ws/src/install/orbslam3_ros2/share/orbslam3_ros2/config/monocular/TUM_TimeStamps/dataset-outdoors8_512.txt
-- Symlinking: /home/msi/ros2_ws/src/install/orbslam3_ros2/share/orbslam3_ros2/config/monocular/TUM_TimeStamps/dataset-room1_512.txt
-- Symlinking: /home/msi/ros2_ws/src/install/orbslam3_ros2/share/orbslam3_ros2/config/monocular/TUM_TimeStamps/dataset-room2_512.txt
-- Symlinking: /home/msi/ros2_ws/src/install/orbslam3_ros2/share/orbslam3_ros2/config/monocular/TUM_TimeStamps/dataset-room3_512.txt
-- Symlinking: /home/msi/ros2_ws/src/install/orbslam3_ros2/share/orbslam3_ros2/config/monocular/TUM_TimeStamps/dataset-room4_512.txt
-- Symlinking: /home/msi/ros2_ws/src/install/orbslam3_ros2/share/orbslam3_ros2/config/monocular/TUM_TimeStamps/dataset-room5_512.txt
-- Symlinking: /home/msi/ros2_ws/src/install/orbslam3_ros2/share/orbslam3_ros2/config/monocular/TUM_TimeStamps/dataset-room6_512.txt
-- Symlinking: /home/msi/ros2_ws/src/install/orbslam3_ros2/share/orbslam3_ros2/config/monocular/TUM_TimeStamps/dataset-slides1_512.txt
-- Symlinking: /home/msi/ros2_ws/src/install/orbslam3_ros2/share/orbslam3_ros2/config/monocular/TUM_TimeStamps/dataset-slides2_512.txt
-- Symlinking: /home/msi/ros2_ws/src/install/orbslam3_ros2/share/orbslam3_ros2/config/monocular/TUM_TimeStamps/dataset-slides3_512.txt
-- Symlinking: /home/msi/ros2_ws/src/install/orbslam3_ros2/share/orbslam3_ros2/config/params.yaml
-- Symlinking: /home/msi/ros2_ws/src/install/orbslam3_ros2/share/orbslam3_ros2/config/rgb-d-inertial/RealSense_D435i.yaml
-- Symlinking: /home/msi/ros2_ws/src/install/orbslam3_ros2/share/orbslam3_ros2/config/rgb-d/RealSense_D435i.yaml
-- Symlinking: /home/msi/ros2_ws/src/install/orbslam3_ros2/share/orbslam3_ros2/config/rgb-d/TUM1.yaml
-- Symlinking: /home/msi/ros2_ws/src/install/orbslam3_ros2/share/orbslam3_ros2/config/rgb-d/TUM2.yaml
-- Symlinking: /home/msi/ros2_ws/src/install/orbslam3_ros2/share/orbslam3_ros2/config/rgb-d/TUM3.yaml
-- Symlinking: /home/msi/ros2_ws/src/install/orbslam3_ros2/share/orbslam3_ros2/config/rgb-d/associations/fr1_desk.txt
-- Symlinking: /home/msi/ros2_ws/src/install/orbslam3_ros2/share/orbslam3_ros2/config/rgb-d/associations/fr1_desk2.txt
-- Symlinking: /home/msi/ros2_ws/src/install/orbslam3_ros2/share/orbslam3_ros2/config/rgb-d/associations/fr1_room.txt
-- Symlinking: /home/msi/ros2_ws/src/install/orbslam3_ros2/share/orbslam3_ros2/config/rgb-d/associations/fr1_xyz.txt
-- Symlinking: /home/msi/ros2_ws/src/install/orbslam3_ros2/share/orbslam3_ros2/config/rgb-d/associations/fr2_desk.txt
-- Symlinking: /home/msi/ros2_ws/src/install/orbslam3_ros2/share/orbslam3_ros2/config/rgb-d/associations/fr2_xyz.txt
-- Symlinking: /home/msi/ros2_ws/src/install/orbslam3_ros2/share/orbslam3_ros2/config/rgb-d/associations/fr3_nstr_tex_near.txt
-- Symlinking: /home/msi/ros2_ws/src/install/orbslam3_ros2/share/orbslam3_ros2/config/rgb-d/associations/fr3_office.txt
-- Symlinking: /home/msi/ros2_ws/src/install/orbslam3_ros2/share/orbslam3_ros2/config/rgb-d/associations/fr3_office_val.txt
-- Symlinking: /home/msi/ros2_ws/src/install/orbslam3_ros2/share/orbslam3_ros2/config/rgb-d/associations/fr3_str_tex_far.txt
-- Symlinking: /home/msi/ros2_ws/src/install/orbslam3_ros2/share/orbslam3_ros2/config/rgb-d/associations/fr3_str_tex_near.txt
-- Symlinking: /home/msi/ros2_ws/src/install/orbslam3_ros2/share/orbslam3_ros2/config/stereo-inertial/EuRoC.yaml
-- Symlinking: /home/msi/ros2_ws/src/install/orbslam3_ros2/share/orbslam3_ros2/config/stereo-inertial/EuRoC_IMU/MH01.txt
-- Symlinking: /home/msi/ros2_ws/src/install/orbslam3_ros2/share/orbslam3_ros2/config/stereo-inertial/EuRoC_IMU/MH02.txt
-- Symlinking: /home/msi/ros2_ws/src/install/orbslam3_ros2/share/orbslam3_ros2/config/stereo-inertial/EuRoC_IMU/MH03.txt
-- Symlinking: /home/msi/ros2_ws/src/install/orbslam3_ros2/share/orbslam3_ros2/config/stereo-inertial/EuRoC_IMU/MH04.txt
-- Symlinking: /home/msi/ros2_ws/src/install/orbslam3_ros2/share/orbslam3_ros2/config/stereo-inertial/EuRoC_IMU/MH05.txt
-- Symlinking: /home/msi/ros2_ws/src/install/orbslam3_ros2/share/orbslam3_ros2/config/stereo-inertial/EuRoC_IMU/V101.txt
-- Symlinking: /home/msi/ros2_ws/src/install/orbslam3_ros2/share/orbslam3_ros2/config/stereo-inertial/EuRoC_IMU/V102.txt
-- Symlinking: /home/msi/ros2_ws/src/install/orbslam3_ros2/share/orbslam3_ros2/config/stereo-inertial/EuRoC_IMU/V103.txt
-- Symlinking: /home/msi/ros2_ws/src/install/orbslam3_ros2/share/orbslam3_ros2/config/stereo-inertial/EuRoC_IMU/V201.txt
-- Symlinking: /home/msi/ros2_ws/src/install/orbslam3_ros2/share/orbslam3_ros2/config/stereo-inertial/EuRoC_IMU/V202.txt
-- Symlinking: /home/msi/ros2_ws/src/install/orbslam3_ros2/share/orbslam3_ros2/config/stereo-inertial/EuRoC_IMU/V203.txt
-- Symlinking: /home/msi/ros2_ws/src/install/orbslam3_ros2/share/orbslam3_ros2/config/stereo-inertial/EuRoC_TimeStamps/MH01.txt
-- Symlinking: /home/msi/ros2_ws/src/install/orbslam3_ros2/share/orbslam3_ros2/config/stereo-inertial/EuRoC_TimeStamps/MH02.txt
-- Symlinking: /home/msi/ros2_ws/src/install/orbslam3_ros2/share/orbslam3_ros2/config/stereo-inertial/EuRoC_TimeStamps/MH03.txt
-- Symlinking: /home/msi/ros2_ws/src/install/orbslam3_ros2/share/orbslam3_ros2/config/stereo-inertial/EuRoC_TimeStamps/MH04.txt
-- Symlinking: /home/msi/ros2_ws/src/install/orbslam3_ros2/share/orbslam3_ros2/config/stereo-inertial/EuRoC_TimeStamps/MH05.txt
-- Symlinking: /home/msi/ros2_ws/src/install/orbslam3_ros2/share/orbslam3_ros2/config/stereo-inertial/EuRoC_TimeStamps/V101.txt
-- Symlinking: /home/msi/ros2_ws/src/install/orbslam3_ros2/share/orbslam3_ros2/config/stereo-inertial/EuRoC_TimeStamps/V102.txt
-- Symlinking: /home/msi/ros2_ws/src/install/orbslam3_ros2/share/orbslam3_ros2/config/stereo-inertial/EuRoC_TimeStamps/V103.txt
-- Symlinking: /home/msi/ros2_ws/src/install/orbslam3_ros2/share/orbslam3_ros2/config/stereo-inertial/EuRoC_TimeStamps/V201.txt
-- Symlinking: /home/msi/ros2_ws/src/install/orbslam3_ros2/share/orbslam3_ros2/config/stereo-inertial/EuRoC_TimeStamps/V202.txt
-- Symlinking: /home/msi/ros2_ws/src/install/orbslam3_ros2/share/orbslam3_ros2/config/stereo-inertial/EuRoC_TimeStamps/V203.txt
-- Symlinking: /home/msi/ros2_ws/src/install/orbslam3_ros2/share/orbslam3_ros2/config/stereo-inertial/EuRoC_TimeStamps/V203_2.txt
-- Symlinking: /home/msi/ros2_ws/src/install/orbslam3_ros2/share/orbslam3_ros2/config/stereo-inertial/MultiSession/EuRoC_MH01.yaml
-- Symlinking: /home/msi/ros2_ws/src/install/orbslam3_ros2/share/orbslam3_ros2/config/stereo-inertial/MultiSession/EuRoC_MH02.yaml
-- Symlinking: /home/msi/ros2_ws/src/install/orbslam3_ros2/share/orbslam3_ros2/config/stereo-inertial/MultiSession/EuRoC_MH03.yaml
-- Symlinking: /home/msi/ros2_ws/src/install/orbslam3_ros2/share/orbslam3_ros2/config/stereo-inertial/MultiSession/EuRoC_MH04.yaml
-- Symlinking: /home/msi/ros2_ws/src/install/orbslam3_ros2/share/orbslam3_ros2/config/stereo-inertial/MultiSession/EuRoC_MH05.yaml
-- Symlinking: /home/msi/ros2_ws/src/install/orbslam3_ros2/share/orbslam3_ros2/config/stereo-inertial/MultiSession/EuRoC_V101.yaml
-- Symlinking: /home/msi/ros2_ws/src/install/orbslam3_ros2/share/orbslam3_ros2/config/stereo-inertial/MultiSession/EuRoC_V102.yaml
-- Symlinking: /home/msi/ros2_ws/src/install/orbslam3_ros2/share/orbslam3_ros2/config/stereo-inertial/MultiSession/EuRoC_V103.yaml
-- Symlinking: /home/msi/ros2_ws/src/install/orbslam3_ros2/share/orbslam3_ros2/config/stereo-inertial/MultiSession/EuRoC_V201.yaml
-- Symlinking: /home/msi/ros2_ws/src/install/orbslam3_ros2/share/orbslam3_ros2/config/stereo-inertial/MultiSession/EuRoC_V202.yaml
-- Symlinking: /home/msi/ros2_ws/src/install/orbslam3_ros2/share/orbslam3_ros2/config/stereo-inertial/MultiSession/EuRoC_V203.yaml
-- Symlinking: /home/msi/ros2_ws/src/install/orbslam3_ros2/share/orbslam3_ros2/config/stereo-inertial/RealSense_D435i.yaml
-- Symlinking: /home/msi/ros2_ws/src/install/orbslam3_ros2/share/orbslam3_ros2/config/stereo-inertial/RealSense_T265.yaml
-- Symlinking: /home/msi/ros2_ws/src/install/orbslam3_ros2/share/orbslam3_ros2/config/stereo-inertial/TUM-VI.yaml
-- Symlinking: /home/msi/ros2_ws/src/install/orbslam3_ros2/share/orbslam3_ros2/config/stereo-inertial/TUM-VI_far.yaml
-- Symlinking: /home/msi/ros2_ws/src/install/orbslam3_ros2/share/orbslam3_ros2/config/stereo-inertial/TUM_IMU/dataset-corridor1_512.txt
-- Symlinking: /home/msi/ros2_ws/src/install/orbslam3_ros2/share/orbslam3_ros2/config/stereo-inertial/TUM_IMU/dataset-corridor2_1024.txt
-- Symlinking: /home/msi/ros2_ws/src/install/orbslam3_ros2/share/orbslam3_ros2/config/stereo-inertial/TUM_IMU/dataset-corridor2_512.txt
-- Symlinking: /home/msi/ros2_ws/src/install/orbslam3_ros2/share/orbslam3_ros2/config/stereo-inertial/TUM_IMU/dataset-corridor3_512.txt
-- Symlinking: /home/msi/ros2_ws/src/install/orbslam3_ros2/share/orbslam3_ros2/config/stereo-inertial/TUM_IMU/dataset-corridor4_512.txt
-- Symlinking: /home/msi/ros2_ws/src/install/orbslam3_ros2/share/orbslam3_ros2/config/stereo-inertial/TUM_IMU/dataset-corridor5_512.txt
-- Symlinking: /home/msi/ros2_ws/src/install/orbslam3_ros2/share/orbslam3_ros2/config/stereo-inertial/TUM_IMU/dataset-magistrale1_512.txt
-- Symlinking: /home/msi/ros2_ws/src/install/orbslam3_ros2/share/orbslam3_ros2/config/stereo-inertial/TUM_IMU/dataset-magistrale2_512.txt
-- Symlinking: /home/msi/ros2_ws/src/install/orbslam3_ros2/share/orbslam3_ros2/config/stereo-inertial/TUM_IMU/dataset-magistrale3_512.txt
-- Symlinking: /home/msi/ros2_ws/src/install/orbslam3_ros2/share/orbslam3_ros2/config/stereo-inertial/TUM_IMU/dataset-magistrale4_512.txt
-- Symlinking: /home/msi/ros2_ws/src/install/orbslam3_ros2/share/orbslam3_ros2/config/stereo-inertial/TUM_IMU/dataset-magistrale5_512.txt
-- Symlinking: /home/msi/ros2_ws/src/install/orbslam3_ros2/share/orbslam3_ros2/config/stereo-inertial/TUM_IMU/dataset-magistrale6_512.txt
-- Symlinking: /home/msi/ros2_ws/src/install/orbslam3_ros2/share/orbslam3_ros2/config/stereo-inertial/TUM_IMU/dataset-outdoors1_512.txt
-- Symlinking: /home/msi/ros2_ws/src/install/orbslam3_ros2/share/orbslam3_ros2/config/stereo-inertial/TUM_IMU/dataset-outdoors2_512.txt
-- Symlinking: /home/msi/ros2_ws/src/install/orbslam3_ros2/share/orbslam3_ros2/config/stereo-inertial/TUM_IMU/dataset-outdoors3_512.txt
-- Symlinking: /home/msi/ros2_ws/src/install/orbslam3_ros2/share/orbslam3_ros2/config/stereo-inertial/TUM_IMU/dataset-outdoors4_512.txt
-- Symlinking: /home/msi/ros2_ws/src/install/orbslam3_ros2/share/orbslam3_ros2/config/stereo-inertial/TUM_IMU/dataset-outdoors5_512.txt
-- Symlinking: /home/msi/ros2_ws/src/install/orbslam3_ros2/share/orbslam3_ros2/config/stereo-inertial/TUM_IMU/dataset-outdoors6_512.txt
-- Symlinking: /home/msi/ros2_ws/src/install/orbslam3_ros2/share/orbslam3_ros2/config/stereo-inertial/TUM_IMU/dataset-outdoors7_512.txt
-- Symlinking: /home/msi/ros2_ws/src/install/orbslam3_ros2/share/orbslam3_ros2/config/stereo-inertial/TUM_IMU/dataset-outdoors8_512.txt
-- Symlinking: /home/msi/ros2_ws/src/install/orbslam3_ros2/share/orbslam3_ros2/config/stereo-inertial/TUM_IMU/dataset-room1_512.txt
-- Symlinking: /home/msi/ros2_ws/src/install/orbslam3_ros2/share/orbslam3_ros2/config/stereo-inertial/TUM_IMU/dataset-room2_512.txt
-- Symlinking: /home/msi/ros2_ws/src/install/orbslam3_ros2/share/orbslam3_ros2/config/stereo-inertial/TUM_IMU/dataset-room3_512.txt
-- Symlinking: /home/msi/ros2_ws/src/install/orbslam3_ros2/share/orbslam3_ros2/config/stereo-inertial/TUM_IMU/dataset-room4_512.txt
-- Symlinking: /home/msi/ros2_ws/src/install/orbslam3_ros2/share/orbslam3_ros2/config/stereo-inertial/TUM_IMU/dataset-room5_512.txt
-- Symlinking: /home/msi/ros2_ws/src/install/orbslam3_ros2/share/orbslam3_ros2/config/stereo-inertial/TUM_IMU/dataset-room6_512.txt
-- Symlinking: /home/msi/ros2_ws/src/install/orbslam3_ros2/share/orbslam3_ros2/config/stereo-inertial/TUM_IMU/dataset-slides1_512.txt
-- Symlinking: /home/msi/ros2_ws/src/install/orbslam3_ros2/share/orbslam3_ros2/config/stereo-inertial/TUM_IMU/dataset-slides2_512.txt
-- Symlinking: /home/msi/ros2_ws/src/install/orbslam3_ros2/share/orbslam3_ros2/config/stereo-inertial/TUM_IMU/dataset-slides3_512.txt
-- Symlinking: /home/msi/ros2_ws/src/install/orbslam3_ros2/share/orbslam3_ros2/config/stereo-inertial/TUM_TimeStamps/dataset-corridor1_512.txt
-- Symlinking: /home/msi/ros2_ws/src/install/orbslam3_ros2/share/orbslam3_ros2/config/stereo-inertial/TUM_TimeStamps/dataset-corridor2_1024.txt
-- Symlinking: /home/msi/ros2_ws/src/install/orbslam3_ros2/share/orbslam3_ros2/config/stereo-inertial/TUM_TimeStamps/dataset-corridor2_512.txt
-- Symlinking: /home/msi/ros2_ws/src/install/orbslam3_ros2/share/orbslam3_ros2/config/stereo-inertial/TUM_TimeStamps/dataset-corridor3_512.txt
-- Symlinking: /home/msi/ros2_ws/src/install/orbslam3_ros2/share/orbslam3_ros2/config/stereo-inertial/TUM_TimeStamps/dataset-corridor4_512.txt
-- Symlinking: /home/msi/ros2_ws/src/install/orbslam3_ros2/share/orbslam3_ros2/config/stereo-inertial/TUM_TimeStamps/dataset-corridor5_512.txt
-- Symlinking: /home/msi/ros2_ws/src/install/orbslam3_ros2/share/orbslam3_ros2/config/stereo-inertial/TUM_TimeStamps/dataset-magistrale1_512.txt
-- Symlinking: /home/msi/ros2_ws/src/install/orbslam3_ros2/share/orbslam3_ros2/config/stereo-inertial/TUM_TimeStamps/dataset-magistrale2_512.txt
-- Symlinking: /home/msi/ros2_ws/src/install/orbslam3_ros2/share/orbslam3_ros2/config/stereo-inertial/TUM_TimeStamps/dataset-magistrale3_512.txt
-- Symlinking: /home/msi/ros2_ws/src/install/orbslam3_ros2/share/orbslam3_ros2/config/stereo-inertial/TUM_TimeStamps/dataset-magistrale4_512.txt
-- Symlinking: /home/msi/ros2_ws/src/install/orbslam3_ros2/share/orbslam3_ros2/config/stereo-inertial/TUM_TimeStamps/dataset-magistrale5_512.txt
-- Symlinking: /home/msi/ros2_ws/src/install/orbslam3_ros2/share/orbslam3_ros2/config/stereo-inertial/TUM_TimeStamps/dataset-magistrale6_512.txt
-- Symlinking: /home/msi/ros2_ws/src/install/orbslam3_ros2/share/orbslam3_ros2/config/stereo-inertial/TUM_TimeStamps/dataset-outdoors1_512.txt
-- Symlinking: /home/msi/ros2_ws/src/install/orbslam3_ros2/share/orbslam3_ros2/config/stereo-inertial/TUM_TimeStamps/dataset-outdoors2_512.txt
-- Symlinking: /home/msi/ros2_ws/src/install/orbslam3_ros2/share/orbslam3_ros2/config/stereo-inertial/TUM_TimeStamps/dataset-outdoors3_512.txt
-- Symlinking: /home/msi/ros2_ws/src/install/orbslam3_ros2/share/orbslam3_ros2/config/stereo-inertial/TUM_TimeStamps/dataset-outdoors4_512.txt
-- Symlinking: /home/msi/ros2_ws/src/install/orbslam3_ros2/share/orbslam3_ros2/config/stereo-inertial/TUM_TimeStamps/dataset-outdoors5_512.txt
-- Symlinking: /home/msi/ros2_ws/src/install/orbslam3_ros2/share/orbslam3_ros2/config/stereo-inertial/TUM_TimeStamps/dataset-outdoors6_512.txt
-- Symlinking: /home/msi/ros2_ws/src/install/orbslam3_ros2/share/orbslam3_ros2/config/stereo-inertial/TUM_TimeStamps/dataset-outdoors7_512.txt
-- Symlinking: /home/msi/ros2_ws/src/install/orbslam3_ros2/share/orbslam3_ros2/config/stereo-inertial/TUM_TimeStamps/dataset-outdoors8_512.txt
-- Symlinking: /home/msi/ros2_ws/src/install/orbslam3_ros2/share/orbslam3_ros2/config/stereo-inertial/TUM_TimeStamps/dataset-room1_512.txt
-- Symlinking: /home/msi/ros2_ws/src/install/orbslam3_ros2/share/orbslam3_ros2/config/stereo-inertial/TUM_TimeStamps/dataset-room2_512.txt
-- Symlinking: /home/msi/ros2_ws/src/install/orbslam3_ros2/share/orbslam3_ros2/config/stereo-inertial/TUM_TimeStamps/dataset-room3_512.txt
-- Symlinking: /home/msi/ros2_ws/src/install/orbslam3_ros2/share/orbslam3_ros2/config/stereo-inertial/TUM_TimeStamps/dataset-room4_512.txt
-- Symlinking: /home/msi/ros2_ws/src/install/orbslam3_ros2/share/orbslam3_ros2/config/stereo-inertial/TUM_TimeStamps/dataset-room5_512.txt
-- Symlinking: /home/msi/ros2_ws/src/install/orbslam3_ros2/share/orbslam3_ros2/config/stereo-inertial/TUM_TimeStamps/dataset-room6_512.txt
-- Symlinking: /home/msi/ros2_ws/src/install/orbslam3_ros2/share/orbslam3_ros2/config/stereo-inertial/TUM_TimeStamps/dataset-slides1_512.txt
-- Symlinking: /home/msi/ros2_ws/src/install/orbslam3_ros2/share/orbslam3_ros2/config/stereo-inertial/TUM_TimeStamps/dataset-slides2_512.txt
-- Symlinking: /home/msi/ros2_ws/src/install/orbslam3_ros2/share/orbslam3_ros2/config/stereo-inertial/TUM_TimeStamps/dataset-slides3_512.txt
-- Symlinking: /home/msi/ros2_ws/src/install/orbslam3_ros2/share/orbslam3_ros2/config/stereo/EuRoC.yaml
-- Symlinking: /home/msi/ros2_ws/src/install/orbslam3_ros2/share/orbslam3_ros2/config/stereo/EuRoC_TimeStamps/MH01.txt
-- Symlinking: /home/msi/ros2_ws/src/install/orbslam3_ros2/share/orbslam3_ros2/config/stereo/EuRoC_TimeStamps/MH02.txt
-- Symlinking: /home/msi/ros2_ws/src/install/orbslam3_ros2/share/orbslam3_ros2/config/stereo/EuRoC_TimeStamps/MH03.txt
-- Symlinking: /home/msi/ros2_ws/src/install/orbslam3_ros2/share/orbslam3_ros2/config/stereo/EuRoC_TimeStamps/MH04.txt
-- Symlinking: /home/msi/ros2_ws/src/install/orbslam3_ros2/share/orbslam3_ros2/config/stereo/EuRoC_TimeStamps/MH05.txt
-- Symlinking: /home/msi/ros2_ws/src/install/orbslam3_ros2/share/orbslam3_ros2/config/stereo/EuRoC_TimeStamps/V101.txt
-- Symlinking: /home/msi/ros2_ws/src/install/orbslam3_ros2/share/orbslam3_ros2/config/stereo/EuRoC_TimeStamps/V102.txt
-- Symlinking: /home/msi/ros2_ws/src/install/orbslam3_ros2/share/orbslam3_ros2/config/stereo/EuRoC_TimeStamps/V103.txt
-- Symlinking: /home/msi/ros2_ws/src/install/orbslam3_ros2/share/orbslam3_ros2/config/stereo/EuRoC_TimeStamps/V201.txt
-- Symlinking: /home/msi/ros2_ws/src/install/orbslam3_ros2/share/orbslam3_ros2/config/stereo/EuRoC_TimeStamps/V202.txt
-- Symlinking: /home/msi/ros2_ws/src/install/orbslam3_ros2/share/orbslam3_ros2/config/stereo/EuRoC_TimeStamps/V203.txt
-- Symlinking: /home/msi/ros2_ws/src/install/orbslam3_ros2/share/orbslam3_ros2/config/stereo/KITTI00-02.yaml
-- Symlinking: /home/msi/ros2_ws/src/install/orbslam3_ros2/share/orbslam3_ros2/config/stereo/KITTI03.yaml
-- Symlinking: /home/msi/ros2_ws/src/install/orbslam3_ros2/share/orbslam3_ros2/config/stereo/KITTI04-12.yaml
-- Symlinking: /home/msi/ros2_ws/src/install/orbslam3_ros2/share/orbslam3_ros2/config/stereo/MultiSession/EuRoC_MH01.yaml
-- Symlinking: /home/msi/ros2_ws/src/install/orbslam3_ros2/share/orbslam3_ros2/config/stereo/MultiSession/EuRoC_MH02.yaml
-- Symlinking: /home/msi/ros2_ws/src/install/orbslam3_ros2/share/orbslam3_ros2/config/stereo/MultiSession/EuRoC_MH03.yaml
-- Symlinking: /home/msi/ros2_ws/src/install/orbslam3_ros2/share/orbslam3_ros2/config/stereo/MultiSession/EuRoC_MH04.yaml
-- Symlinking: /home/msi/ros2_ws/src/install/orbslam3_ros2/share/orbslam3_ros2/config/stereo/MultiSession/EuRoC_MH05.yaml
-- Symlinking: /home/msi/ros2_ws/src/install/orbslam3_ros2/share/orbslam3_ros2/config/stereo/MultiSession/EuRoC_V101.yaml
-- Symlinking: /home/msi/ros2_ws/src/install/orbslam3_ros2/share/orbslam3_ros2/config/stereo/MultiSession/EuRoC_V102.yaml
-- Symlinking: /home/msi/ros2_ws/src/install/orbslam3_ros2/share/orbslam3_ros2/config/stereo/MultiSession/EuRoC_V103.yaml
-- Symlinking: /home/msi/ros2_ws/src/install/orbslam3_ros2/share/orbslam3_ros2/config/stereo/MultiSession/EuRoC_V201.yaml
-- Symlinking: /home/msi/ros2_ws/src/install/orbslam3_ros2/share/orbslam3_ros2/config/stereo/MultiSession/EuRoC_V202.yaml
-- Symlinking: /home/msi/ros2_ws/src/install/orbslam3_ros2/share/orbslam3_ros2/config/stereo/MultiSession/EuRoC_V203.yaml
-- Symlinking: /home/msi/ros2_ws/src/install/orbslam3_ros2/share/orbslam3_ros2/config/stereo/RealSense_D435i.yaml
-- Symlinking: /home/msi/ros2_ws/src/install/orbslam3_ros2/share/orbslam3_ros2/config/stereo/RealSense_T265.yaml
-- Symlinking: /home/msi/ros2_ws/src/install/orbslam3_ros2/share/orbslam3_ros2/config/stereo/TUM-VI.yaml
-- Symlinking: /home/msi/ros2_ws/src/install/orbslam3_ros2/share/orbslam3_ros2/config/stereo/TUM_TimeStamps/dataset-corridor1_512.txt
-- Symlinking: /home/msi/ros2_ws/src/install/orbslam3_ros2/share/orbslam3_ros2/config/stereo/TUM_TimeStamps/dataset-corridor2_1024.txt
-- Symlinking: /home/msi/ros2_ws/src/install/orbslam3_ros2/share/orbslam3_ros2/config/stereo/TUM_TimeStamps/dataset-corridor2_512.txt
-- Symlinking: /home/msi/ros2_ws/src/install/orbslam3_ros2/share/orbslam3_ros2/config/stereo/TUM_TimeStamps/dataset-corridor3_512.txt
-- Symlinking: /home/msi/ros2_ws/src/install/orbslam3_ros2/share/orbslam3_ros2/config/stereo/TUM_TimeStamps/dataset-corridor4_512.txt
-- Symlinking: /home/msi/ros2_ws/src/install/orbslam3_ros2/share/orbslam3_ros2/config/stereo/TUM_TimeStamps/dataset-corridor5_512.txt
-- Symlinking: /home/msi/ros2_ws/src/install/orbslam3_ros2/share/orbslam3_ros2/config/stereo/TUM_TimeStamps/dataset-magistrale1_512.txt
-- Symlinking: /home/msi/ros2_ws/src/install/orbslam3_ros2/share/orbslam3_ros2/config/stereo/TUM_TimeStamps/dataset-magistrale2_512.txt
-- Symlinking: /home/msi/ros2_ws/src/install/orbslam3_ros2/share/orbslam3_ros2/config/stereo/TUM_TimeStamps/dataset-magistrale3_512.txt
-- Symlinking: /home/msi/ros2_ws/src/install/orbslam3_ros2/share/orbslam3_ros2/config/stereo/TUM_TimeStamps/dataset-magistrale4_512.txt
-- Symlinking: /home/msi/ros2_ws/src/install/orbslam3_ros2/share/orbslam3_ros2/config/stereo/TUM_TimeStamps/dataset-magistrale5_512.txt
-- Symlinking: /home/msi/ros2_ws/src/install/orbslam3_ros2/share/orbslam3_ros2/config/stereo/TUM_TimeStamps/dataset-magistrale6_512.txt
-- Symlinking: /home/msi/ros2_ws/src/install/orbslam3_ros2/share/orbslam3_ros2/config/stereo/TUM_TimeStamps/dataset-outdoors1_512.txt
-- Symlinking: /home/msi/ros2_ws/src/install/orbslam3_ros2/share/orbslam3_ros2/config/stereo/TUM_TimeStamps/dataset-outdoors2_512.txt
-- Symlinking: /home/msi/ros2_ws/src/install/orbslam3_ros2/share/orbslam3_ros2/config/stereo/TUM_TimeStamps/dataset-outdoors3_512.txt
-- Symlinking: /home/msi/ros2_ws/src/install/orbslam3_ros2/share/orbslam3_ros2/config/stereo/TUM_TimeStamps/dataset-outdoors4_512.txt
-- Symlinking: /home/msi/ros2_ws/src/install/orbslam3_ros2/share/orbslam3_ros2/config/stereo/TUM_TimeStamps/dataset-outdoors5_512.txt
-- Symlinking: /home/msi/ros2_ws/src/install/orbslam3_ros2/share/orbslam3_ros2/config/stereo/TUM_TimeStamps/dataset-outdoors6_512.txt
-- Symlinking: /home/msi/ros2_ws/src/install/orbslam3_ros2/share/orbslam3_ros2/config/stereo/TUM_TimeStamps/dataset-outdoors7_512.txt
-- Symlinking: /home/msi/ros2_ws/src/install/orbslam3_ros2/share/orbslam3_ros2/config/stereo/TUM_TimeStamps/dataset-outdoors8_512.txt
-- Symlinking: /home/msi/ros2_ws/src/install/orbslam3_ros2/share/orbslam3_ros2/config/stereo/TUM_TimeStamps/dataset-room1_512.txt
-- Symlinking: /home/msi/ros2_ws/src/install/orbslam3_ros2/share/orbslam3_ros2/config/stereo/TUM_TimeStamps/dataset-room2_512.txt
-- Symlinking: /home/msi/ros2_ws/src/install/orbslam3_ros2/share/orbslam3_ros2/config/stereo/TUM_TimeStamps/dataset-room3_512.txt
-- Symlinking: /home/msi/ros2_ws/src/install/orbslam3_ros2/share/orbslam3_ros2/config/stereo/TUM_TimeStamps/dataset-room4_512.txt
-- Symlinking: /home/msi/ros2_ws/src/install/orbslam3_ros2/share/orbslam3_ros2/config/stereo/TUM_TimeStamps/dataset-room5_512.txt
-- Symlinking: /home/msi/ros2_ws/src/install/orbslam3_ros2/share/orbslam3_ros2/config/stereo/TUM_TimeStamps/dataset-room6_512.txt
-- Symlinking: /home/msi/ros2_ws/src/install/orbslam3_ros2/share/orbslam3_ros2/config/stereo/TUM_TimeStamps/dataset-slides1_512.txt
-- Symlinking: /home/msi/ros2_ws/src/install/orbslam3_ros2/share/orbslam3_ros2/config/stereo/TUM_TimeStamps/dataset-slides2_512.txt
-- Symlinking: /home/msi/ros2_ws/src/install/orbslam3_ros2/share/orbslam3_ros2/config/stereo/TUM_TimeStamps/dataset-slides3_512.txt
-- Symlinking: /home/msi/ros2_ws/src/install/orbslam3_ros2/share/orbslam3_ros2/config/stereo/stereo_camera.yaml
-- Symlinking: /home/msi/ros2_ws/src/install/orbslam3_ros2/share/orbslam3_ros2/config/stereo_camera.yaml
-- Symlinking: /home/msi/ros2_ws/src/install/orbslam3_ros2/share/orbslam3_ros2/camera/stereo_camera.yaml
-- Symlinking: /home/msi/ros2_ws/src/install/orbslam3_ros2/share/orbslam3_ros2/vocabulary/ORBvoc.txt
-- Symlinking: /home/msi/ros2_ws/src/install/orbslam3_ros2/share/ament_index/resource_index/package_run_dependencies/orbslam3_ros2
-- Symlinking: /home/msi/ros2_ws/src/install/orbslam3_ros2/share/ament_index/resource_index/parent_prefix_path/orbslam3_ros2
-- Symlinking: /home/msi/ros2_ws/src/install/orbslam3_ros2/share/orbslam3_ros2/environment/ament_prefix_path.sh
-- Symlinking: /home/msi/ros2_ws/src/install/orbslam3_ros2/share/orbslam3_ros2/environment/ament_prefix_path.dsv
-- Symlinking: /home/msi/ros2_ws/src/install/orbslam3_ros2/share/orbslam3_ros2/environment/path.sh
-- Symlinking: /home/msi/ros2_ws/src/install/orbslam3_ros2/share/orbslam3_ros2/environment/path.dsv
-- Symlinking: /home/msi/ros2_ws/src/install/orbslam3_ros2/share/orbslam3_ros2/local_setup.bash
-- Symlinking: /home/msi/ros2_ws/src/install/orbslam3_ros2/share/orbslam3_ros2/local_setup.sh
-- Symlinking: /home/msi/ros2_ws/src/install/orbslam3_ros2/share/orbslam3_ros2/local_setup.zsh
-- Symlinking: /home/msi/ros2_ws/src/install/orbslam3_ros2/share/orbslam3_ros2/local_setup.dsv
-- Symlinking: /home/msi/ros2_ws/src/install/orbslam3_ros2/share/orbslam3_ros2/package.dsv
-- Symlinking: /home/msi/ros2_ws/src/install/orbslam3_ros2/share/ament_index/resource_index/packages/orbslam3_ros2
-- Symlinking: /home/msi/ros2_ws/src/install/orbslam3_ros2/share/orbslam3_ros2/cmake/ament_cmake_export_dependencies-extras.cmake
-- Symlinking: /home/msi/ros2_ws/src/install/orbslam3_ros2/share/orbslam3_ros2/cmake/orbslam3_ros2Config.cmake
-- Symlinking: /home/msi/ros2_ws/src/install/orbslam3_ros2/share/orbslam3_ros2/cmake/orbslam3_ros2Config-version.cmake
-- Symlinking: /home/msi/ros2_ws/src/install/orbslam3_ros2/share/orbslam3_ros2/package.xml
