[0.020s] Invoking command in '/home/msi/ros2_ws/src/build/my_robot_navigation': CMAKE_PREFIX_PATH=${CMAKE_PREFIX_PATH}:/home/msi/ros2_ws/install/opencv_tests:/opt/ros/humble /usr/bin/cmake --build /home/msi/ros2_ws/src/build/my_robot_navigation -- -j12 -l12
[0.082s] Invoked command in '/home/msi/ros2_ws/src/build/my_robot_navigation' returned '0': CMAKE_PREFIX_PATH=${CMAKE_PREFIX_PATH}:/home/msi/ros2_ws/install/opencv_tests:/opt/ros/humble /usr/bin/cmake --build /home/msi/ros2_ws/src/build/my_robot_navigation -- -j12 -l12
[0.084s] Invoking command in '/home/msi/ros2_ws/src/build/my_robot_navigation': CMAKE_PREFIX_PATH=${CMAKE_PREFIX_PATH}:/home/msi/ros2_ws/install/opencv_tests:/opt/ros/humble /usr/bin/cmake --install /home/msi/ros2_ws/src/build/my_robot_navigation
[0.099s] -- Install configuration: ""
[0.107s] -- Execute custom install script
[0.107s] -- Up-to-date symlink: /home/msi/ros2_ws/src/install/my_robot_navigation/share/my_robot_navigation/launch/navigation.launch.py
[0.107s] -- Up-to-date symlink: /home/msi/ros2_ws/src/install/my_robot_navigation/share/my_robot_navigation/launch/save_map.launch.py
[0.107s] -- Up-to-date symlink: /home/msi/ros2_ws/src/install/my_robot_navigation/share/my_robot_navigation/launch/slam_mapping.launch.py
[0.107s] -- Up-to-date symlink: /home/msi/ros2_ws/src/install/my_robot_navigation/share/my_robot_navigation/config/costmap_common.yaml
[0.107s] -- Up-to-date symlink: /home/msi/ros2_ws/src/install/my_robot_navigation/share/my_robot_navigation/config/global_costmap.yaml
[0.107s] -- Up-to-date symlink: /home/msi/ros2_ws/src/install/my_robot_navigation/share/my_robot_navigation/config/local_costmap.yaml
[0.107s] -- Up-to-date symlink: /home/msi/ros2_ws/src/install/my_robot_navigation/share/my_robot_navigation/config/nav2_params.yaml
[0.107s] -- Up-to-date symlink: /home/msi/ros2_ws/src/install/my_robot_navigation/share/ament_index/resource_index/package_run_dependencies/my_robot_navigation
[0.107s] -- Up-to-date symlink: /home/msi/ros2_ws/src/install/my_robot_navigation/share/ament_index/resource_index/parent_prefix_path/my_robot_navigation
[0.108s] -- Up-to-date symlink: /home/msi/ros2_ws/src/install/my_robot_navigation/share/my_robot_navigation/environment/ament_prefix_path.sh
[0.108s] -- Up-to-date symlink: /home/msi/ros2_ws/src/install/my_robot_navigation/share/my_robot_navigation/environment/ament_prefix_path.dsv
[0.108s] -- Up-to-date symlink: /home/msi/ros2_ws/src/install/my_robot_navigation/share/my_robot_navigation/environment/path.sh
[0.108s] -- Up-to-date symlink: /home/msi/ros2_ws/src/install/my_robot_navigation/share/my_robot_navigation/environment/path.dsv
[0.108s] -- Up-to-date symlink: /home/msi/ros2_ws/src/install/my_robot_navigation/share/my_robot_navigation/local_setup.bash
[0.108s] -- Up-to-date symlink: /home/msi/ros2_ws/src/install/my_robot_navigation/share/my_robot_navigation/local_setup.sh
[0.108s] -- Up-to-date symlink: /home/msi/ros2_ws/src/install/my_robot_navigation/share/my_robot_navigation/local_setup.zsh
[0.108s] -- Up-to-date symlink: /home/msi/ros2_ws/src/install/my_robot_navigation/share/my_robot_navigation/local_setup.dsv
[0.108s] -- Symlinking: /home/msi/ros2_ws/src/install/my_robot_navigation/share/my_robot_navigation/package.dsv
[0.130s] -- Up-to-date symlink: /home/msi/ros2_ws/src/install/my_robot_navigation/share/ament_index/resource_index/packages/my_robot_navigation
[0.132s] -- Up-to-date symlink: /home/msi/ros2_ws/src/install/my_robot_navigation/share/my_robot_navigation/cmake/my_robot_navigationConfig.cmake
[0.132s] -- Up-to-date symlink: /home/msi/ros2_ws/src/install/my_robot_navigation/share/my_robot_navigation/cmake/my_robot_navigationConfig-version.cmake
[0.132s] -- Up-to-date symlink: /home/msi/ros2_ws/src/install/my_robot_navigation/share/my_robot_navigation/package.xml
[0.160s] Invoked command in '/home/msi/ros2_ws/src/build/my_robot_navigation' returned '0': CMAKE_PREFIX_PATH=${CMAKE_PREFIX_PATH}:/home/msi/ros2_ws/install/opencv_tests:/opt/ros/humble /usr/bin/cmake --install /home/msi/ros2_ws/src/build/my_robot_navigation
