[0.020s] Invoking command in '/home/msi/ros2_ws/src/build/custom_msgs': CMAKE_PREFIX_PATH=${CMAKE_PREFIX_PATH}:/home/msi/ros2_ws/install/opencv_tests:/opt/ros/humble /usr/bin/cmake --build /home/msi/ros2_ws/src/build/custom_msgs -- -j12 -l12
[0.069s] [35m[1mConsolidate compiler generated dependencies of target custom_msgs__rosidl_generator_c[0m
[0.089s] [  2%] Built target custom_msgs__cpp
[0.092s] [ 12%] Built target custom_msgs__rosidl_generator_c
[0.113s] [35m[1mConsolidate compiler generated dependencies of target custom_msgs__rosidl_typesupport_cpp[0m
[0.113s] [ 12%] Built target ament_cmake_python_symlink_custom_msgs
[0.116s] [35m[1mConsolidate compiler generated dependencies of target custom_msgs__rosidl_typesupport_introspection_cpp[0m
[0.129s] [35m[1mConsolidate compiler generated dependencies of target custom_msgs__rosidl_typesupport_fastrtps_cpp[0m
[0.129s] [35m[1mConsolidate compiler generated dependencies of target custom_msgs__rosidl_typesupport_introspection_c[0m
[0.129s] [35m[1mConsolidate compiler generated dependencies of target custom_msgs__rosidl_typesupport_fastrtps_c[0m
[0.139s] [ 23%] Built target custom_msgs__rosidl_typesupport_cpp
[0.145s] [35m[1mConsolidate compiler generated dependencies of target custom_msgs__rosidl_typesupport_c[0m
[0.145s] [ 33%] Built target custom_msgs__rosidl_typesupport_introspection_cpp
[0.158s] [ 43%] Built target custom_msgs__rosidl_typesupport_fastrtps_cpp
[0.158s] [ 53%] Built target custom_msgs__rosidl_typesupport_fastrtps_c
[0.159s] [ 64%] Built target custom_msgs__rosidl_typesupport_c
[0.164s] [ 74%] Built target custom_msgs__rosidl_typesupport_introspection_c
[0.185s] [ 74%] Built target custom_msgs
[0.206s] [ 76%] Built target custom_msgs__py
[0.215s] [35m[1mConsolidate compiler generated dependencies of target custom_msgs__rosidl_generator_py[0m
[0.229s] [ 84%] Built target custom_msgs__rosidl_generator_py
[0.239s] [35m[1mConsolidate compiler generated dependencies of target custom_msgs__rosidl_typesupport_fastrtps_c__pyext[0m
[0.239s] [35m[1mConsolidate compiler generated dependencies of target custom_msgs__rosidl_typesupport_c__pyext[0m
[0.240s] [35m[1mConsolidate compiler generated dependencies of target custom_msgs__rosidl_typesupport_introspection_c__pyext[0m
[0.252s] [ 89%] Built target custom_msgs__rosidl_typesupport_c__pyext
[0.253s] [ 94%] Built target custom_msgs__rosidl_typesupport_fastrtps_c__pyext
[0.257s] [100%] Built target custom_msgs__rosidl_typesupport_introspection_c__pyext
[0.356s] running egg_info
[0.356s] writing custom_msgs.egg-info/PKG-INFO
[0.356s] writing dependency_links to custom_msgs.egg-info/dependency_links.txt
[0.356s] writing top-level names to custom_msgs.egg-info/top_level.txt
[0.359s] reading manifest file 'custom_msgs.egg-info/SOURCES.txt'
[0.359s] writing manifest file 'custom_msgs.egg-info/SOURCES.txt'
[0.384s] [100%] Built target ament_cmake_python_build_custom_msgs_egg
[0.393s] Invoked command in '/home/msi/ros2_ws/src/build/custom_msgs' returned '0': CMAKE_PREFIX_PATH=${CMAKE_PREFIX_PATH}:/home/msi/ros2_ws/install/opencv_tests:/opt/ros/humble /usr/bin/cmake --build /home/msi/ros2_ws/src/build/custom_msgs -- -j12 -l12
[0.394s] Invoking command in '/home/msi/ros2_ws/src/build/custom_msgs': CMAKE_PREFIX_PATH=${CMAKE_PREFIX_PATH}:/home/msi/ros2_ws/install/opencv_tests:/opt/ros/humble /usr/bin/cmake --install /home/msi/ros2_ws/src/build/custom_msgs
[0.400s] -- Install configuration: ""
[0.401s] -- Execute custom install script
[0.401s] -- Up-to-date symlink: /home/msi/ros2_ws/src/install/custom_msgs/share/ament_index/resource_index/rosidl_interfaces/custom_msgs
[0.401s] -- Up-to-date symlink: /home/msi/ros2_ws/src/install/custom_msgs/include/custom_msgs/custom_msgs/msg/detail/detection__functions.h
[0.401s] -- Up-to-date symlink: /home/msi/ros2_ws/src/install/custom_msgs/include/custom_msgs/custom_msgs/msg/detail/detection__struct.h
[0.401s] -- Up-to-date symlink: /home/msi/ros2_ws/src/install/custom_msgs/include/custom_msgs/custom_msgs/msg/detail/detection__type_support.h
[0.401s] -- Up-to-date symlink: /home/msi/ros2_ws/src/install/custom_msgs/include/custom_msgs/custom_msgs/msg/detail/detection_array__functions.h
[0.401s] -- Up-to-date symlink: /home/msi/ros2_ws/src/install/custom_msgs/include/custom_msgs/custom_msgs/msg/detail/detection_array__struct.h
[0.401s] -- Up-to-date symlink: /home/msi/ros2_ws/src/install/custom_msgs/include/custom_msgs/custom_msgs/msg/detail/detection_array__type_support.h
[0.401s] -- Up-to-date symlink: /home/msi/ros2_ws/src/install/custom_msgs/include/custom_msgs/custom_msgs/msg/detection.h
[0.402s] -- Up-to-date symlink: /home/msi/ros2_ws/src/install/custom_msgs/include/custom_msgs/custom_msgs/msg/detection_array.h
[0.402s] -- Up-to-date symlink: /home/msi/ros2_ws/src/install/custom_msgs/include/custom_msgs/custom_msgs/msg/rosidl_generator_c__visibility_control.h
[0.402s] -- Up-to-date symlink: /home/msi/ros2_ws/src/install/custom_msgs/share/custom_msgs/environment/library_path.sh
[0.402s] -- Up-to-date symlink: /home/msi/ros2_ws/src/install/custom_msgs/share/custom_msgs/environment/library_path.dsv
[0.402s] -- Up-to-date symlink: /home/msi/ros2_ws/src/install/custom_msgs/include/custom_msgs/custom_msgs/msg/detail/detection__rosidl_typesupport_fastrtps_c.h
[0.402s] -- Up-to-date symlink: /home/msi/ros2_ws/src/install/custom_msgs/include/custom_msgs/custom_msgs/msg/detail/detection_array__rosidl_typesupport_fastrtps_c.h
[0.402s] -- Up-to-date symlink: /home/msi/ros2_ws/src/install/custom_msgs/include/custom_msgs/custom_msgs/msg/rosidl_typesupport_fastrtps_c__visibility_control.h
[0.402s] -- Up-to-date symlink: /home/msi/ros2_ws/src/install/custom_msgs/include/custom_msgs/custom_msgs/msg/detail/detection__rosidl_typesupport_introspection_c.h
[0.402s] -- Up-to-date symlink: /home/msi/ros2_ws/src/install/custom_msgs/include/custom_msgs/custom_msgs/msg/detail/detection_array__rosidl_typesupport_introspection_c.h
[0.402s] -- Up-to-date symlink: /home/msi/ros2_ws/src/install/custom_msgs/include/custom_msgs/custom_msgs/msg/rosidl_typesupport_introspection_c__visibility_control.h
[0.403s] -- Up-to-date symlink: /home/msi/ros2_ws/src/install/custom_msgs/include/custom_msgs/custom_msgs/msg/detail/detection__builder.hpp
[0.403s] -- Up-to-date symlink: /home/msi/ros2_ws/src/install/custom_msgs/include/custom_msgs/custom_msgs/msg/detail/detection__struct.hpp
[0.403s] -- Up-to-date symlink: /home/msi/ros2_ws/src/install/custom_msgs/include/custom_msgs/custom_msgs/msg/detail/detection__traits.hpp
[0.403s] -- Up-to-date symlink: /home/msi/ros2_ws/src/install/custom_msgs/include/custom_msgs/custom_msgs/msg/detail/detection__type_support.hpp
[0.403s] -- Up-to-date symlink: /home/msi/ros2_ws/src/install/custom_msgs/include/custom_msgs/custom_msgs/msg/detail/detection_array__builder.hpp
[0.403s] -- Up-to-date symlink: /home/msi/ros2_ws/src/install/custom_msgs/include/custom_msgs/custom_msgs/msg/detail/detection_array__struct.hpp
[0.403s] -- Up-to-date symlink: /home/msi/ros2_ws/src/install/custom_msgs/include/custom_msgs/custom_msgs/msg/detail/detection_array__traits.hpp
[0.403s] -- Up-to-date symlink: /home/msi/ros2_ws/src/install/custom_msgs/include/custom_msgs/custom_msgs/msg/detail/detection_array__type_support.hpp
[0.403s] -- Up-to-date symlink: /home/msi/ros2_ws/src/install/custom_msgs/include/custom_msgs/custom_msgs/msg/detection.hpp
[0.403s] -- Up-to-date symlink: /home/msi/ros2_ws/src/install/custom_msgs/include/custom_msgs/custom_msgs/msg/detection_array.hpp
[0.403s] -- Up-to-date symlink: /home/msi/ros2_ws/src/install/custom_msgs/include/custom_msgs/custom_msgs/msg/rosidl_generator_cpp__visibility_control.hpp
[0.403s] -- Up-to-date symlink: /home/msi/ros2_ws/src/install/custom_msgs/include/custom_msgs/custom_msgs/msg/detail/detection__rosidl_typesupport_fastrtps_cpp.hpp
[0.404s] -- Up-to-date symlink: /home/msi/ros2_ws/src/install/custom_msgs/include/custom_msgs/custom_msgs/msg/detail/detection_array__rosidl_typesupport_fastrtps_cpp.hpp
[0.404s] -- Up-to-date symlink: /home/msi/ros2_ws/src/install/custom_msgs/include/custom_msgs/custom_msgs/msg/rosidl_typesupport_fastrtps_cpp__visibility_control.h
[0.404s] -- Up-to-date symlink: /home/msi/ros2_ws/src/install/custom_msgs/include/custom_msgs/custom_msgs/msg/detail/detection__rosidl_typesupport_introspection_cpp.hpp
[0.404s] -- Up-to-date symlink: /home/msi/ros2_ws/src/install/custom_msgs/include/custom_msgs/custom_msgs/msg/detail/detection_array__rosidl_typesupport_introspection_cpp.hpp
[0.404s] -- Up-to-date symlink: /home/msi/ros2_ws/src/install/custom_msgs/share/custom_msgs/environment/pythonpath.sh
[0.404s] -- Up-to-date symlink: /home/msi/ros2_ws/src/install/custom_msgs/share/custom_msgs/environment/pythonpath.dsv
[0.404s] -- Up-to-date symlink: /home/msi/ros2_ws/src/install/custom_msgs/local/lib/python3.10/dist-packages/custom_msgs-0.0.1-py3.10.egg-info/PKG-INFO
[0.404s] -- Up-to-date symlink: /home/msi/ros2_ws/src/install/custom_msgs/local/lib/python3.10/dist-packages/custom_msgs-0.0.1-py3.10.egg-info/SOURCES.txt
[0.404s] -- Up-to-date symlink: /home/msi/ros2_ws/src/install/custom_msgs/local/lib/python3.10/dist-packages/custom_msgs-0.0.1-py3.10.egg-info/dependency_links.txt
[0.404s] -- Up-to-date symlink: /home/msi/ros2_ws/src/install/custom_msgs/local/lib/python3.10/dist-packages/custom_msgs-0.0.1-py3.10.egg-info/top_level.txt
[0.405s] -- Up-to-date symlink: /home/msi/ros2_ws/src/install/custom_msgs/local/lib/python3.10/dist-packages/custom_msgs/__init__.py
[0.405s] -- Up-to-date symlink: /home/msi/ros2_ws/src/install/custom_msgs/local/lib/python3.10/dist-packages/custom_msgs/_custom_msgs_s.ep.rosidl_typesupport_c.c
[0.405s] -- Up-to-date symlink: /home/msi/ros2_ws/src/install/custom_msgs/local/lib/python3.10/dist-packages/custom_msgs/_custom_msgs_s.ep.rosidl_typesupport_fastrtps_c.c
[0.405s] -- Up-to-date symlink: /home/msi/ros2_ws/src/install/custom_msgs/local/lib/python3.10/dist-packages/custom_msgs/_custom_msgs_s.ep.rosidl_typesupport_introspection_c.c
[0.405s] -- Up-to-date symlink: /home/msi/ros2_ws/src/install/custom_msgs/local/lib/python3.10/dist-packages/custom_msgs/custom_msgs_s__rosidl_typesupport_c.cpython-310-x86_64-linux-gnu.so
[0.405s] -- Up-to-date symlink: /home/msi/ros2_ws/src/install/custom_msgs/local/lib/python3.10/dist-packages/custom_msgs/custom_msgs_s__rosidl_typesupport_fastrtps_c.cpython-310-x86_64-linux-gnu.so
[0.405s] -- Up-to-date symlink: /home/msi/ros2_ws/src/install/custom_msgs/local/lib/python3.10/dist-packages/custom_msgs/custom_msgs_s__rosidl_typesupport_introspection_c.cpython-310-x86_64-linux-gnu.so
[0.405s] -- Up-to-date symlink: /home/msi/ros2_ws/src/install/custom_msgs/local/lib/python3.10/dist-packages/custom_msgs/libcustom_msgs__rosidl_generator_py.so
[0.405s] -- Up-to-date symlink: /home/msi/ros2_ws/src/install/custom_msgs/local/lib/python3.10/dist-packages/custom_msgs/msg/__init__.py
[0.406s] -- Up-to-date symlink: /home/msi/ros2_ws/src/install/custom_msgs/local/lib/python3.10/dist-packages/custom_msgs/msg/_detection.py
[0.406s] -- Up-to-date symlink: /home/msi/ros2_ws/src/install/custom_msgs/local/lib/python3.10/dist-packages/custom_msgs/msg/_detection_array.py
[0.406s] -- Up-to-date symlink: /home/msi/ros2_ws/src/install/custom_msgs/local/lib/python3.10/dist-packages/custom_msgs/msg/_detection_array_s.c
[0.406s] -- Up-to-date symlink: /home/msi/ros2_ws/src/install/custom_msgs/local/lib/python3.10/dist-packages/custom_msgs/msg/_detection_s.c
[0.406s] -- Up-to-date symlink: /home/msi/ros2_ws/src/install/custom_msgs/local/lib/python3.10/dist-packages/custom_msgs/custom_msgs_s__rosidl_typesupport_fastrtps_c.cpython-310-x86_64-linux-gnu.so
[0.406s] -- Up-to-date symlink: /home/msi/ros2_ws/src/install/custom_msgs/local/lib/python3.10/dist-packages/custom_msgs/custom_msgs_s__rosidl_typesupport_introspection_c.cpython-310-x86_64-linux-gnu.so
[0.406s] -- Up-to-date symlink: /home/msi/ros2_ws/src/install/custom_msgs/local/lib/python3.10/dist-packages/custom_msgs/custom_msgs_s__rosidl_typesupport_c.cpython-310-x86_64-linux-gnu.so
[0.406s] -- Up-to-date symlink: /home/msi/ros2_ws/src/install/custom_msgs/share/custom_msgs/msg/Detection.idl
[0.406s] -- Up-to-date symlink: /home/msi/ros2_ws/src/install/custom_msgs/share/custom_msgs/msg/DetectionArray.idl
[0.406s] -- Up-to-date symlink: /home/msi/ros2_ws/src/install/custom_msgs/share/custom_msgs/msg/Detection.msg
[0.406s] -- Up-to-date symlink: /home/msi/ros2_ws/src/install/custom_msgs/share/custom_msgs/msg/DetectionArray.msg
[0.406s] -- Up-to-date symlink: /home/msi/ros2_ws/src/install/custom_msgs/share/ament_index/resource_index/package_run_dependencies/custom_msgs
[0.406s] -- Up-to-date symlink: /home/msi/ros2_ws/src/install/custom_msgs/share/ament_index/resource_index/parent_prefix_path/custom_msgs
[0.407s] -- Up-to-date symlink: /home/msi/ros2_ws/src/install/custom_msgs/share/custom_msgs/environment/ament_prefix_path.sh
[0.407s] -- Up-to-date symlink: /home/msi/ros2_ws/src/install/custom_msgs/share/custom_msgs/environment/ament_prefix_path.dsv
[0.407s] -- Up-to-date symlink: /home/msi/ros2_ws/src/install/custom_msgs/share/custom_msgs/environment/path.sh
[0.407s] -- Up-to-date symlink: /home/msi/ros2_ws/src/install/custom_msgs/share/custom_msgs/environment/path.dsv
[0.407s] -- Up-to-date symlink: /home/msi/ros2_ws/src/install/custom_msgs/share/custom_msgs/local_setup.bash
[0.407s] -- Up-to-date symlink: /home/msi/ros2_ws/src/install/custom_msgs/share/custom_msgs/local_setup.sh
[0.407s] -- Up-to-date symlink: /home/msi/ros2_ws/src/install/custom_msgs/share/custom_msgs/local_setup.zsh
[0.407s] -- Up-to-date symlink: /home/msi/ros2_ws/src/install/custom_msgs/share/custom_msgs/local_setup.dsv
[0.407s] -- Symlinking: /home/msi/ros2_ws/src/install/custom_msgs/share/custom_msgs/package.dsv
[0.415s] -- Up-to-date symlink: /home/msi/ros2_ws/src/install/custom_msgs/share/ament_index/resource_index/packages/custom_msgs
[0.415s] -- Up-to-date symlink: /home/msi/ros2_ws/src/install/custom_msgs/share/custom_msgs/cmake/rosidl_cmake-extras.cmake
[0.415s] -- Up-to-date symlink: /home/msi/ros2_ws/src/install/custom_msgs/share/custom_msgs/cmake/ament_cmake_export_dependencies-extras.cmake
[0.415s] -- Up-to-date symlink: /home/msi/ros2_ws/src/install/custom_msgs/share/custom_msgs/cmake/ament_cmake_export_include_directories-extras.cmake
[0.415s] -- Up-to-date symlink: /home/msi/ros2_ws/src/install/custom_msgs/share/custom_msgs/cmake/ament_cmake_export_libraries-extras.cmake
[0.415s] -- Up-to-date symlink: /home/msi/ros2_ws/src/install/custom_msgs/share/custom_msgs/cmake/ament_cmake_export_targets-extras.cmake
[0.415s] -- Up-to-date symlink: /home/msi/ros2_ws/src/install/custom_msgs/share/custom_msgs/cmake/rosidl_cmake_export_typesupport_targets-extras.cmake
[0.415s] -- Up-to-date symlink: /home/msi/ros2_ws/src/install/custom_msgs/share/custom_msgs/cmake/rosidl_cmake_export_typesupport_libraries-extras.cmake
[0.415s] -- Up-to-date symlink: /home/msi/ros2_ws/src/install/custom_msgs/share/custom_msgs/cmake/custom_msgsConfig.cmake
[0.416s] -- Up-to-date symlink: /home/msi/ros2_ws/src/install/custom_msgs/share/custom_msgs/cmake/custom_msgsConfig-version.cmake
[0.416s] -- Up-to-date symlink: /home/msi/ros2_ws/src/install/custom_msgs/share/custom_msgs/package.xml
[0.416s] -- Up-to-date: /home/msi/ros2_ws/src/install/custom_msgs/lib/libcustom_msgs__rosidl_generator_c.so
[0.416s] -- Up-to-date: /home/msi/ros2_ws/src/install/custom_msgs/lib/libcustom_msgs__rosidl_typesupport_fastrtps_c.so
[0.416s] -- Up-to-date: /home/msi/ros2_ws/src/install/custom_msgs/lib/libcustom_msgs__rosidl_typesupport_introspection_c.so
[0.416s] -- Up-to-date: /home/msi/ros2_ws/src/install/custom_msgs/lib/libcustom_msgs__rosidl_typesupport_c.so
[0.416s] -- Up-to-date: /home/msi/ros2_ws/src/install/custom_msgs/lib/libcustom_msgs__rosidl_typesupport_fastrtps_cpp.so
[0.417s] -- Up-to-date: /home/msi/ros2_ws/src/install/custom_msgs/lib/libcustom_msgs__rosidl_typesupport_introspection_cpp.so
[0.417s] -- Up-to-date: /home/msi/ros2_ws/src/install/custom_msgs/lib/libcustom_msgs__rosidl_typesupport_cpp.so
[0.443s] Listing '/home/msi/ros2_ws/src/install/custom_msgs/local/lib/python3.10/dist-packages/custom_msgs'...
[0.443s] Listing '/home/msi/ros2_ws/src/install/custom_msgs/local/lib/python3.10/dist-packages/custom_msgs/msg'...
[0.447s] -- Up-to-date: /home/msi/ros2_ws/src/install/custom_msgs/lib/libcustom_msgs__rosidl_generator_py.so
[0.447s] -- Up-to-date: /home/msi/ros2_ws/src/install/custom_msgs/share/custom_msgs/cmake/export_custom_msgs__rosidl_generator_cExport.cmake
[0.447s] -- Up-to-date: /home/msi/ros2_ws/src/install/custom_msgs/share/custom_msgs/cmake/export_custom_msgs__rosidl_generator_cExport-noconfig.cmake
[0.447s] -- Up-to-date: /home/msi/ros2_ws/src/install/custom_msgs/share/custom_msgs/cmake/export_custom_msgs__rosidl_typesupport_fastrtps_cExport.cmake
[0.447s] -- Up-to-date: /home/msi/ros2_ws/src/install/custom_msgs/share/custom_msgs/cmake/export_custom_msgs__rosidl_typesupport_fastrtps_cExport-noconfig.cmake
[0.448s] -- Up-to-date: /home/msi/ros2_ws/src/install/custom_msgs/share/custom_msgs/cmake/custom_msgs__rosidl_typesupport_introspection_cExport.cmake
[0.448s] -- Up-to-date: /home/msi/ros2_ws/src/install/custom_msgs/share/custom_msgs/cmake/custom_msgs__rosidl_typesupport_introspection_cExport-noconfig.cmake
[0.448s] -- Up-to-date: /home/msi/ros2_ws/src/install/custom_msgs/share/custom_msgs/cmake/custom_msgs__rosidl_typesupport_cExport.cmake
[0.448s] -- Up-to-date: /home/msi/ros2_ws/src/install/custom_msgs/share/custom_msgs/cmake/custom_msgs__rosidl_typesupport_cExport-noconfig.cmake
[0.448s] -- Up-to-date: /home/msi/ros2_ws/src/install/custom_msgs/share/custom_msgs/cmake/export_custom_msgs__rosidl_generator_cppExport.cmake
[0.449s] -- Up-to-date: /home/msi/ros2_ws/src/install/custom_msgs/share/custom_msgs/cmake/export_custom_msgs__rosidl_typesupport_fastrtps_cppExport.cmake
[0.449s] -- Up-to-date: /home/msi/ros2_ws/src/install/custom_msgs/share/custom_msgs/cmake/export_custom_msgs__rosidl_typesupport_fastrtps_cppExport-noconfig.cmake
[0.449s] -- Up-to-date: /home/msi/ros2_ws/src/install/custom_msgs/share/custom_msgs/cmake/custom_msgs__rosidl_typesupport_introspection_cppExport.cmake
[0.449s] -- Up-to-date: /home/msi/ros2_ws/src/install/custom_msgs/share/custom_msgs/cmake/custom_msgs__rosidl_typesupport_introspection_cppExport-noconfig.cmake
[0.449s] -- Up-to-date: /home/msi/ros2_ws/src/install/custom_msgs/share/custom_msgs/cmake/custom_msgs__rosidl_typesupport_cppExport.cmake
[0.449s] -- Up-to-date: /home/msi/ros2_ws/src/install/custom_msgs/share/custom_msgs/cmake/custom_msgs__rosidl_typesupport_cppExport-noconfig.cmake
[0.449s] -- Up-to-date: /home/msi/ros2_ws/src/install/custom_msgs/share/custom_msgs/cmake/export_custom_msgs__rosidl_generator_pyExport.cmake
[0.449s] -- Up-to-date: /home/msi/ros2_ws/src/install/custom_msgs/share/custom_msgs/cmake/export_custom_msgs__rosidl_generator_pyExport-noconfig.cmake
[0.452s] Invoked command in '/home/msi/ros2_ws/src/build/custom_msgs' returned '0': CMAKE_PREFIX_PATH=${CMAKE_PREFIX_PATH}:/home/msi/ros2_ws/install/opencv_tests:/opt/ros/humble /usr/bin/cmake --install /home/msi/ros2_ws/src/build/custom_msgs
