[0.018s] Invoking command in '/home/msi/ros2_ws/src/build/explore_lite': CMAKE_PREFIX_PATH=${CMAKE_PREFIX_PATH}:/home/msi/ros2_ws/install/opencv_tests:/opt/ros/humble /usr/bin/cmake /home/msi/ros2_ws/src/m-explore-ros2/explore -DAMENT_CMAKE_SYMLINK_INSTALL=1 -DCMAKE_INSTALL_PREFIX=/home/msi/ros2_ws/src/install/explore_lite
[0.173s] -- The C compiler identification is GNU 11.4.0
[0.279s] -- The CXX compiler identification is GNU 11.4.0
[0.290s] -- Detecting C compiler ABI info
[0.372s] -- Detecting C compiler ABI info - done
[0.380s] -- Check for working C compiler: /usr/bin/cc - skipped
[0.380s] -- Detecting C compile features
[0.380s] -- Detecting C compile features - done
[0.384s] -- Detecting CXX compiler ABI info
[0.462s] -- Detecting CXX compiler ABI info - done
[0.474s] -- Check for working CXX compiler: /usr/bin/c++ - skipped
[0.475s] -- Detecting CXX compile features
[0.475s] -- Detecting CXX compile features - done
[0.476s] -- BuilD for ROS2: humble
[0.493s] -- Found ament_cmake: 1.3.11 (/opt/ros/humble/share/ament_cmake/cmake)
[0.653s] -- Found Python3: /usr/bin/python3 (found version "3.10.12") found components: Interpreter 
[0.738s] -- Override CMake install command with custom implementation using symlinks instead of copying resources
[0.806s] -- Found rclcpp: 16.0.12 (/opt/ros/humble/share/rclcpp/cmake)
[0.894s] -- Found rosidl_generator_c: 3.1.6 (/opt/ros/humble/share/rosidl_generator_c/cmake)
[0.903s] -- Found rosidl_adapter: 3.1.6 (/opt/ros/humble/share/rosidl_adapter/cmake)
[0.917s] -- Found rosidl_generator_cpp: 3.1.6 (/opt/ros/humble/share/rosidl_generator_cpp/cmake)
[0.943s] -- Using all available rosidl_typesupport_c: rosidl_typesupport_fastrtps_c;rosidl_typesupport_introspection_c
[0.966s] -- Using all available rosidl_typesupport_cpp: rosidl_typesupport_fastrtps_cpp;rosidl_typesupport_introspection_cpp
[1.082s] -- Found rmw_implementation_cmake: 6.1.2 (/opt/ros/humble/share/rmw_implementation_cmake/cmake)
[1.093s] -- Found rmw_fastrtps_cpp: 6.2.7 (/opt/ros/humble/share/rmw_fastrtps_cpp/cmake)
[1.272s] -- Found OpenSSL: /usr/lib/x86_64-linux-gnu/libcrypto.so (found version "3.0.2")  
[1.298s] -- Found FastRTPS: /opt/ros/humble/include  
[1.342s] -- Using RMW implementation 'rmw_fastrtps_cpp' as default
[1.362s] -- Looking for pthread.h
[1.461s] -- Looking for pthread.h - found
[1.461s] -- Performing Test CMAKE_HAVE_LIBC_PTHREAD
[1.531s] -- Performing Test CMAKE_HAVE_LIBC_PTHREAD - Success
[1.532s] -- Found Threads: TRUE  
[1.610s] -- Found sensor_msgs: 4.8.0 (/opt/ros/humble/share/sensor_msgs/cmake)
[1.639s] -- Found tf2_ros: 0.25.12 (/opt/ros/humble/share/tf2_ros/cmake)
[1.820s] -- Found tf2_geometry_msgs: 0.25.12 (/opt/ros/humble/share/tf2_geometry_msgs/cmake)
[1.853s] -- Found eigen3_cmake_module: 0.1.1 (/opt/ros/humble/share/eigen3_cmake_module/cmake)
[1.856s] -- Found Eigen3: TRUE (found version "3.4.0") 
[1.856s] -- Ensuring Eigen3 include directory is part of orocos-kdl CMake target
[1.863s] -- Found nav2_msgs: 1.1.18 (/opt/ros/humble/share/nav2_msgs/cmake)
[1.922s] -- Found map_msgs: 2.1.0 (/opt/ros/humble/share/map_msgs/cmake)
[1.949s] -- Found visualization_msgs: 4.8.0 (/opt/ros/humble/share/visualization_msgs/cmake)
[1.970s] -- Found nav2_costmap_2d: 1.1.18 (/opt/ros/humble/share/nav2_costmap_2d/cmake)
[2.209s] -- Found ament_lint_auto: 0.12.12 (/opt/ros/humble/share/ament_lint_auto/cmake)
[2.351s] -- Found ament_cmake_gtest: 1.3.11 (/opt/ros/humble/share/ament_cmake_gtest/cmake)
[2.355s] -- Found gtest sources under '/opt/ros/humble/src/gtest_vendor': C++ tests using 'Google Test' will be built
[2.390s] -- Added test 'cppcheck' to perform static code analysis on C / C++ code
[2.390s] -- Configured cppcheck include dirs: /home/msi/ros2_ws/src/m-explore-ros2/explore/include;$<BUILD_INTERFACE:/home/msi/ros2_ws/src/m-explore-ros2/explore/include>
[2.391s] -- Configured cppcheck exclude dirs and/or files: 
[2.393s] -- Added test 'flake8' to check Python code syntax and style conventions
[2.395s] -- Added test 'lint_cmake' to check CMake code style
[2.397s] -- Added test 'pep257' to check Python code against some of the docstring style conventions in PEP 257
[2.401s] -- Added test 'uncrustify' to check C / C++ code style
[2.401s] -- Configured uncrustify additional arguments: 
[2.403s] -- Added test 'xmllint' to check XML markup files
[2.408s] -- Configuring done
[2.694s] -- Generating done
[2.715s] -- Build files have been written to: /home/msi/ros2_ws/src/build/explore_lite
[2.746s] Invoked command in '/home/msi/ros2_ws/src/build/explore_lite' returned '0': CMAKE_PREFIX_PATH=${CMAKE_PREFIX_PATH}:/home/msi/ros2_ws/install/opencv_tests:/opt/ros/humble /usr/bin/cmake /home/msi/ros2_ws/src/m-explore-ros2/explore -DAMENT_CMAKE_SYMLINK_INSTALL=1 -DCMAKE_INSTALL_PREFIX=/home/msi/ros2_ws/src/install/explore_lite
[2.753s] Invoking command in '/home/msi/ros2_ws/src/build/explore_lite': CMAKE_PREFIX_PATH=${CMAKE_PREFIX_PATH}:/home/msi/ros2_ws/install/opencv_tests:/opt/ros/humble /usr/bin/cmake --build /home/msi/ros2_ws/src/build/explore_lite -- -j12 -l12
[2.839s] [ 10%] [32mBuilding CXX object gtest/CMakeFiles/gtest.dir/src/gtest-all.cc.o[0m
[2.843s] [ 20%] [32mBuilding CXX object gtest/CMakeFiles/gtest_main.dir/src/gtest_main.cc.o[0m
[2.859s] [ 30%] [32mBuilding CXX object CMakeFiles/explore.dir/src/frontier_search.cpp.o[0m
[2.862s] [ 40%] [32mBuilding CXX object CMakeFiles/explore.dir/src/explore.cpp.o[0m
[2.867s] [ 50%] [32mBuilding CXX object CMakeFiles/explore.dir/src/costmap_client.cpp.o[0m
[3.956s] [ 60%] [32m[1mLinking CXX static library libgtest_main.a[0m
[4.088s] [ 60%] Built target gtest_main
[7.499s] [ 70%] [32m[1mLinking CXX static library libgtest.a[0m
[7.588s] [ 70%] Built target gtest
[7.623s] [ 80%] [32mBuilding CXX object CMakeFiles/test_explore.dir/test/test_explore.cpp.o[0m
[9.150s] [ 90%] [32m[1mLinking CXX executable test_explore[0m
[10.083s] [ 90%] Built target test_explore
[18.066s] [100%] [32m[1mLinking CXX executable explore[0m
[19.560s] [100%] Built target explore
[19.568s] Invoked command in '/home/msi/ros2_ws/src/build/explore_lite' returned '0': CMAKE_PREFIX_PATH=${CMAKE_PREFIX_PATH}:/home/msi/ros2_ws/install/opencv_tests:/opt/ros/humble /usr/bin/cmake --build /home/msi/ros2_ws/src/build/explore_lite -- -j12 -l12
[19.570s] Invoking command in '/home/msi/ros2_ws/src/build/explore_lite': CMAKE_PREFIX_PATH=${CMAKE_PREFIX_PATH}:/home/msi/ros2_ws/install/opencv_tests:/opt/ros/humble /usr/bin/cmake --install /home/msi/ros2_ws/src/build/explore_lite
[19.575s] -- Install configuration: ""
[19.575s] -- Execute custom install script
[19.575s] -- Symlinking: /home/msi/ros2_ws/src/install/explore_lite/include/explore//costmap_client.h
[19.582s] -- Symlinking: /home/msi/ros2_ws/src/install/explore_lite/include/explore//costmap_tools.h
[19.588s] -- Symlinking: /home/msi/ros2_ws/src/install/explore_lite/include/explore//explore.h
[19.595s] -- Symlinking: /home/msi/ros2_ws/src/install/explore_lite/include/explore//frontier_search.h
[19.601s] -- Symlinking: /home/msi/ros2_ws/src/install/explore_lite/share/explore_lite/config/params.yaml
[19.606s] -- Symlinking: /home/msi/ros2_ws/src/install/explore_lite/share/explore_lite/config/params_costmap.yaml
[19.613s] -- Symlinking: /home/msi/ros2_ws/src/install/explore_lite/share/explore_lite/launch/explore.launch.py
[19.619s] -- Symlinking: /home/msi/ros2_ws/src/install/explore_lite/lib/explore_lite/explore
[19.625s] -- Symlinking: /home/msi/ros2_ws/src/install/explore_lite/share/ament_index/resource_index/package_run_dependencies/explore_lite
[19.631s] -- Symlinking: /home/msi/ros2_ws/src/install/explore_lite/share/ament_index/resource_index/parent_prefix_path/explore_lite
[19.638s] -- Symlinking: /home/msi/ros2_ws/src/install/explore_lite/share/explore_lite/environment/ament_prefix_path.sh
[19.643s] -- Symlinking: /home/msi/ros2_ws/src/install/explore_lite/share/explore_lite/environment/ament_prefix_path.dsv
[19.649s] -- Symlinking: /home/msi/ros2_ws/src/install/explore_lite/share/explore_lite/environment/path.sh
[19.655s] -- Symlinking: /home/msi/ros2_ws/src/install/explore_lite/share/explore_lite/environment/path.dsv
[19.661s] -- Symlinking: /home/msi/ros2_ws/src/install/explore_lite/share/explore_lite/local_setup.bash
[19.667s] -- Symlinking: /home/msi/ros2_ws/src/install/explore_lite/share/explore_lite/local_setup.sh
[19.673s] -- Symlinking: /home/msi/ros2_ws/src/install/explore_lite/share/explore_lite/local_setup.zsh
[19.680s] -- Symlinking: /home/msi/ros2_ws/src/install/explore_lite/share/explore_lite/local_setup.dsv
[19.686s] -- Symlinking: /home/msi/ros2_ws/src/install/explore_lite/share/explore_lite/package.dsv
[19.693s] -- Symlinking: /home/msi/ros2_ws/src/install/explore_lite/share/ament_index/resource_index/packages/explore_lite
[19.699s] -- Symlinking: /home/msi/ros2_ws/src/install/explore_lite/share/explore_lite/cmake/ament_cmake_export_include_directories-extras.cmake
[19.705s] -- Symlinking: /home/msi/ros2_ws/src/install/explore_lite/share/explore_lite/cmake/explore_liteConfig.cmake
[19.711s] -- Symlinking: /home/msi/ros2_ws/src/install/explore_lite/share/explore_lite/cmake/explore_liteConfig-version.cmake
[19.717s] -- Symlinking: /home/msi/ros2_ws/src/install/explore_lite/share/explore_lite/package.xml
[19.724s] Invoked command in '/home/msi/ros2_ws/src/build/explore_lite' returned '0': CMAKE_PREFIX_PATH=${CMAKE_PREFIX_PATH}:/home/msi/ros2_ws/install/opencv_tests:/opt/ros/humble /usr/bin/cmake --install /home/msi/ros2_ws/src/build/explore_lite
