-- The C compiler identification is GNU 11.4.0
-- The CXX compiler identification is GNU 11.4.0
-- Detecting C compiler ABI info
-- Detecting C compiler ABI info - done
-- Check for working C compiler: /usr/bin/cc - skipped
-- Detecting C compile features
-- Detecting C compile features - done
-- Detecting CXX compiler ABI info
-- Detecting CXX compiler ABI info - done
-- Check for working CXX compiler: /usr/bin/c++ - skipped
-- Detecting CXX compile features
-- Detecting CXX compile features - done
-- Found ament_cmake: 1.3.11 (/opt/ros/humble/share/ament_cmake/cmake)
-- Found Python3: /usr/bin/python3 (found version "3.10.12") found components: Interpreter 
-- Override CMake install command with custom implementation using symlinks instead of copying resources
-- Found rclcpp: 16.0.12 (/opt/ros/humble/share/rclcpp/cmake)
-- Found rosidl_generator_c: 3.1.6 (/opt/ros/humble/share/rosidl_generator_c/cmake)
-- Found rosidl_adapter: 3.1.6 (/opt/ros/humble/share/rosidl_adapter/cmake)
-- Found rosidl_generator_cpp: 3.1.6 (/opt/ros/humble/share/rosidl_generator_cpp/cmake)
-- Using all available rosidl_typesupport_c: rosidl_typesupport_fastrtps_c;rosidl_typesupport_introspection_c
-- Using all available rosidl_typesupport_cpp: rosidl_typesupport_fastrtps_cpp;rosidl_typesupport_introspection_cpp
-- Found rmw_implementation_cmake: 6.1.2 (/opt/ros/humble/share/rmw_implementation_cmake/cmake)
-- Found rmw_fastrtps_cpp: 6.2.7 (/opt/ros/humble/share/rmw_fastrtps_cpp/cmake)
-- Found OpenSSL: /usr/lib/x86_64-linux-gnu/libcrypto.so (found version "3.0.2")  
-- Found FastRTPS: /opt/ros/humble/include  
-- Using RMW implementation 'rmw_fastrtps_cpp' as default
-- Looking for pthread.h
-- Looking for pthread.h - found
-- Performing Test CMAKE_HAVE_LIBC_PTHREAD
-- Performing Test CMAKE_HAVE_LIBC_PTHREAD - Success
-- Found Threads: TRUE  
-- Found geometry_msgs: 4.8.0 (/opt/ros/humble/share/geometry_msgs/cmake)
-- Found image_geometry: 4.1.0 (/home/msi/ros2_ws/src/install/image_geometry/share/image_geometry/cmake)
-- Found map_msgs: 2.1.0 (/opt/ros/humble/share/map_msgs/cmake)
-- Found tf2_geometry_msgs: 0.25.12 (/opt/ros/humble/share/tf2_geometry_msgs/cmake)
-- Found eigen3_cmake_module: 0.1.1 (/opt/ros/humble/share/eigen3_cmake_module/cmake)
-- Found Eigen3: TRUE (found version "3.4.0") 
-- Ensuring Eigen3 include directory is part of orocos-kdl CMake target
-- Found Boost: /usr/lib/x86_64-linux-gnu/cmake/Boost-1.74.0/BoostConfig.cmake (found version "1.74.0") found components: thread 
-- Found OpenCV: /usr/local (found version "4.2.0") 
-- Found ament_lint_auto: 0.12.12 (/opt/ros/humble/share/ament_lint_auto/cmake)
-- Found ament_cmake_gtest: 1.3.11 (/opt/ros/humble/share/ament_cmake_gtest/cmake)
--2025-05-20 14:02:23--  https://raw.githubusercontent.com/hrnr/m-explore-extra/master/map_merge/hector_maps/map00.pgm
Resolving raw.githubusercontent.com (raw.githubusercontent.com)... 185.199.109.133, 185.199.110.133, 185.199.111.133, ...
Connecting to raw.githubusercontent.com (raw.githubusercontent.com)|185.199.109.133|:443... connected.
HTTP request sent, awaiting response... 200 OK
Length: 4194362 (4.0M) [application/octet-stream]
Saving to: ‘/home/msi/ros2_ws/src/build/multirobot_map_merge/map00.pgm’

     0K .......... .......... .......... .......... ..........  1% 1.15M 3s
    50K .......... .......... .......... .......... ..........  2% 1.23M 3s
   100K .......... .......... .......... .......... ..........  3% 3.03M 3s
   150K .......... .......... .......... .......... ..........  4% 1.46M 3s
   200K .......... .......... .......... .......... ..........  6% 2.66M 2s
   250K .......... .......... .......... .......... ..........  7% 1.62M 2s
   300K .......... .......... .......... .......... ..........  8% 3.97M 2s
   350K .......... .......... .......... .......... ..........  9% 4.04M 2s
   400K .......... .......... .......... .......... .......... 10% 1.96M 2s
   450K .......... .......... .......... .......... .......... 12% 2.76M 2s
   500K .......... .......... .......... .......... .......... 13% 2.72M 2s
   550K .......... .......... .......... .......... .......... 14% 2.57M 2s
   600K .......... .......... .......... .......... .......... 15% 2.47M 2s
   650K .......... .......... .......... .......... .......... 17% 6.45M 2s
   700K .......... .......... .......... .......... .......... 18% 1.25M 2s
   750K .......... .......... .......... .......... .......... 19% 7.58M 1s
   800K .......... .......... .......... .......... .......... 20% 1.99M 1s
   850K .......... .......... .......... .......... .......... 21% 1.71M 1s
   900K .......... .......... .......... .......... .......... 23% 3.69M 1s
   950K .......... .......... .......... .......... .......... 24% 4.38M 1s
  1000K .......... .......... .......... .......... .......... 25% 2.65M 1s
  1050K .......... .......... .......... .......... .......... 26% 3.99M 1s
  1100K .......... .......... .......... .......... .......... 28% 3.82M 1s
  1150K .......... .......... .......... .......... .......... 29% 2.90M 1s
  1200K .......... .......... .......... .......... .......... 30% 3.73M 1s
  1250K .......... .......... .......... .......... .......... 31% 3.18M 1s
  1300K .......... .......... .......... .......... .......... 32% 2.55M 1s
  1350K .......... .......... .......... .......... .......... 34% 4.13M 1s
  1400K .......... .......... .......... .......... .......... 35% 5.60M 1s
  1450K .......... .......... .......... .......... .......... 36% 1.82M 1s
  1500K .......... .......... .......... .......... .......... 37%  305M 1s
  1550K .......... .......... .......... .......... .......... 39% 3.49M 1s
  1600K .......... .......... .......... .......... .......... 40% 6.30M 1s
  1650K .......... .......... .......... .......... .......... 41% 1.84M 1s
  1700K .......... .......... .......... .......... .......... 42% 4.47M 1s
  1750K .......... .......... .......... .......... .......... 43% 4.12M 1s
  1800K .......... .......... .......... .......... .......... 45% 7.21M 1s
  1850K .......... .......... .......... .......... .......... 46% 3.80M 1s
  1900K .......... .......... .......... .......... .......... 47% 2.24M 1s
  1950K .......... .......... .......... .......... .......... 48% 1.01M 1s
  2000K .......... .......... .......... .......... .......... 50% 18.6M 1s
  2050K .......... .......... .......... .......... .......... 51% 2.21M 1s
  2100K .......... .......... .......... .......... .......... 52% 5.52M 1s
  2150K .......... .......... .......... .......... .......... 53%  163M 1s
  2200K .......... .......... .......... .......... .......... 54% 11.3M 1s
  2250K .......... .......... .......... .......... .......... 56% 4.29M 1s
  2300K .......... .......... .......... .......... .......... 57% 1.78M 1s
  2350K .......... .......... .......... .......... .......... 58% 3.62M 1s
  2400K .......... .......... .......... .......... .......... 59% 5.13M 1s
  2450K .......... .......... .......... .......... .......... 61% 2.75M 1s
  2500K .......... .......... .......... .......... .......... 62% 4.38M 1s
  2550K .......... .......... .......... .......... .......... 63% 2.54M 1s
  2600K .......... .......... .......... .......... .......... 64% 2.54M 1s
  2650K .......... .......... .......... .......... .......... 65% 3.02M 0s
  2700K .......... .......... .......... .......... .......... 67% 2.66M 0s
  2750K .......... .......... .......... .......... .......... 68% 2.06M 0s
  2800K .......... .......... .......... .......... .......... 69% 4.44M 0s
  2850K .......... .......... .......... .......... .......... 70% 2.61M 0s
  2900K .......... .......... .......... .......... .......... 72% 3.34M 0s
  2950K .......... .......... .......... .......... .......... 73% 5.18M 0s
  3000K .......... .......... .......... .......... .......... 74% 3.92M 0s
  3050K .......... .......... .......... .......... .......... 75% 2.72M 0s
  3100K .......... .......... .......... .......... .......... 76% 8.22M 0s
  3150K .......... .......... .......... .......... .......... 78% 1.58M 0s
  3200K .......... .......... .......... .......... .......... 79% 4.43M 0s
  3250K .......... .......... .......... .......... .......... 80% 8.68M 0s
  3300K .......... .......... .......... .......... .......... 81% 1.94M 0s
  3350K .......... .......... .......... .......... .......... 83% 4.48M 0s
  3400K .......... .......... .......... .......... .......... 84% 3.99M 0s
  3450K .......... .......... .......... .......... .......... 85% 2.74M 0s
  3500K .......... .......... .......... .......... .......... 86% 2.06M 0s
  3550K .......... .......... .......... .......... .......... 87% 6.77M 0s
  3600K .......... .......... .......... .......... .......... 89% 2.83M 0s
  3650K .......... .......... .......... .......... .......... 90% 1.61M 0s
  3700K .......... .......... .......... .......... .......... 91% 13.3M 0s
  3750K .......... .......... .......... .......... .......... 92% 4.13M 0s
  3800K .......... .......... .......... .......... .......... 93% 4.15M 0s
  3850K .......... .......... .......... .......... .......... 95% 2.28M 0s
  3900K .......... .......... .......... .......... .......... 96% 4.79M 0s
  3950K .......... .......... .......... .......... .......... 97% 3.51M 0s
  4000K .......... .......... .......... .......... .......... 98% 2.95M 0s
  4050K .......... .......... .......... .......... ......    100% 11.4M=1.4s

2025-05-20 14:02:25 (2.96 MB/s) - ‘/home/msi/ros2_ws/src/build/multirobot_map_merge/map00.pgm’ saved [4194362/4194362]

Checking MD5 sum of /home/msi/ros2_ws/src/build/multirobot_map_merge/map00.pgm
/home/msi/ros2_ws/src/build/multirobot_map_merge/map00.pgm: OK
--2025-05-20 14:02:26--  https://raw.githubusercontent.com/hrnr/m-explore-extra/master/map_merge/hector_maps/map05.pgm
Resolving raw.githubusercontent.com (raw.githubusercontent.com)... 185.199.110.133, 185.199.109.133, 185.199.111.133, ...
Connecting to raw.githubusercontent.com (raw.githubusercontent.com)|185.199.110.133|:443... connected.
HTTP request sent, awaiting response... 200 OK
Length: 4194362 (4.0M) [application/octet-stream]
Saving to: ‘/home/msi/ros2_ws/src/build/multirobot_map_merge/map05.pgm’

     0K .......... .......... .......... .......... ..........  1% 1022K 4s
    50K .......... .......... .......... .......... ..........  2% 1.36M 3s
   100K .......... .......... .......... .......... ..........  3% 2.48M 3s
   150K .......... .......... .......... .......... ..........  4% 3.95M 2s
   200K .......... .......... .......... .......... ..........  6% 6.11M 2s
   250K .......... .......... .......... .......... ..........  7% 3.07M 2s
   300K .......... .......... .......... .......... ..........  8% 3.35M 2s
   350K .......... .......... .......... .......... ..........  9% 2.66M 2s
   400K .......... .......... .......... .......... .......... 10% 5.49M 1s
   450K .......... .......... .......... .......... .......... 12% 40.2M 1s
   500K .......... .......... .......... .......... .......... 13% 5.48M 1s
   550K .......... .......... .......... .......... .......... 14% 3.51M 1s
   600K .......... .......... .......... .......... .......... 15% 1.40M 1s
   650K .......... .......... .......... .......... .......... 17% 12.2M 1s
   700K .......... .......... .......... .......... .......... 18% 6.79M 1s
   750K .......... .......... .......... .......... .......... 19% 8.47M 1s
   800K .......... .......... .......... .......... .......... 20% 9.10M 1s
   850K .......... .......... .......... .......... .......... 21% 8.54M 1s
   900K .......... .......... .......... .......... .......... 23% 1.96M 1s
   950K .......... .......... .......... .......... .......... 24% 12.9M 1s
  1000K .......... .......... .......... .......... .......... 25% 6.74M 1s
  1050K .......... .......... .......... .......... .......... 26% 7.41M 1s
  1100K .......... .......... .......... .......... .......... 28% 13.3M 1s
  1150K .......... .......... .......... .......... .......... 29% 1.57M 1s
  1200K .......... .......... .......... .......... .......... 30% 4.96M 1s
  1250K .......... .......... .......... .......... .......... 31%  406M 1s
  1300K .......... .......... .......... .......... .......... 32% 8.83M 1s
  1350K .......... .......... .......... .......... .......... 34% 1.01M 1s
  1400K .......... .......... .......... .......... .......... 35% 3.12M 1s
  1450K .......... .......... .......... .......... .......... 36%  366M 1s
  1500K .......... .......... .......... .......... .......... 37%  497M 1s
  1550K .......... .......... .......... .......... .......... 39% 2.18M 1s
  1600K .......... .......... .......... .......... .......... 40% 16.6M 1s
  1650K .......... .......... .......... .......... .......... 41% 10.2M 1s
  1700K .......... .......... .......... .......... .......... 42%  701K 1s
  1750K .......... .......... .......... .......... .......... 43%  282M 1s
  1800K .......... .......... .......... .......... .......... 45%  372M 1s
  1850K .......... .......... .......... .......... .......... 46%  466M 1s
  1900K .......... .......... .......... .......... .......... 47% 2.12M 1s
  1950K .......... .......... .......... .......... .......... 48% 8.45M 1s
  2000K .......... .......... .......... .......... .......... 50% 2.96M 1s
  2050K .......... .......... .......... .......... .......... 51% 1.12M 1s
  2100K .......... .......... .......... .......... .......... 52% 9.04M 1s
  2150K .......... .......... .......... .......... .......... 53%  395M 1s
  2200K .......... .......... .......... .......... .......... 54%  558M 1s
  2250K .......... .......... .......... .......... .......... 56% 1.63M 1s
  2300K .......... .......... .......... .......... .......... 57% 12.0M 0s
  2350K .......... .......... .......... .......... .......... 58% 21.7M 0s
  2400K .......... .......... .......... .......... .......... 59% 11.1M 0s
  2450K .......... .......... .......... .......... .......... 61% 1.32M 0s
  2500K .......... .......... .......... .......... .......... 62% 1.31M 0s
  2550K .......... .......... .......... .......... .......... 63%  404M 0s
  2600K .......... .......... .......... .......... .......... 64%  339M 0s
  2650K .......... .......... .......... .......... .......... 65% 5.52M 0s
  2700K .......... .......... .......... .......... .......... 67% 1.87M 0s
  2750K .......... .......... .......... .......... .......... 68%  348M 0s
  2800K .......... .......... .......... .......... .......... 69%  364M 0s
  2850K .......... .......... .......... .......... .......... 70% 2.04M 0s
  2900K .......... .......... .......... .......... .......... 72% 5.10M 0s
  2950K .......... .......... .......... .......... .......... 73%  252M 0s
  3000K .......... .......... .......... .......... .......... 74%  366M 0s
  3050K .......... .......... .......... .......... .......... 75% 1.19M 0s
  3100K .......... .......... .......... .......... .......... 76% 6.17M 0s
  3150K .......... .......... .......... .......... .......... 78% 9.12M 0s
  3200K .......... .......... .......... .......... .......... 79%  484M 0s
  3250K .......... .......... .......... .......... .......... 80% 33.9M 0s
  3300K .......... .......... .......... .......... .......... 81% 1.38M 0s
  3350K .......... .......... .......... .......... .......... 83% 4.30M 0s
  3400K .......... .......... .......... .......... .......... 84%  316M 0s
  3450K .......... .......... .......... .......... .......... 85%  401M 0s
  3500K .......... .......... .......... .......... .......... 86%  564K 0s
  3550K .......... .......... .......... .......... .......... 87% 6.24M 0s
  3600K .......... .......... .......... .......... .......... 89% 6.07M 0s
  3650K .......... .......... .......... .......... .......... 90%  481M 0s
  3700K .......... .......... .......... .......... .......... 91%  520M 0s
  3750K .......... .......... .......... .......... .......... 92%  491M 0s
  3800K .......... .......... .......... .......... .......... 93% 18.8M 0s
  3850K .......... .......... .......... .......... .......... 95%  518M 0s
  3900K .......... .......... .......... .......... .......... 96%  565K 0s
  3950K .......... .......... .......... .......... .......... 97% 22.4M 0s
  4000K .......... .......... .......... .......... .......... 98%  536M 0s
  4050K .......... .......... .......... .......... ......    100%  487M=1.1s

2025-05-20 14:02:27 (3.61 MB/s) - ‘/home/msi/ros2_ws/src/build/multirobot_map_merge/map05.pgm’ saved [4194362/4194362]

Checking MD5 sum of /home/msi/ros2_ws/src/build/multirobot_map_merge/map05.pgm
/home/msi/ros2_ws/src/build/multirobot_map_merge/map05.pgm: OK
--2025-05-20 14:02:27--  https://raw.githubusercontent.com/hrnr/m-explore-extra/master/map_merge/gmapping_maps/2011-08-09-12-22-52.pgm
Resolving raw.githubusercontent.com (raw.githubusercontent.com)... 185.199.110.133, 185.199.111.133, 185.199.108.133, ...
Connecting to raw.githubusercontent.com (raw.githubusercontent.com)|185.199.110.133|:443... connected.
HTTP request sent, awaiting response... 200 OK
Length: 16000058 (15M) [application/octet-stream]
Saving to: ‘/home/msi/ros2_ws/src/build/multirobot_map_merge/2011-08-09-12-22-52.pgm’

     0K .......... .......... .......... .......... ..........  0% 1.12M 14s
    50K .......... .......... .......... .......... ..........  0% 1.33M 12s
   100K .......... .......... .......... .......... ..........  0% 4.16M 9s
   150K .......... .......... .......... .......... ..........  1% 2.77M 8s
   200K .......... .......... .......... .......... ..........  1% 3.11M 8s
   250K .......... .......... .......... .......... ..........  1% 3.84M 7s
   300K .......... .......... .......... .......... ..........  2% 6.50M 6s
   350K .......... .......... .......... .......... ..........  2% 1.75M 7s
   400K .......... .......... .......... .......... ..........  2% 1.59M 7s
   450K .......... .......... .......... .......... ..........  3% 4.78M 6s
   500K .......... .......... .......... .......... ..........  3% 13.7M 6s
   550K .......... .......... .......... .......... ..........  3% 2.99M 6s
   600K .......... .......... .......... .......... ..........  4% 1.22M 6s
   650K .......... .......... .......... .......... ..........  4% 27.7M 6s
   700K .......... .......... .......... .......... ..........  4% 4.10M 6s
   750K .......... .......... .......... .......... ..........  5% 6.02M 5s
   800K .......... .......... .......... .......... ..........  5% 2.77M 5s
   850K .......... .......... .......... .......... ..........  5% 4.15M 5s
   900K .......... .......... .......... .......... ..........  6% 7.50M 5s
   950K .......... .......... .......... .......... ..........  6% 3.04M 5s
  1000K .......... .......... .......... .......... ..........  6% 4.80M 5s
  1050K .......... .......... .......... .......... ..........  7% 3.79M 5s
  1100K .......... .......... .......... .......... ..........  7% 4.96M 5s
  1150K .......... .......... .......... .......... ..........  7% 2.19M 5s
  1200K .......... .......... .......... .......... ..........  7% 6.68M 5s
  1250K .......... .......... .......... .......... ..........  8%  295M 5s
  1300K .......... .......... .......... .......... ..........  8% 5.08M 4s
  1350K .......... .......... .......... .......... ..........  8% 1.46M 5s
  1400K .......... .......... .......... .......... ..........  9% 9.60M 4s
  1450K .......... .......... .......... .......... ..........  9% 5.51M 4s
  1500K .......... .......... .......... .......... ..........  9% 1.36M 5s
  1550K .......... .......... .......... .......... .......... 10% 21.0M 4s
  1600K .......... .......... .......... .......... .......... 10% 6.71M 4s
  1650K .......... .......... .......... .......... .......... 10% 41.6M 4s
  1700K .......... .......... .......... .......... .......... 11% 1.12M 4s
  1750K .......... .......... .......... .......... .......... 11%  225M 4s
  1800K .......... .......... .......... .......... .......... 11%  292M 4s
  1850K .......... .......... .......... .......... .......... 12% 1.09M 4s
  1900K .......... .......... .......... .......... .......... 12% 19.1M 4s
  1950K .......... .......... .......... .......... .......... 12% 12.6M 4s
  2000K .......... .......... .......... .......... .......... 13% 8.01M 4s
  2050K .......... .......... .......... .......... .......... 13% 1.28M 4s
  2100K .......... .......... .......... .......... .......... 13% 6.34M 4s
  2150K .......... .......... .......... .......... .......... 14%  288M 4s
  2200K .......... .......... .......... .......... .......... 14% 1.12M 4s
  2250K .......... .......... .......... .......... .......... 14% 11.0M 4s
  2300K .......... .......... .......... .......... .......... 15% 23.2M 4s
  2350K .......... .......... .......... .......... .......... 15% 8.03M 4s
  2400K .......... .......... .......... .......... .......... 15% 1.33M 4s
  2450K .......... .......... .......... .......... .......... 15% 7.22M 4s
  2500K .......... .......... .......... .......... .......... 16% 38.4M 4s
  2550K .......... .......... .......... .......... .......... 16% 31.1M 4s
  2600K .......... .......... .......... .......... .......... 16% 1.21M 4s
  2650K .......... .......... .......... .......... .......... 17% 15.7M 4s
  2700K .......... .......... .......... .......... .......... 17%  267M 4s
  2750K .......... .......... .......... .......... .......... 17%  900K 4s
  2800K .......... .......... .......... .......... .......... 18%  249M 4s
  2850K .......... .......... .......... .......... .......... 18%  315M 4s
  2900K .......... .......... .......... .......... .......... 18%  300M 4s
  2950K .......... .......... .......... .......... .......... 19% 1.22M 4s
  3000K .......... .......... .......... .......... .......... 19% 14.4M 4s
  3050K .......... .......... .......... .......... .......... 19% 21.8M 4s
  3100K .......... .......... .......... .......... .......... 20% 1.10M 4s
  3150K .......... .......... .......... .......... .......... 20% 10.6M 4s
  3200K .......... .......... .......... .......... .......... 20% 11.1M 4s
  3250K .......... .......... .......... .......... .......... 21% 34.0M 4s
  3300K .......... .......... .......... .......... .......... 21% 1.26M 4s
  3350K .......... .......... .......... .......... .......... 21% 8.23M 4s
  3400K .......... .......... .......... .......... .......... 22%  266M 4s
  3450K .......... .......... .......... .......... .......... 22%  263M 3s
  3500K .......... .......... .......... .......... .......... 22%  109M 3s
  3550K .......... .......... .......... .......... .......... 23%  883K 4s
  3600K .......... .......... .......... .......... .......... 23%  448M 3s
  3650K .......... .......... .......... .......... .......... 23%  677M 3s
  3700K .......... .......... .......... .......... .......... 23%  656M 3s
  3750K .......... .......... .......... .......... .......... 24% 1.33M 3s
  3800K .......... .......... .......... .......... .......... 24% 12.5M 3s
  3850K .......... .......... .......... .......... .......... 24% 7.24M 3s
  3900K .......... .......... .......... .......... .......... 25% 1.10M 3s
  3950K .......... .......... .......... .......... .......... 25% 6.98M 3s
  4000K .......... .......... .......... .......... .......... 25%  120M 3s
  4050K .......... .......... .......... .......... .......... 26%  114M 3s
  4100K .......... .......... .......... .......... .......... 26%  560K 3s
  4150K .......... .......... .......... .......... .......... 26% 14.8M 3s
  4200K .......... .......... .......... .......... .......... 27% 4.49M 3s
  4250K .......... .......... .......... .......... .......... 27%  297M 3s
  4300K .......... .......... .......... .......... .......... 27% 42.0M 3s
  4350K .......... .......... .......... .......... .......... 28%  281M 3s
  4400K .......... .......... .......... .......... .......... 28%  586K 3s
  4450K .......... .......... .......... .......... .......... 28% 1.52M 3s
  4500K .......... .......... .......... .......... .......... 29%  509M 3s
  4550K .......... .......... .......... .......... .......... 29%  338M 3s
  4600K .......... .......... .......... .......... .......... 29%  575M 3s
  4650K .......... .......... .......... .......... .......... 30%  715K 3s
  4700K .......... .......... .......... .......... .......... 30%  346M 3s
  4750K .......... .......... .......... .......... .......... 30% 5.03M 3s
  4800K .......... .......... .......... .......... .......... 31% 13.8M 3s
  4850K .......... .......... .......... .......... .......... 31% 1.49M 3s
  4900K .......... .......... .......... .......... .......... 31% 2.00M 3s
  4950K .......... .......... .......... .......... .......... 31%  333M 3s
  5000K .......... .......... .......... .......... .......... 32% 1.08M 3s
  5050K .......... .......... .......... .......... .......... 32%  367M 3s
  5100K .......... .......... .......... .......... .......... 32%  542K 3s
  5150K .......... .......... .......... .......... .......... 33%  207M 3s
  5200K .......... .......... .......... .......... .......... 33%  593K 3s
  5250K .......... .......... .......... .......... .......... 33%  262M 3s
  5300K .......... .......... .......... .......... .......... 34%  377M 3s
  5350K .......... .......... .......... .......... .......... 34%  321M 3s
  5400K .......... .......... .......... .......... .......... 34%  588K 3s
  5450K .......... .......... .......... .......... .......... 35%  327M 3s
  5500K .......... .......... .......... .......... .......... 35%  351M 3s
  5550K .......... .......... .......... .......... .......... 35%  701K 3s
  5600K .......... .......... .......... .......... .......... 36% 6.65M 3s
  5650K .......... .......... .......... .......... .......... 36%  346M 3s
  5700K .......... .......... .......... .......... .......... 36%  422M 3s
  5750K .......... .......... .......... .......... .......... 37% 1.22M 3s
  5800K .......... .......... .......... .......... .......... 37% 21.2M 3s
  5850K .......... .......... .......... .......... .......... 37%  504M 3s
  5900K .......... .......... .......... .......... .......... 38%  910K 3s
  5950K .......... .......... .......... .......... .......... 38%  331M 3s
  6000K .......... .......... .......... .......... .......... 38% 1.76M 3s
  6050K .......... .......... .......... .......... .......... 39%  342M 3s
  6100K .......... .......... .......... .......... .......... 39%  358M 3s
  6150K .......... .......... .......... .......... .......... 39%  820K 3s
  6200K .......... .......... .......... .......... .......... 39% 12.7M 3s
  6250K .......... .......... .......... .......... .......... 40%  299M 3s
  6300K .......... .......... .......... .......... .......... 40% 25.2M 3s
  6350K .......... .......... .......... .......... .......... 40% 3.21M 3s
  6400K .......... .......... .......... .......... .......... 41%  418M 3s
  6450K .......... .......... .......... .......... .......... 41% 19.3M 3s
  6500K .......... .......... .......... .......... .......... 41% 1.83M 3s
  6550K .......... .......... .......... .......... .......... 42% 15.1M 3s
  6600K .......... .......... .......... .......... .......... 42%  555M 3s
  6650K .......... .......... .......... .......... .......... 42%  164K 3s
  6700K .......... .......... .......... .......... .......... 43%  508K 3s
  6750K .......... .......... .......... .......... .......... 43% 1.34M 3s
  6800K .......... .......... .......... .......... .......... 43% 1.48M 3s
  6850K .......... .......... .......... .......... .......... 44% 2.87M 3s
  6900K .......... .......... .......... .......... .......... 44% 1.48M 3s
  6950K .......... .......... .......... .......... .......... 44% 1.98M 3s
  7000K .......... .......... .......... .......... .......... 45% 2.41M 3s
  7050K .......... .......... .......... .......... .......... 45% 2.64M 3s
  7100K .......... .......... .......... .......... .......... 45% 6.62M 3s
  7150K .......... .......... .......... .......... .......... 46% 1.95M 3s
  7200K .......... .......... .......... .......... .......... 46% 2.65M 3s
  7250K .......... .......... .......... .......... .......... 46% 18.8M 3s
  7300K .......... .......... .......... .......... .......... 47% 13.4M 3s
  7350K .......... .......... .......... .......... .......... 47% 6.56M 3s
  7400K .......... .......... .......... .......... .......... 47% 16.6M 3s
  7450K .......... .......... .......... .......... .......... 47% 2.47M 3s
  7500K .......... .......... .......... .......... .......... 48%  507M 3s
  7550K .......... .......... .......... .......... .......... 48% 22.7M 3s
  7600K .......... .......... .......... .......... .......... 48% 19.9M 3s
  7650K .......... .......... .......... .......... .......... 49% 4.92M 3s
  7700K .......... .......... .......... .......... .......... 49% 2.19M 3s
  7750K .......... .......... .......... .......... .......... 49% 9.68M 3s
  7800K .......... .......... .......... .......... .......... 50% 3.84M 3s
  7850K .......... .......... .......... .......... .......... 50% 16.3M 3s
  7900K .......... .......... .......... .......... .......... 50% 4.89M 3s
  7950K .......... .......... .......... .......... .......... 51%  485M 3s
  8000K .......... .......... .......... .......... .......... 51% 6.27M 3s
  8050K .......... .......... .......... .......... .......... 51% 13.4M 3s
  8100K .......... .......... .......... .......... .......... 52% 9.45M 3s
  8150K .......... .......... .......... .......... .......... 52% 4.35M 3s
  8200K .......... .......... .......... .......... .......... 52% 3.90M 3s
  8250K .......... .......... .......... .......... .......... 53% 3.03M 3s
  8300K .......... .......... .......... .......... .......... 53% 7.28M 3s
  8350K .......... .......... .......... .......... .......... 53% 5.81M 3s
  8400K .......... .......... .......... .......... .......... 54% 20.0M 3s
  8450K .......... .......... .......... .......... .......... 54% 7.46M 2s
  8500K .......... .......... .......... .......... .......... 54% 5.24M 2s
  8550K .......... .......... .......... .......... .......... 55% 7.52M 2s
  8600K .......... .......... .......... .......... .......... 55%  582M 2s
  8650K .......... .......... .......... .......... .......... 55% 4.54M 2s
  8700K .......... .......... .......... .......... .......... 55% 12.4M 2s
  8750K .......... .......... .......... .......... .......... 56% 6.78M 2s
  8800K .......... .......... .......... .......... .......... 56% 10.9M 2s
  8850K .......... .......... .......... .......... .......... 56% 12.4M 2s
  8900K .......... .......... .......... .......... .......... 57% 14.0M 2s
  8950K .......... .......... .......... .......... .......... 57% 3.98M 2s
  9000K .......... .......... .......... .......... .......... 57% 5.24M 2s
  9050K .......... .......... .......... .......... .......... 58% 10.4M 2s
  9100K .......... .......... .......... .......... .......... 58% 2.63M 2s
  9150K .......... .......... .......... .......... .......... 58% 15.0M 2s
  9200K .......... .......... .......... .......... .......... 59%  430M 2s
  9250K .......... .......... .......... .......... .......... 59% 7.59M 2s
  9300K .......... .......... .......... .......... .......... 59% 2.31M 2s
  9350K .......... .......... .......... .......... .......... 60% 13.4M 2s
  9400K .......... .......... .......... .......... .......... 60% 51.1M 2s
  9450K .......... .......... .......... .......... .......... 60% 12.4M 2s
  9500K .......... .......... .......... .......... .......... 61% 1.00M 2s
  9550K .......... .......... .......... .......... .......... 61% 7.32M 2s
  9600K .......... .......... .......... .......... .......... 61%  355M 2s
  9650K .......... .......... .......... .......... .......... 62% 7.24M 2s
  9700K .......... .......... .......... .......... .......... 62%  312M 2s
  9750K .......... .......... .......... .......... .......... 62%  304M 2s
  9800K .......... .......... .......... .......... .......... 63% 1.43M 2s
  9850K .......... .......... .......... .......... .......... 63%  304M 2s
  9900K .......... .......... .......... .......... .......... 63% 16.3M 2s
  9950K .......... .......... .......... .......... .......... 63% 1.10M 2s
 10000K .......... .......... .......... .......... .......... 64% 1.37M 2s
 10050K .......... .......... .......... .......... .......... 64%  413M 2s
 10100K .......... .......... .......... .......... .......... 64%  498M 2s
 10150K .......... .......... .......... .......... .......... 65%  509M 2s
 10200K .......... .......... .......... .......... .......... 65%  576M 2s
 10250K .......... .......... .......... .......... .......... 65%  725K 2s
 10300K .......... .......... .......... .......... .......... 66%  300M 2s
 10350K .......... .......... .......... .......... .......... 66%  371M 2s
 10400K .......... .......... .......... .......... .......... 66% 4.87M 2s
 10450K .......... .......... .......... .......... .......... 67%  204M 2s
 10500K .......... .......... .......... .......... .......... 67% 93.1M 2s
 10550K .......... .......... .......... .......... .......... 67%  354M 2s
 10600K .......... .......... .......... .......... .......... 68%  611K 2s
 10650K .......... .......... .......... .......... .......... 68% 4.52M 2s
 10700K .......... .......... .......... .......... .......... 68%  365M 2s
 10750K .......... .......... .......... .......... .......... 69%  354M 2s
 10800K .......... .......... .......... .......... .......... 69%  536M 2s
 10850K .......... .......... .......... .......... .......... 69%  524M 2s
 10900K .......... .......... .......... .......... .......... 70% 18.0M 1s
 10950K .......... .......... .......... .......... .......... 70% 1.41M 1s
 11000K .......... .......... .......... .......... .......... 70% 18.5M 1s
 11050K .......... .......... .......... .......... .......... 71%  834K 1s
 11100K .......... .......... .......... .......... .......... 71% 19.2M 1s
 11150K .......... .......... .......... .......... .......... 71%  348M 1s
 11200K .......... .......... .......... .......... .......... 71%  469M 1s
 11250K .......... .......... .......... .......... .......... 72%  494M 1s
 11300K .......... .......... .......... .......... .......... 72% 41.9M 1s
 11350K .......... .......... .......... .......... .......... 72%  572K 1s
 11400K .......... .......... .......... .......... .......... 73%  293M 1s
 11450K .......... .......... .......... .......... .......... 73% 9.15M 1s
 11500K .......... .......... .......... .......... .......... 73%  442M 1s
 11550K .......... .......... .......... .......... .......... 74%  534M 1s
 11600K .......... .......... .......... .......... .......... 74% 9.07M 1s
 11650K .......... .......... .......... .......... .......... 74%  453M 1s
 11700K .......... .......... .......... .......... .......... 75%  586K 1s
 11750K .......... .......... .......... .......... .......... 75% 21.8M 1s
 11800K .......... .......... .......... .......... .......... 75% 13.6M 1s
 11850K .......... .......... .......... .......... .......... 76% 13.9M 1s
 11900K .......... .......... .......... .......... .......... 76%  588M 1s
 11950K .......... .......... .......... .......... .......... 76% 1.97M 1s
 12000K .......... .......... .......... .......... .......... 77%  590M 1s
 12050K .......... .......... .......... .......... .......... 77% 3.20M 1s
 12100K .......... .......... .......... .......... .......... 77% 17.3M 1s
 12150K .......... .......... .......... .......... .......... 78% 1.02M 1s
 12200K .......... .......... .......... .......... .......... 78% 10.2M 1s
 12250K .......... .......... .......... .......... .......... 78%  391M 1s
 12300K .......... .......... .......... .......... .......... 79%  392M 1s
 12350K .......... .......... .......... .......... .......... 79% 9.94M 1s
 12400K .......... .......... .......... .......... .......... 79%  504M 1s
 12450K .......... .......... .......... .......... .......... 79%  554K 1s
 12500K .......... .......... .......... .......... .......... 80% 16.2M 1s
 12550K .......... .......... .......... .......... .......... 80%  391M 1s
 12600K .......... .......... .......... .......... .......... 80% 8.28M 1s
 12650K .......... .......... .......... .......... .......... 81%  449M 1s
 12700K .......... .......... .......... .......... .......... 81%  608M 1s
 12750K .......... .......... .......... .......... .......... 81% 13.3M 1s
 12800K .......... .......... .......... .......... .......... 82%  571M 1s
 12850K .......... .......... .......... .......... .......... 82%  575K 1s
 12900K .......... .......... .......... .......... .......... 82% 32.0M 1s
 12950K .......... .......... .......... .......... .......... 83% 7.23M 1s
 13000K .......... .......... .......... .......... .......... 83%  464M 1s
 13050K .......... .......... .......... .......... .......... 83% 10.2M 1s
 13100K .......... .......... .......... .......... .......... 84%  435M 1s
 13150K .......... .......... .......... .......... .......... 84%  463M 1s
 13200K .......... .......... .......... .......... .......... 84%  563K 1s
 13250K .......... .......... .......... .......... .......... 85% 5.21M 1s
 13300K .......... .......... .......... .......... .......... 85%  334M 1s
 13350K .......... .......... .......... .......... .......... 85%  400M 1s
 13400K .......... .......... .......... .......... .......... 86%  473M 1s
 13450K .......... .......... .......... .......... .......... 86% 12.1M 1s
 13500K .......... .......... .......... .......... .......... 86%  390M 1s
 13550K .......... .......... .......... .......... .......... 87%  583K 1s
 13600K .......... .......... .......... .......... .......... 87% 3.38M 1s
 13650K .......... .......... .......... .......... .......... 87%  353M 1s
 13700K .......... .......... .......... .......... .......... 87%  424M 1s
 13750K .......... .......... .......... .......... .......... 88% 10.5M 1s
 13800K .......... .......... .......... .......... .......... 88%  258M 1s
 13850K .......... .......... .......... .......... .......... 88% 17.5M 1s
 13900K .......... .......... .......... .......... .......... 89%  652K 1s
 13950K .......... .......... .......... .......... .......... 89% 11.5M 1s
 14000K .......... .......... .......... .......... .......... 89%  503M 0s
 14050K .......... .......... .......... .......... .......... 90% 8.68M 0s
 14100K .......... .......... .......... .......... .......... 90% 13.1M 0s
 14150K .......... .......... .......... .......... .......... 90%  359M 0s
 14200K .......... .......... .......... .......... .......... 91% 22.0M 0s
 14250K .......... .......... .......... .......... .......... 91%  594K 0s
 14300K .......... .......... .......... .......... .......... 91% 12.4M 0s
 14350K .......... .......... .......... .......... .......... 92% 7.60M 0s
 14400K .......... .......... .......... .......... .......... 92% 13.8M 0s
 14450K .......... .......... .......... .......... .......... 92%  494M 0s
 14500K .......... .......... .......... .......... .......... 93%  473M 0s
 14550K .......... .......... .......... .......... .......... 93% 30.0M 0s
 14600K .......... .......... .......... .......... .......... 93% 1.18M 0s
 14650K .......... .......... .......... .......... .......... 94% 1.15M 0s
 14700K .......... .......... .......... .......... .......... 94% 21.3M 0s
 14750K .......... .......... .......... .......... .......... 94% 11.9M 0s
 14800K .......... .......... .......... .......... .......... 95% 4.20M 0s
 14850K .......... .......... .......... .......... .......... 95%  469M 0s
 14900K .......... .......... .......... .......... .......... 95% 21.9M 0s
 14950K .......... .......... .......... .......... .......... 95%  591K 0s
 15000K .......... .......... .......... .......... .......... 96% 4.82M 0s
 15050K .......... .......... .......... .......... .......... 96%  355M 0s
 15100K .......... .......... .......... .......... .......... 96% 7.75M 0s
 15150K .......... .......... .......... .......... .......... 97%  424M 0s
 15200K .......... .......... .......... .......... .......... 97%  528M 0s
 15250K .......... .......... .......... .......... .......... 97% 14.3M 0s
 15300K .......... .......... .......... .......... .......... 98%  528M 0s
 15350K .......... .......... .......... .......... .......... 98%  626K 0s
 15400K .......... .......... .......... .......... .......... 98% 3.91M 0s
 15450K .......... .......... .......... .......... .......... 99%  429M 0s
 15500K .......... .......... .......... .......... .......... 99%  432M 0s
 15550K .......... .......... .......... .......... .......... 99%  311M 0s
 15600K .......... .......... .....                           100% 25.4M=4.8s

2025-05-20 14:02:33 (3.20 MB/s) - ‘/home/msi/ros2_ws/src/build/multirobot_map_merge/2011-08-09-12-22-52.pgm’ saved [16000058/16000058]

Checking MD5 sum of /home/msi/ros2_ws/src/build/multirobot_map_merge/2011-08-09-12-22-52.pgm
/home/msi/ros2_ws/src/build/multirobot_map_merge/2011-08-09-12-22-52.pgm: OK
--2025-05-20 14:02:33--  https://raw.githubusercontent.com/hrnr/m-explore-extra/master/map_merge/gmapping_maps/2012-01-28-11-12-01.pgm
Resolving raw.githubusercontent.com (raw.githubusercontent.com)... 185.199.109.133, 185.199.110.133, 185.199.108.133, ...
Connecting to raw.githubusercontent.com (raw.githubusercontent.com)|185.199.109.133|:443... connected.
HTTP request sent, awaiting response... 200 OK
Length: 16000058 (15M) [application/octet-stream]
Saving to: ‘/home/msi/ros2_ws/src/build/multirobot_map_merge/2012-01-28-11-12-01.pgm’

     0K .......... .......... .......... .......... ..........  0%  961K 16s
    50K .......... .......... .......... .......... ..........  0% 1.23M 14s
   100K .......... .......... .......... .......... ..........  0% 7.87M 10s
   150K .......... .......... .......... .......... ..........  1% 2.71M 9s
   200K .......... .......... .......... .......... ..........  1% 3.72M 8s
   250K .......... .......... .......... .......... ..........  1% 7.22M 7s
   300K .......... .......... .......... .......... ..........  2% 4.43M 6s
   350K .......... .......... .......... .......... ..........  2% 5.96M 6s
   400K .......... .......... .......... .......... ..........  2% 5.18M 6s
   450K .......... .......... .......... .......... ..........  3% 37.0M 5s
   500K .......... .......... .......... .......... ..........  3% 2.15M 5s
   550K .......... .......... .......... .......... ..........  3% 20.4M 5s
   600K .......... .......... .......... .......... ..........  4% 8.20M 5s
   650K .......... .......... .......... .......... ..........  4% 16.3M 4s
   700K .......... .......... .......... .......... ..........  4% 1.82M 4s
   750K .......... .......... .......... .......... ..........  5%  453M 4s
   800K .......... .......... .......... .......... ..........  5%  539M 4s
   850K .......... .......... .......... .......... ..........  5%  609M 4s
   900K .......... .......... .......... .......... ..........  6%  621M 4s
   950K .......... .......... .......... .......... ..........  6%  548M 3s
  1000K .......... .......... .......... .......... ..........  6%  597M 3s
  1050K .......... .......... .......... .......... ..........  7% 16.5M 3s
  1100K .......... .......... .......... .......... ..........  7%  601M 3s
  1150K .......... .......... .......... .......... ..........  7% 5.75M 3s
  1200K .......... .......... .......... .......... ..........  7%  485M 3s
  1250K .......... .......... .......... .......... ..........  8% 14.0M 3s
  1300K .......... .......... .......... .......... ..........  8% 1.14M 3s
  1350K .......... .......... .......... .......... ..........  8%  418M 3s
  1400K .......... .......... .......... .......... ..........  9%  348M 3s
  1450K .......... .......... .......... .......... ..........  9% 21.7M 3s
  1500K .......... .......... .......... .......... ..........  9%  478M 3s
  1550K .......... .......... .......... .......... .......... 10% 7.84M 3s
  1600K .......... .......... .......... .......... .......... 10% 9.60M 3s
  1650K .......... .......... .......... .......... .......... 10% 7.41M 3s
  1700K .......... .......... .......... .......... .......... 11%  460M 2s
  1750K .......... .......... .......... .......... .......... 11%  410M 2s
  1800K .......... .......... .......... .......... .......... 11% 11.6M 2s
  1850K .......... .......... .......... .......... .......... 12% 5.11M 2s
  1900K .......... .......... .......... .......... .......... 12%  468M 2s
  1950K .......... .......... .......... .......... .......... 12% 11.7M 2s
  2000K .......... .......... .......... .......... .......... 13% 6.95M 2s
  2050K .......... .......... .......... .......... .......... 13% 6.11M 2s
  2100K .......... .......... .......... .......... .......... 13%  404M 2s
  2150K .......... .......... .......... .......... .......... 14% 4.95M 2s
  2200K .......... .......... .......... .......... .......... 14% 1.75M 2s
  2250K .......... .......... .......... .......... .......... 14% 2.59M 2s
  2300K .......... .......... .......... .......... .......... 15%  409M 2s
  2350K .......... .......... .......... .......... .......... 15%  404M 2s
  2400K .......... .......... .......... .......... .......... 15%  627M 2s
  2450K .......... .......... .......... .......... .......... 15% 6.09M 2s
  2500K .......... .......... .......... .......... .......... 16%  414M 2s
  2550K .......... .......... .......... .......... .......... 16%  655K 2s
  2600K .......... .......... .......... .......... .......... 16% 32.5M 2s
  2650K .......... .......... .......... .......... .......... 17% 10.8M 2s
  2700K .......... .......... .......... .......... .......... 17%  386M 2s
  2750K .......... .......... .......... .......... .......... 17%  417M 2s
  2800K .......... .......... .......... .......... .......... 18%  553K 3s
  2850K .......... .......... .......... .......... .......... 18% 7.45M 3s
  2900K .......... .......... .......... .......... .......... 18%  485M 3s
  2950K .......... .......... .......... .......... .......... 19% 9.75M 2s
  3000K .......... .......... .......... .......... .......... 19%  379M 2s
  3050K .......... .......... .......... .......... .......... 19%  558M 2s
  3100K .......... .......... .......... .......... .......... 20%  613M 2s
  3150K .......... .......... .......... .......... .......... 20% 25.9M 2s
  3200K .......... .......... .......... .......... .......... 20%  570K 3s
  3250K .......... .......... .......... .......... .......... 21%  428M 3s
  3300K .......... .......... .......... .......... .......... 21% 7.58M 3s
  3350K .......... .......... .......... .......... .......... 21% 6.93M 2s
  3400K .......... .......... .......... .......... .......... 22%  489M 2s
  3450K .......... .......... .......... .......... .......... 22%  579M 2s
  3500K .......... .......... .......... .......... .......... 22% 26.0M 2s
  3550K .......... .......... .......... .......... .......... 23%  450K 3s
  3600K .......... .......... .......... .......... .......... 23% 5.35M 3s
  3650K .......... .......... .......... .......... .......... 23%  459M 3s
  3700K .......... .......... .......... .......... .......... 23%  516M 3s
  3750K .......... .......... .......... .......... .......... 24%  567M 3s
  3800K .......... .......... .......... .......... .......... 24%  523M 2s
  3850K .......... .......... .......... .......... .......... 24%  515M 2s
  3900K .......... .......... .......... .......... .......... 25%  579M 2s
  3950K .......... .......... .......... .......... .......... 25%  693K 3s
  4000K .......... .......... .......... .......... .......... 25%  283M 3s
  4050K .......... .......... .......... .......... .......... 26% 12.1M 3s
  4100K .......... .......... .......... .......... .......... 26%  463M 2s
  4150K .......... .......... .......... .......... .......... 26%  464M 2s
  4200K .......... .......... .......... .......... .......... 27%  561M 2s
  4250K .......... .......... .......... .......... .......... 27%  586K 3s
  4300K .......... .......... .......... .......... .......... 27% 2.97M 3s
  4350K .......... .......... .......... .......... .......... 28% 18.8M 3s
  4400K .......... .......... .......... .......... .......... 28%  566M 3s
  4450K .......... .......... .......... .......... .......... 28%  616M 2s
  4500K .......... .......... .......... .......... .......... 29%  521M 2s
  4550K .......... .......... .......... .......... .......... 29%  513M 2s
  4600K .......... .......... .......... .......... .......... 29%  528M 2s
  4650K .......... .......... .......... .......... .......... 30%  507K 3s
  4700K .......... .......... .......... .......... .......... 30% 8.51M 3s
  4750K .......... .......... .......... .......... .......... 30%  453M 2s
  4800K .......... .......... .......... .......... .......... 31% 3.21M 2s
  4850K .......... .......... .......... .......... .......... 31% 14.0M 2s
  4900K .......... .......... .......... .......... .......... 31% 7.54M 2s
  4950K .......... .......... .......... .......... .......... 31% 33.4M 2s
  5000K .......... .......... .......... .......... .......... 32%  768K 2s
  5050K .......... .......... .......... .......... .......... 32%  440M 2s
  5100K .......... .......... .......... .......... .......... 32% 16.1M 2s
  5150K .......... .......... .......... .......... .......... 33%  303M 2s
  5200K .......... .......... .......... .......... .......... 33%  410M 2s
  5250K .......... .......... .......... .......... .......... 33%  419M 2s
  5300K .......... .......... .......... .......... .......... 34%  446M 2s
  5350K .......... .......... .......... .......... .......... 34% 27.8M 2s
  5400K .......... .......... .......... .......... .......... 34%  565K 2s
  5450K .......... .......... .......... .......... .......... 35% 1.17M 2s
  5500K .......... .......... .......... .......... .......... 35% 6.78M 2s
  5550K .......... .......... .......... .......... .......... 35%  390M 2s
  5600K .......... .......... .......... .......... .......... 36% 3.91M 2s
  5650K .......... .......... .......... .......... .......... 36%  304M 2s
  5700K .......... .......... .......... .......... .......... 36%  532M 2s
  5750K .......... .......... .......... .......... .......... 37%  403M 2s
  5800K .......... .......... .......... .......... .......... 37% 1.04M 2s
  5850K .......... .......... .......... .......... .......... 37%  419M 2s
  5900K .......... .......... .......... .......... .......... 38% 8.35M 2s
  5950K .......... .......... .......... .......... .......... 38%  349M 2s
  6000K .......... .......... .......... .......... .......... 38%  507M 2s
  6050K .......... .......... .......... .......... .......... 39%  564M 2s
  6100K .......... .......... .......... .......... .......... 39%  625M 2s
  6150K .......... .......... .......... .......... .......... 39%  668K 2s
  6200K .......... .......... .......... .......... .......... 39% 48.0M 2s
  6250K .......... .......... .......... .......... .......... 40% 2.43M 2s
  6300K .......... .......... .......... .......... .......... 40%  419M 2s
  6350K .......... .......... .......... .......... .......... 40%  336M 2s
  6400K .......... .......... .......... .......... .......... 41% 4.52M 2s
  6450K .......... .......... .......... .......... .......... 41%  412M 2s
  6500K .......... .......... .......... .......... .......... 41%  613M 2s
  6550K .......... .......... .......... .......... .......... 42%  312M 2s
  6600K .......... .......... .......... .......... .......... 42%  272K 2s
  6650K .......... .......... .......... .......... .......... 42%  534K 2s
  6700K .......... .......... .......... .......... .......... 43% 1.26M 2s
  6750K .......... .......... .......... .......... .......... 43% 14.1M 2s
  6800K .......... .......... .......... .......... .......... 43% 1.04M 2s
  6850K .......... .......... .......... .......... .......... 44% 12.9M 2s
  6900K .......... .......... .......... .......... .......... 44% 2.04M 2s
  6950K .......... .......... .......... .......... .......... 44%  305M 2s
  7000K .......... .......... .......... .......... .......... 45%  529M 2s
  7050K .......... .......... .......... .......... .......... 45%  488M 2s
  7100K .......... .......... .......... .......... .......... 45%  427M 2s
  7150K .......... .......... .......... .......... .......... 46%  465M 2s
  7200K .......... .......... .......... .......... .......... 46%  605M 2s
  7250K .......... .......... .......... .......... .......... 46%  619M 2s
  7300K .......... .......... .......... .......... .......... 47%  608M 2s
  7350K .......... .......... .......... .......... .......... 47%  432M 2s
  7400K .......... .......... .......... .......... .......... 47%  593M 2s
  7450K .......... .......... .......... .......... .......... 47%  547M 2s
  7500K .......... .......... .......... .......... .......... 48%  602M 2s
  7550K .......... .......... .......... .......... .......... 48%  501M 2s
  7600K .......... .......... .......... .......... .......... 48%  623M 2s
  7650K .......... .......... .......... .......... .......... 49%  573M 2s
  7700K .......... .......... .......... .......... .......... 49% 3.23M 2s
  7750K .......... .......... .......... .......... .......... 49%  360M 2s
  7800K .......... .......... .......... .......... .......... 50%  462K 2s
  7850K .......... .......... .......... .......... .......... 50% 8.55M 2s
  7900K .......... .......... .......... .......... .......... 50%  580M 2s
  7950K .......... .......... .......... .......... .......... 51%  388M 2s
  8000K .......... .......... .......... .......... .......... 51% 8.72M 2s
  8050K .......... .......... .......... .......... .......... 51%  477M 2s
  8100K .......... .......... .......... .......... .......... 52%  454M 2s
  8150K .......... .......... .......... .......... .......... 52%  531M 2s
  8200K .......... .......... .......... .......... .......... 52% 9.39M 2s
  8250K .......... .......... .......... .......... .......... 53%  498M 2s
  8300K .......... .......... .......... .......... .......... 53%  473M 2s
  8350K .......... .......... .......... .......... .......... 53%  350K 2s
  8400K .......... .......... .......... .......... .......... 54% 6.94M 2s
  8450K .......... .......... .......... .......... .......... 54%  577M 2s
  8500K .......... .......... .......... .......... .......... 54%  456M 2s
  8550K .......... .......... .......... .......... .......... 55% 53.6M 2s
  8600K .......... .......... .......... .......... .......... 55% 1.46M 2s
  8650K .......... .......... .......... .......... .......... 55%  528M 2s
  8700K .......... .......... .......... .......... .......... 55% 8.15M 2s
  8750K .......... .......... .......... .......... .......... 56% 44.7M 2s
  8800K .......... .......... .......... .......... .......... 56%  483M 2s
  8850K .......... .......... .......... .......... .......... 56%  554K 2s
  8900K .......... .......... .......... .......... .......... 57% 16.1M 2s
  8950K .......... .......... .......... .......... .......... 57% 1.82M 2s
  9000K .......... .......... .......... .......... .......... 57%  559M 2s
  9050K .......... .......... .......... .......... .......... 58% 3.74M 2s
  9100K .......... .......... .......... .......... .......... 58% 23.7M 2s
  9150K .......... .......... .......... .......... .......... 58%  448M 2s
  9200K .......... .......... .......... .......... .......... 59%  458M 2s
  9250K .......... .......... .......... .......... .......... 59% 84.7M 2s
  9300K .......... .......... .......... .......... .......... 59%  867K 2s
  9350K .......... .......... .......... .......... .......... 60%  426M 2s
  9400K .......... .......... .......... .......... .......... 60% 11.9M 2s
  9450K .......... .......... .......... .......... .......... 60%  415M 2s
  9500K .......... .......... .......... .......... .......... 61% 39.4M 2s
  9550K .......... .......... .......... .......... .......... 61%  549K 2s
  9600K .......... .......... .......... .......... .......... 61% 4.37M 2s
  9650K .......... .......... .......... .......... .......... 62%  516M 2s
  9700K .......... .......... .......... .......... .......... 62%  527M 2s
  9750K .......... .......... .......... .......... .......... 62%  540M 2s
  9800K .......... .......... .......... .......... .......... 63% 13.9M 1s
  9850K .......... .......... .......... .......... .......... 63%  479M 1s
  9900K .......... .......... .......... .......... .......... 63%  596M 1s
  9950K .......... .......... .......... .......... .......... 63% 54.9M 1s
 10000K .......... .......... .......... .......... .......... 64%  490M 1s
 10050K .......... .......... .......... .......... .......... 64%  583K 1s
 10100K .......... .......... .......... .......... .......... 64% 18.5M 1s
 10150K .......... .......... .......... .......... .......... 65% 10.0M 1s
 10200K .......... .......... .......... .......... .......... 65% 16.0M 1s
 10250K .......... .......... .......... .......... .......... 65%  568M 1s
 10300K .......... .......... .......... .......... .......... 66% 24.4M 1s
 10350K .......... .......... .......... .......... .......... 66%  587K 1s
 10400K .......... .......... .......... .......... .......... 66% 8.97M 1s
 10450K .......... .......... .......... .......... .......... 67%  385M 1s
 10500K .......... .......... .......... .......... .......... 67%  420M 1s
 10550K .......... .......... .......... .......... .......... 67% 10.1M 1s
 10600K .......... .......... .......... .......... .......... 68% 4.76M 1s
 10650K .......... .......... .......... .......... .......... 68%  390M 1s
 10700K .......... .......... .......... .......... .......... 68%  419M 1s
 10750K .......... .......... .......... .......... .......... 69% 1.72M 1s
 10800K .......... .......... .......... .......... .......... 69% 3.44M 1s
 10850K .......... .......... .......... .......... .......... 69% 4.01M 1s
 10900K .......... .......... .......... .......... .......... 70%  294M 1s
 10950K .......... .......... .......... .......... .......... 70%  347M 1s
 11000K .......... .......... .......... .......... .......... 70%  272M 1s
 11050K .......... .......... .......... .......... .......... 71%  478M 1s
 11100K .......... .......... .......... .......... .......... 71%  482M 1s
 11150K .......... .......... .......... .......... .......... 71%  670K 1s
 11200K .......... .......... .......... .......... .......... 71%  404M 1s
 11250K .......... .......... .......... .......... .......... 72% 45.1M 1s
 11300K .......... .......... .......... .......... .......... 72% 6.29M 1s
 11350K .......... .......... .......... .......... .......... 72% 14.2M 1s
 11400K .......... .......... .......... .......... .......... 73%  308M 1s
 11450K .......... .......... .......... .......... .......... 73%  580K 1s
 11500K .......... .......... .......... .......... .......... 73% 8.29M 1s
 11550K .......... .......... .......... .......... .......... 74% 42.7M 1s
 11600K .......... .......... .......... .......... .......... 74%  459M 1s
 11650K .......... .......... .......... .......... .......... 74% 5.91M 1s
 11700K .......... .......... .......... .......... .......... 75%  405M 1s
 11750K .......... .......... .......... .......... .......... 75% 23.0M 1s
 11800K .......... .......... .......... .......... .......... 75%  528M 1s
 11850K .......... .......... .......... .......... .......... 76%  605K 1s
 11900K .......... .......... .......... .......... .......... 76% 21.6M 1s
 11950K .......... .......... .......... .......... .......... 76% 11.8M 1s
 12000K .......... .......... .......... .......... .......... 77%  474M 1s
 12050K .......... .......... .......... .......... .......... 77%  483M 1s
 12100K .......... .......... .......... .......... .......... 77% 15.7M 1s
 12150K .......... .......... .......... .......... .......... 78%  551K 1s
 12200K .......... .......... .......... .......... .......... 78% 14.9M 1s
 12250K .......... .......... .......... .......... .......... 78%  261M 1s
 12300K .......... .......... .......... .......... .......... 79% 16.1M 1s
 12350K .......... .......... .......... .......... .......... 79% 5.60M 1s
 12400K .......... .......... .......... .......... .......... 79%  391M 1s
 12450K .......... .......... .......... .......... .......... 79%  426M 1s
 12500K .......... .......... .......... .......... .......... 80%  391M 1s
 12550K .......... .......... .......... .......... .......... 80%  598K 1s
 12600K .......... .......... .......... .......... .......... 80% 9.50M 1s
 12650K .......... .......... .......... .......... .......... 81%  339M 1s
 12700K .......... .......... .......... .......... .......... 81% 17.4M 1s
 12750K .......... .......... .......... .......... .......... 81%  437M 1s
 12800K .......... .......... .......... .......... .......... 82% 6.41M 1s
 12850K .......... .......... .......... .......... .......... 82%  351M 1s
 12900K .......... .......... .......... .......... .......... 82% 18.8M 1s
 12950K .......... .......... .......... .......... .......... 83%  236K 1s
 13000K .......... .......... .......... .......... .......... 83%  264K 1s
 13050K .......... .......... .......... .......... .......... 83% 1.34M 1s
 13100K .......... .......... .......... .......... .......... 84% 3.43M 1s
 13150K .......... .......... .......... .......... .......... 84% 1.27M 1s
 13200K .......... .......... .......... .......... .......... 84% 1.37M 1s
 13250K .......... .......... .......... .......... .......... 85% 3.32M 1s
 13300K .......... .......... .......... .......... .......... 85% 1.43M 1s
 13350K .......... .......... .......... .......... .......... 85% 2.79M 1s
 13400K .......... .......... .......... .......... .......... 86% 2.28M 1s
 13450K .......... .......... .......... .......... .......... 86% 5.60M 1s
 13500K .......... .......... .......... .......... .......... 86% 1.25M 1s
 13550K .......... .......... .......... .......... .......... 87% 1.59M 1s
 13600K .......... .......... .......... .......... .......... 87% 4.87M 1s
 13650K .......... .......... .......... .......... .......... 87% 1.39M 1s
 13700K .......... .......... .......... .......... .......... 87%  921K 1s
 13750K .......... .......... .......... .......... .......... 88%  790K 1s
 13800K .......... .......... .......... .......... .......... 88% 1.17M 1s
 13850K .......... .......... .......... .......... .......... 88% 11.0M 1s
 13900K .......... .......... .......... .......... .......... 89% 4.14M 1s
 13950K .......... .......... .......... .......... .......... 89% 2.77M 0s
 14000K .......... .......... .......... .......... .......... 89% 17.3M 0s
 14050K .......... .......... .......... .......... .......... 90% 4.27M 0s
 14100K .......... .......... .......... .......... .......... 90%  284M 0s
 14150K .......... .......... .......... .......... .......... 90%  292M 0s
 14200K .......... .......... .......... .......... .......... 91%  285M 0s
 14250K .......... .......... .......... .......... .......... 91%  595K 0s
 14300K .......... .......... .......... .......... .......... 91% 4.90M 0s
 14350K .......... .......... .......... .......... .......... 92%  263M 0s
 14400K .......... .......... .......... .......... .......... 92%  326M 0s
 14450K .......... .......... .......... .......... .......... 92% 10.9M 0s
 14500K .......... .......... .......... .......... .......... 93%  310M 0s
 14550K .......... .......... .......... .......... .......... 93%  260K 0s
 14600K .......... .......... .......... .......... .......... 93%  209K 0s
 14650K .......... .......... .......... .......... .......... 94%  587K 0s
 14700K .......... .......... .......... .......... .......... 94% 1.11M 0s
 14750K .......... .......... .......... .......... .......... 94%  834K 0s
 14800K .......... .......... .......... .......... .......... 95% 1.29M 0s
 14850K .......... .......... .......... .......... .......... 95% 1.06M 0s
 14900K .......... .......... .......... .......... .......... 95%  277M 0s
 14950K .......... .......... .......... .......... .......... 95%  329M 0s
 15000K .......... .......... .......... .......... .......... 96%  222M 0s
 15050K .......... .......... .......... .......... .......... 96%  320M 0s
 15100K .......... .......... .......... .......... .......... 96%  310M 0s
 15150K .......... .......... .......... .......... .......... 97% 10.2M 0s
 15200K .......... .......... .......... .......... .......... 97% 1.20M 0s
 15250K .......... .......... .......... .......... .......... 97% 13.2M 0s
 15300K .......... .......... .......... .......... .......... 98% 5.86M 0s
 15350K .......... .......... .......... .......... .......... 98% 12.4M 0s
 15400K .......... .......... .......... .......... .......... 98% 11.7M 0s
 15450K .......... .......... .......... .......... .......... 99% 8.67M 0s
 15500K .......... .......... .......... .......... .......... 99% 10.5M 0s
 15550K .......... .......... .......... .......... .......... 99% 8.77M 0s
 15600K .......... .......... .....                           100%  293M=5.1s

2025-05-20 14:02:39 (2.98 MB/s) - ‘/home/msi/ros2_ws/src/build/multirobot_map_merge/2012-01-28-11-12-01.pgm’ saved [16000058/16000058]

Checking MD5 sum of /home/msi/ros2_ws/src/build/multirobot_map_merge/2012-01-28-11-12-01.pgm
/home/msi/ros2_ws/src/build/multirobot_map_merge/2012-01-28-11-12-01.pgm: OK
-- Found gtest sources under '/opt/ros/humble/src/gtest_vendor': C++ tests using 'Google Test' will be built
-- Added test 'cppcheck' to perform static code analysis on C / C++ code
-- Configured cppcheck include dirs: /home/msi/ros2_ws/src/m-explore-ros2/map_merge/include;$<BUILD_INTERFACE:/home/msi/ros2_ws/src/m-explore-ros2/map_merge/include>
-- Configured cppcheck exclude dirs and/or files: 
-- Added test 'flake8' to check Python code syntax and style conventions
-- Added test 'lint_cmake' to check CMake code style
-- Added test 'pep257' to check Python code against some of the docstring style conventions in PEP 257
-- Added test 'uncrustify' to check C / C++ code style
-- Configured uncrustify additional arguments: 
-- Added test 'xmllint' to check XML markup files
-- Configuring done
-- Generating done
-- Build files have been written to: /home/msi/ros2_ws/src/build/multirobot_map_merge
[ 25%] [32mBuilding CXX object gtest/CMakeFiles/gtest.dir/src/gtest-all.cc.o[0m
[ 25%] [32mBuilding CXX object CMakeFiles/combine_grids.dir/src/combine_grids/grid_warper.cpp.o[0m
[ 25%] [32mBuilding CXX object CMakeFiles/combine_grids.dir/src/combine_grids/merging_pipeline.cpp.o[0m
[ 33%] [32mBuilding CXX object CMakeFiles/combine_grids.dir/src/combine_grids/grid_compositor.cpp.o[0m
[ 41%] [32mBuilding CXX object gtest/CMakeFiles/gtest_main.dir/src/gtest_main.cc.o[0m
[ 50%] [32m[1mLinking CXX static library libgtest_main.a[0m
[ 50%] Built target gtest_main
[ 58%] [32m[1mLinking CXX static library libgtest.a[0m
[ 58%] Built target gtest
[ 66%] [32m[1mLinking CXX static library libcombine_grids.a[0m
[ 66%] Built target combine_grids
[ 83%] [32mBuilding CXX object CMakeFiles/test_merging_pipeline.dir/test/test_merging_pipeline.cpp.o[0m
[ 83%] [32mBuilding CXX object CMakeFiles/map_merge.dir/src/map_merge.cpp.o[0m
In file included from [01m[K/home/msi/ros2_ws/src/m-explore-ros2/map_merge/test/testing_helpers.h:7[m[K,
                 from [01m[K/home/msi/ros2_ws/src/m-explore-ros2/map_merge/test/test_merging_pipeline.cpp:42[m[K:
[01m[K/opt/ros/humble/include/tf2_geometry_msgs/tf2_geometry_msgs/tf2_geometry_msgs.h:35:2:[m[K [01;35m[Kwarning: [m[K#warning This header is obsolete, please include tf2_geometry_msgs/tf2_geometry_msgs.hpp instead [[01;35m[K]8;;https://gcc.gnu.org/onlinedocs/gcc/Warning-Options.html#index-Wcpp-Wcpp]8;;[m[K]
   35 | #[01;35m[Kwarning[m[K This header is obsolete, please include tf2_geometry_msgs/tf2_geometry_msgs.hpp instead
      |  [01;35m[K^~~~~~~[m[K
In file included from [01m[K/home/msi/ros2_ws/src/m-explore-ros2/map_merge/src/map_merge.cpp:44[m[K:
[01m[K/opt/ros/humble/include/tf2_geometry_msgs/tf2_geometry_msgs/tf2_geometry_msgs.h:35:2:[m[K [01;35m[Kwarning: [m[K#warning This header is obsolete, please include tf2_geometry_msgs/tf2_geometry_msgs.hpp instead [[01;35m[K]8;;https://gcc.gnu.org/onlinedocs/gcc/Warning-Options.html#index-Wcpp-Wcpp]8;;[m[K]
   35 | #[01;35m[Kwarning[m[K This header is obsolete, please include tf2_geometry_msgs/tf2_geometry_msgs.hpp instead
      |  [01;35m[K^~~~~~~[m[K
[ 91%] [32m[1mLinking CXX executable test_merging_pipeline[0m
[ 91%] Built target test_merging_pipeline
[100%] [32m[1mLinking CXX executable map_merge[0m
[100%] Built target map_merge
-- Install configuration: ""
-- Execute custom install script
-- Symlinking: /home/msi/ros2_ws/src/install/multirobot_map_merge/include/map_merge//map_merge.h
-- Symlinking: /home/msi/ros2_ws/src/install/multirobot_map_merge/include/map_merge//ros1_names.hpp
-- Symlinking: /home/msi/ros2_ws/src/install/multirobot_map_merge/share/multirobot_map_merge/launch/from_map_server.launch.py
-- Symlinking: /home/msi/ros2_ws/src/install/multirobot_map_merge/share/multirobot_map_merge/launch/map_merge.launch.py
-- Symlinking: /home/msi/ros2_ws/src/install/multirobot_map_merge/share/multirobot_map_merge/launch/map_merge.rviz
-- Symlinking: /home/msi/ros2_ws/src/install/multirobot_map_merge/share/multirobot_map_merge/launch/tb3_simulation/bringup_launch.py
-- Symlinking: /home/msi/ros2_ws/src/install/multirobot_map_merge/share/multirobot_map_merge/launch/tb3_simulation/config/nav2_multirobot_params_1.yaml
-- Symlinking: /home/msi/ros2_ws/src/install/multirobot_map_merge/share/multirobot_map_merge/launch/tb3_simulation/config/nav2_multirobot_params_2.yaml
-- Symlinking: /home/msi/ros2_ws/src/install/multirobot_map_merge/share/multirobot_map_merge/launch/tb3_simulation/multi_tb3_simulation_launch.py
-- Symlinking: /home/msi/ros2_ws/src/install/multirobot_map_merge/share/multirobot_map_merge/launch/tb3_simulation/slam_toolbox.py
-- Symlinking: /home/msi/ros2_ws/src/install/multirobot_map_merge/share/multirobot_map_merge/launch/tb3_simulation/tb3_simulation_launch.py
-- Symlinking: /home/msi/ros2_ws/src/install/multirobot_map_merge/share/multirobot_map_merge/launch/tb3_simulation/worlds/world_only.model
-- Symlinking: /home/msi/ros2_ws/src/install/multirobot_map_merge/share/multirobot_map_merge/config/params.yaml
-- Symlinking: /home/msi/ros2_ws/src/install/multirobot_map_merge/lib/multirobot_map_merge/map_merge
-- Symlinking: /home/msi/ros2_ws/src/install/multirobot_map_merge/share/multirobot_map_merge/environment/library_path.sh
-- Symlinking: /home/msi/ros2_ws/src/install/multirobot_map_merge/share/multirobot_map_merge/environment/library_path.dsv
-- Symlinking: /home/msi/ros2_ws/src/install/multirobot_map_merge/share/ament_index/resource_index/package_run_dependencies/multirobot_map_merge
-- Symlinking: /home/msi/ros2_ws/src/install/multirobot_map_merge/share/ament_index/resource_index/parent_prefix_path/multirobot_map_merge
-- Symlinking: /home/msi/ros2_ws/src/install/multirobot_map_merge/share/multirobot_map_merge/environment/ament_prefix_path.sh
-- Symlinking: /home/msi/ros2_ws/src/install/multirobot_map_merge/share/multirobot_map_merge/environment/ament_prefix_path.dsv
-- Symlinking: /home/msi/ros2_ws/src/install/multirobot_map_merge/share/multirobot_map_merge/environment/path.sh
-- Symlinking: /home/msi/ros2_ws/src/install/multirobot_map_merge/share/multirobot_map_merge/environment/path.dsv
-- Symlinking: /home/msi/ros2_ws/src/install/multirobot_map_merge/share/multirobot_map_merge/local_setup.bash
-- Symlinking: /home/msi/ros2_ws/src/install/multirobot_map_merge/share/multirobot_map_merge/local_setup.sh
-- Symlinking: /home/msi/ros2_ws/src/install/multirobot_map_merge/share/multirobot_map_merge/local_setup.zsh
-- Symlinking: /home/msi/ros2_ws/src/install/multirobot_map_merge/share/multirobot_map_merge/local_setup.dsv
-- Symlinking: /home/msi/ros2_ws/src/install/multirobot_map_merge/share/multirobot_map_merge/package.dsv
-- Symlinking: /home/msi/ros2_ws/src/install/multirobot_map_merge/share/ament_index/resource_index/packages/multirobot_map_merge
-- Symlinking: /home/msi/ros2_ws/src/install/multirobot_map_merge/share/multirobot_map_merge/cmake/ament_cmake_export_include_directories-extras.cmake
-- Symlinking: /home/msi/ros2_ws/src/install/multirobot_map_merge/share/multirobot_map_merge/cmake/ament_cmake_export_libraries-extras.cmake
-- Symlinking: /home/msi/ros2_ws/src/install/multirobot_map_merge/share/multirobot_map_merge/cmake/multirobot_map_mergeConfig.cmake
-- Symlinking: /home/msi/ros2_ws/src/install/multirobot_map_merge/share/multirobot_map_merge/cmake/multirobot_map_mergeConfig-version.cmake
-- Symlinking: /home/msi/ros2_ws/src/install/multirobot_map_merge/share/multirobot_map_merge/package.xml
-- Installing: /home/msi/ros2_ws/src/install/multirobot_map_merge/lib/libcombine_grids.a
