[0.023s] Invoking command in '/home/msi/ros2_ws/src/build/my_robot_slam': CMAKE_PREFIX_PATH=${CMAKE_PREFIX_PATH}:/home/msi/ros2_ws/install/opencv_tests:/opt/ros/humble /usr/bin/cmake --build /home/msi/ros2_ws/src/build/my_robot_slam -- -j12 -l12
[0.094s] Invoked command in '/home/msi/ros2_ws/src/build/my_robot_slam' returned '0': CMAKE_PREFIX_PATH=${CMAKE_PREFIX_PATH}:/home/msi/ros2_ws/install/opencv_tests:/opt/ros/humble /usr/bin/cmake --build /home/msi/ros2_ws/src/build/my_robot_slam -- -j12 -l12
[0.095s] Invoking command in '/home/msi/ros2_ws/src/build/my_robot_slam': CMAKE_PREFIX_PATH=${CMAKE_PREFIX_PATH}:/home/msi/ros2_ws/install/opencv_tests:/opt/ros/humble /usr/bin/cmake --install /home/msi/ros2_ws/src/build/my_robot_slam
[0.108s] -- Install configuration: ""
[0.109s] -- Execute custom install script
[0.109s] -- Up-to-date symlink: /home/msi/ros2_ws/src/install/my_robot_slam/share/ament_index/resource_index/package_run_dependencies/my_robot_slam
[0.110s] -- Up-to-date symlink: /home/msi/ros2_ws/src/install/my_robot_slam/share/ament_index/resource_index/parent_prefix_path/my_robot_slam
[0.110s] -- Up-to-date symlink: /home/msi/ros2_ws/src/install/my_robot_slam/share/my_robot_slam/environment/ament_prefix_path.sh
[0.110s] -- Up-to-date symlink: /home/msi/ros2_ws/src/install/my_robot_slam/share/my_robot_slam/environment/ament_prefix_path.dsv
[0.110s] -- Up-to-date symlink: /home/msi/ros2_ws/src/install/my_robot_slam/share/my_robot_slam/environment/path.sh
[0.110s] -- Up-to-date symlink: /home/msi/ros2_ws/src/install/my_robot_slam/share/my_robot_slam/environment/path.dsv
[0.111s] -- Up-to-date symlink: /home/msi/ros2_ws/src/install/my_robot_slam/share/my_robot_slam/local_setup.bash
[0.111s] -- Up-to-date symlink: /home/msi/ros2_ws/src/install/my_robot_slam/share/my_robot_slam/local_setup.sh
[0.112s] -- Up-to-date symlink: /home/msi/ros2_ws/src/install/my_robot_slam/share/my_robot_slam/local_setup.zsh
[0.112s] -- Up-to-date symlink: /home/msi/ros2_ws/src/install/my_robot_slam/share/my_robot_slam/local_setup.dsv
[0.112s] -- Symlinking: /home/msi/ros2_ws/src/install/my_robot_slam/share/my_robot_slam/package.dsv
[0.140s] -- Up-to-date symlink: /home/msi/ros2_ws/src/install/my_robot_slam/share/ament_index/resource_index/packages/my_robot_slam
[0.140s] -- Up-to-date symlink: /home/msi/ros2_ws/src/install/my_robot_slam/share/my_robot_slam/cmake/my_robot_slamConfig.cmake
[0.140s] -- Up-to-date symlink: /home/msi/ros2_ws/src/install/my_robot_slam/share/my_robot_slam/cmake/my_robot_slamConfig-version.cmake
[0.140s] -- Up-to-date symlink: /home/msi/ros2_ws/src/install/my_robot_slam/share/my_robot_slam/package.xml
[0.170s] Invoked command in '/home/msi/ros2_ws/src/build/my_robot_slam' returned '0': CMAKE_PREFIX_PATH=${CMAKE_PREFIX_PATH}:/home/msi/ros2_ws/install/opencv_tests:/opt/ros/humble /usr/bin/cmake --install /home/msi/ros2_ws/src/build/my_robot_slam
