[0.027s] Invoking command in '/home/msi/ros2_ws/src/build/cv_bridge': CMAKE_PREFIX_PATH=${CMAKE_PREFIX_PATH}:/home/msi/ros2_ws/install/opencv_tests:/opt/ros/humble /usr/bin/cmake /home/msi/ros2_ws/src/vision_opencv/cv_bridge -DAMENT_CMAKE_SYMLINK_INSTALL=1 -DCMAKE_INSTALL_PREFIX=/home/msi/ros2_ws/src/install/cv_bridge
[0.191s] -- The C compiler identification is GNU 11.4.0
[0.290s] -- The CXX compiler identification is GNU 11.4.0
[0.308s] -- Detecting C compiler ABI info
[0.381s] -- Detecting C compiler ABI info - done
[0.393s] -- Check for working C compiler: /usr/bin/cc - skipped
[0.393s] -- Detecting C compile features
[0.393s] -- Detecting C compile features - done
[0.399s] -- Detecting CXX compiler ABI info
[0.492s] -- Detecting CXX compiler ABI info - done
[0.498s] -- Check for working CXX compiler: /usr/bin/c++ - skipped
[0.498s] -- Detecting CXX compile features
[0.498s] -- Detecting CXX compile features - done
[0.500s] -- Found ament_cmake_ros: 0.10.0 (/opt/ros/humble/share/ament_cmake_ros/cmake)
[0.672s] -- Found Python3: /usr/bin/python3 (found version "3.10.12") found components: Interpreter 
[0.772s] -- Override CMake install command with custom implementation using symlinks instead of copying resources
[1.309s] -- Found Python3: /usr/include/python3.10 (found version "3.10.12") found components: Development NumPy Interpreter Development.Module Development.Embed 
[1.344s] -- Found Boost: /usr/lib/x86_64-linux-gnu/cmake/Boost-1.74.0/BoostConfig.cmake (found version "1.74.0") found components: python310 
[1.348s] -- Found rclcpp: 16.0.12 (/opt/ros/humble/share/rclcpp/cmake)
[1.409s] -- Found rosidl_generator_c: 3.1.6 (/opt/ros/humble/share/rosidl_generator_c/cmake)
[1.417s] -- Found rosidl_adapter: 3.1.6 (/opt/ros/humble/share/rosidl_adapter/cmake)
[1.429s] -- Found rosidl_generator_cpp: 3.1.6 (/opt/ros/humble/share/rosidl_generator_cpp/cmake)
[1.451s] -- Using all available rosidl_typesupport_c: rosidl_typesupport_fastrtps_c;rosidl_typesupport_introspection_c
[1.468s] -- Using all available rosidl_typesupport_cpp: rosidl_typesupport_fastrtps_cpp;rosidl_typesupport_introspection_cpp
[1.519s] -- Found rmw_implementation_cmake: 6.1.2 (/opt/ros/humble/share/rmw_implementation_cmake/cmake)
[1.525s] -- Found rmw_fastrtps_cpp: 6.2.7 (/opt/ros/humble/share/rmw_fastrtps_cpp/cmake)
[1.604s] -- Found OpenSSL: /usr/lib/x86_64-linux-gnu/libcrypto.so (found version "3.0.2")  
[1.637s] -- Found FastRTPS: /opt/ros/humble/include  
[1.675s] -- Using RMW implementation 'rmw_fastrtps_cpp' as default
[1.688s] -- Looking for pthread.h
[1.758s] -- Looking for pthread.h - found
[1.758s] -- Performing Test CMAKE_HAVE_LIBC_PTHREAD
[1.825s] -- Performing Test CMAKE_HAVE_LIBC_PTHREAD - Success
[1.826s] -- Found Threads: TRUE  
[1.875s] -- Found sensor_msgs: 4.8.0 (/opt/ros/humble/share/sensor_msgs/cmake)
[1.998s] -- Performing Test COMPILER_HAS_HIDDEN_VISIBILITY
[2.076s] -- Performing Test COMPILER_HAS_HIDDEN_VISIBILITY - Success
[2.078s] -- Performing Test COMPILER_HAS_HIDDEN_INLINE_VISIBILITY
[2.176s] -- Performing Test COMPILER_HAS_HIDDEN_INLINE_VISIBILITY - Success
[2.177s] -- Performing Test COMPILER_HAS_DEPRECATED_ATTR
[2.293s] -- Performing Test COMPILER_HAS_DEPRECATED_ATTR - Success
[2.308s] -- Found ament_lint_auto: 0.12.12 (/opt/ros/humble/share/ament_lint_auto/cmake)
[2.437s] -- Found gtest sources under '/opt/ros/humble/src/gtest_vendor': C++ tests using 'Google Test' will be built
[4.531s] -- Configuring done
[4.637s] -- Generating done
[4.664s] -- Build files have been written to: /home/msi/ros2_ws/src/build/cv_bridge
[4.763s] Invoked command in '/home/msi/ros2_ws/src/build/cv_bridge' returned '0': CMAKE_PREFIX_PATH=${CMAKE_PREFIX_PATH}:/home/msi/ros2_ws/install/opencv_tests:/opt/ros/humble /usr/bin/cmake /home/msi/ros2_ws/src/vision_opencv/cv_bridge -DAMENT_CMAKE_SYMLINK_INSTALL=1 -DCMAKE_INSTALL_PREFIX=/home/msi/ros2_ws/src/install/cv_bridge
[4.771s] Invoking command in '/home/msi/ros2_ws/src/build/cv_bridge': CMAKE_PREFIX_PATH=${CMAKE_PREFIX_PATH}:/home/msi/ros2_ws/install/opencv_tests:/opt/ros/humble /usr/bin/cmake --build /home/msi/ros2_ws/src/build/cv_bridge -- -j12 -l12
[4.876s] [  5%] [32mBuilding CXX object gtest/CMakeFiles/gtest.dir/src/gtest-all.cc.o[0m
[4.890s] [ 11%] [32mBuilding CXX object gtest/CMakeFiles/gtest_main.dir/src/gtest_main.cc.o[0m
[4.892s] [ 16%] [32mBuilding CXX object src/CMakeFiles/cv_bridge.dir/cv_bridge.cpp.o[0m
[4.897s] [ 16%] Built target ament_cmake_python_symlink_cv_bridge
[4.911s] [ 22%] [32mBuilding CXX object src/CMakeFiles/cv_bridge.dir/cv_mat_sensor_msgs_image_type_adapter.cpp.o[0m
[4.913s] [ 27%] [32mBuilding CXX object src/CMakeFiles/cv_bridge.dir/rgb_colors.cpp.o[0m
[5.406s] running egg_info
[5.410s] creating cv_bridge.egg-info
[5.410s] writing cv_bridge.egg-info/PKG-INFO
[5.410s] writing dependency_links to cv_bridge.egg-info/dependency_links.txt
[5.410s] writing top-level names to cv_bridge.egg-info/top_level.txt
[5.412s] writing manifest file 'cv_bridge.egg-info/SOURCES.txt'
[5.418s] reading manifest file 'cv_bridge.egg-info/SOURCES.txt'
[5.420s] writing manifest file 'cv_bridge.egg-info/SOURCES.txt'
[5.469s] [ 27%] Built target ament_cmake_python_build_cv_bridge_egg
[6.327s] [ 33%] [32m[1mLinking CXX static library libgtest_main.a[0m
[6.394s] [ 33%] Built target gtest_main
[8.894s] [ 38%] [32m[1mLinking CXX static library libgtest.a[0m
[8.953s] [ 38%] Built target gtest
[10.624s] [ 44%] [32m[1mLinking CXX shared library libcv_bridge.so[0m
[10.870s] [ 44%] Built target cv_bridge
[10.894s] [ 83%] [32mBuilding CXX object test/CMakeFiles/cv_bridge-utest.dir/utest2.cpp.o[0m
[10.894s] [ 83%] [32mBuilding CXX object src/CMakeFiles/cv_bridge_boost.dir/module.cpp.o[0m
[10.894s] [ 83%] [32mBuilding CXX object test/CMakeFiles/cv_bridge-utest.dir/test_dynamic_scaling.cpp.o[0m
[10.895s] [ 83%] [32mBuilding CXX object src/CMakeFiles/cv_bridge_boost.dir/module_opencv4.cpp.o[0m
[10.895s] [ 83%] [32mBuilding CXX object test/CMakeFiles/cv_bridge-utest.dir/test_endian.cpp.o[0m
[10.895s] [ 83%] [32mBuilding CXX object test/CMakeFiles/cv_bridge-utest.dir/utest.cpp.o[0m
[10.895s] [ 83%] [32mBuilding CXX object test/CMakeFiles/cv_bridge-utest.dir/test_compression.cpp.o[0m
[10.895s] [ 88%] [32mBuilding CXX object test/CMakeFiles/cv_bridge-utest.dir/test_rgb_colors.cpp.o[0m
[14.181s] [ 94%] [32m[1mLinking CXX executable cv_bridge-utest[0m
[14.469s] [ 94%] Built target cv_bridge-utest
[15.045s] [100%] [32m[1mLinking CXX shared module boost/cv_bridge_boost.so[0m
[15.194s] [100%] Built target cv_bridge_boost
[15.204s] Invoked command in '/home/msi/ros2_ws/src/build/cv_bridge' returned '0': CMAKE_PREFIX_PATH=${CMAKE_PREFIX_PATH}:/home/msi/ros2_ws/install/opencv_tests:/opt/ros/humble /usr/bin/cmake --build /home/msi/ros2_ws/src/build/cv_bridge -- -j12 -l12
[15.205s] Invoking command in '/home/msi/ros2_ws/src/build/cv_bridge': CMAKE_PREFIX_PATH=${CMAKE_PREFIX_PATH}:/home/msi/ros2_ws/install/opencv_tests:/opt/ros/humble /usr/bin/cmake --install /home/msi/ros2_ws/src/build/cv_bridge
[15.211s] -- Install configuration: ""
[15.211s] -- Execute custom install script
[15.211s] -- Symlinking: /home/msi/ros2_ws/src/install/cv_bridge/share/cv_bridge/environment/pythonpath.sh
[15.218s] -- Symlinking: /home/msi/ros2_ws/src/install/cv_bridge/share/cv_bridge/environment/pythonpath.dsv
[15.224s] -- Symlinking: /home/msi/ros2_ws/src/install/cv_bridge/local/lib/python3.10/dist-packages/cv_bridge-4.1.0-py3.10.egg-info/PKG-INFO
[15.231s] -- Symlinking: /home/msi/ros2_ws/src/install/cv_bridge/local/lib/python3.10/dist-packages/cv_bridge-4.1.0-py3.10.egg-info/SOURCES.txt
[15.237s] -- Symlinking: /home/msi/ros2_ws/src/install/cv_bridge/local/lib/python3.10/dist-packages/cv_bridge-4.1.0-py3.10.egg-info/dependency_links.txt
[15.243s] -- Symlinking: /home/msi/ros2_ws/src/install/cv_bridge/local/lib/python3.10/dist-packages/cv_bridge-4.1.0-py3.10.egg-info/top_level.txt
[15.250s] -- Symlinking: /home/msi/ros2_ws/src/install/cv_bridge/local/lib/python3.10/dist-packages/cv_bridge/__init__.py
[15.257s] -- Symlinking: /home/msi/ros2_ws/src/install/cv_bridge/local/lib/python3.10/dist-packages/cv_bridge/core.py
[15.263s] -- Symlinking: /home/msi/ros2_ws/src/install/cv_bridge/include/cv_bridge/cv_bridge/cv_bridge_export.h
[15.269s] -- Symlinking: /home/msi/ros2_ws/src/install/cv_bridge/local/lib/python3.10/dist-packages/cv_bridge/boost//cv_bridge_boost.so
[15.276s] -- Symlinking: /home/msi/ros2_ws/src/install/cv_bridge/include/cv_bridge/cv_bridge/cv_bridge.h
[15.282s] -- Symlinking: /home/msi/ros2_ws/src/install/cv_bridge/include/cv_bridge/cv_bridge/cv_bridge.hpp
[15.289s] -- Symlinking: /home/msi/ros2_ws/src/install/cv_bridge/include/cv_bridge/cv_bridge/cv_mat_sensor_msgs_image_type_adapter.hpp
[15.295s] -- Symlinking: /home/msi/ros2_ws/src/install/cv_bridge/include/cv_bridge/cv_bridge/rgb_colors.hpp
[15.303s] -- Symlinking: /home/msi/ros2_ws/src/install/cv_bridge/include/cv_bridge/cv_bridge/visibility_control.h
[15.311s] -- Symlinking: /home/msi/ros2_ws/src/install/cv_bridge/lib/libcv_bridge.so
[15.318s] -- Symlinking: /home/msi/ros2_ws/src/install/cv_bridge/share/ament_index/resource_index/package_run_dependencies/cv_bridge
[15.326s] -- Symlinking: /home/msi/ros2_ws/src/install/cv_bridge/share/ament_index/resource_index/parent_prefix_path/cv_bridge
[15.333s] -- Symlinking: /home/msi/ros2_ws/src/install/cv_bridge/share/cv_bridge/environment/ament_prefix_path.sh
[15.341s] -- Symlinking: /home/msi/ros2_ws/src/install/cv_bridge/share/cv_bridge/environment/ament_prefix_path.dsv
[15.348s] -- Symlinking: /home/msi/ros2_ws/src/install/cv_bridge/share/cv_bridge/environment/path.sh
[15.355s] -- Symlinking: /home/msi/ros2_ws/src/install/cv_bridge/share/cv_bridge/environment/path.dsv
[15.363s] -- Symlinking: /home/msi/ros2_ws/src/install/cv_bridge/share/cv_bridge/local_setup.bash
[15.370s] -- Symlinking: /home/msi/ros2_ws/src/install/cv_bridge/share/cv_bridge/local_setup.sh
[15.378s] -- Symlinking: /home/msi/ros2_ws/src/install/cv_bridge/share/cv_bridge/local_setup.zsh
[15.386s] -- Symlinking: /home/msi/ros2_ws/src/install/cv_bridge/share/cv_bridge/local_setup.dsv
[15.395s] -- Symlinking: /home/msi/ros2_ws/src/install/cv_bridge/share/cv_bridge/package.dsv
[15.403s] -- Symlinking: /home/msi/ros2_ws/src/install/cv_bridge/share/ament_index/resource_index/packages/cv_bridge
[15.411s] -- Symlinking: /home/msi/ros2_ws/src/install/cv_bridge/share/cv_bridge/cmake/cv_bridge-extras.cmake
[15.420s] -- Symlinking: /home/msi/ros2_ws/src/install/cv_bridge/share/cv_bridge/cmake/ament_cmake_export_dependencies-extras.cmake
[15.427s] -- Symlinking: /home/msi/ros2_ws/src/install/cv_bridge/share/cv_bridge/cmake/ament_cmake_export_targets-extras.cmake
[15.435s] -- Symlinking: /home/msi/ros2_ws/src/install/cv_bridge/share/cv_bridge/cmake/cv_bridgeConfig.cmake
[15.443s] -- Symlinking: /home/msi/ros2_ws/src/install/cv_bridge/share/cv_bridge/cmake/cv_bridgeConfig-version.cmake
[15.450s] -- Symlinking: /home/msi/ros2_ws/src/install/cv_bridge/share/cv_bridge/package.xml
[15.508s] Listing '/home/msi/ros2_ws/src/install/cv_bridge/local/lib/python3.10/dist-packages/cv_bridge'...
[15.508s] Compiling '/home/msi/ros2_ws/src/install/cv_bridge/local/lib/python3.10/dist-packages/cv_bridge/__init__.py'...
[15.508s] Listing '/home/msi/ros2_ws/src/install/cv_bridge/local/lib/python3.10/dist-packages/cv_bridge/boost'...
[15.508s] Compiling '/home/msi/ros2_ws/src/install/cv_bridge/local/lib/python3.10/dist-packages/cv_bridge/core.py'...
[15.512s] -- Installing: /home/msi/ros2_ws/src/install/cv_bridge/share/cv_bridge/cmake/export_cv_bridgeExport.cmake
[15.513s] -- Installing: /home/msi/ros2_ws/src/install/cv_bridge/share/cv_bridge/cmake/export_cv_bridgeExport-noconfig.cmake
[15.515s] Invoked command in '/home/msi/ros2_ws/src/build/cv_bridge' returned '0': CMAKE_PREFIX_PATH=${CMAKE_PREFIX_PATH}:/home/msi/ros2_ws/install/opencv_tests:/opt/ros/humble /usr/bin/cmake --install /home/msi/ros2_ws/src/build/cv_bridge
