[0.364s] Invoking command in '/home/msi/ros2_ws/src/build/orbslam3_ros2': AMENT_PREFIX_PATH=/home/msi/ros2_ws/src/install/cv_bridge:${AMENT_PREFIX_PATH} CMAKE_PREFIX_PATH=/home/msi/ros2_ws/src/install/cv_bridge:/home/msi/ros2_ws/install/vision_opencv:/home/msi/ros2_ws/install/orbslam3_ros2:/home/msi/ros2_ws/install/my_rtabmap_config:/home/msi/ros2_ws/install/my_robot_slam:/home/msi/ros2_ws/install/my_robot_navigation:/home/msi/ros2_ws/install/my_robot_detection:/home/msi/ros2_ws/install/my_robot_bringup:/home/msi/ros2_ws/install/my_robot_description:/home/msi/ros2_ws/install/multirobot_map_merge:/home/msi/ros2_ws/install/image_geometry:/home/msi/ros2_ws/install/explore_lite:/home/msi/ros2_ws/install/cv_bridge:/home/msi/ros2_ws/install/custom_msgs:/home/msi/ros2_ws/install/opencv_tests:/opt/ros/humble LD_LIBRARY_PATH=/home/msi/ros2_ws/src/install/cv_bridge/lib:/home/msi/ros2_ws/install/multirobot_map_merge/lib:/home/msi/ros2_ws/install/image_geometry/lib:/home/msi/ros2_ws/install/cv_bridge/lib:/home/msi/ros2_ws/install/custom_msgs/lib:/usr/lib/x86_64-linux-gnu/gazebo-11/plugins:/opt/ros/humble/opt/rviz_ogre_vendor/lib:/opt/ros/humble/lib/x86_64-linux-gnu:/opt/ros/humble/lib:/usr/share/gazebo/../../lib/x86_64-linux-gnu/gazebo-11/plugins:/home/msi/Dev/Pangolin/lib:/home/msi/Dev/Pangolin/build PYTHONPATH=/home/msi/ros2_ws/src/install/cv_bridge/local/lib/python3.10/dist-packages:${PYTHONPATH} /usr/bin/cmake --build /home/msi/ros2_ws/src/build/orbslam3_ros2 -- -j12 -l12
[0.415s] [35m[1mConsolidate compiler generated dependencies of target stereo_node[0m
[0.458s] [100%] Built target stereo_node
[0.467s] Invoked command in '/home/msi/ros2_ws/src/build/orbslam3_ros2' returned '0': AMENT_PREFIX_PATH=/home/msi/ros2_ws/src/install/cv_bridge:${AMENT_PREFIX_PATH} CMAKE_PREFIX_PATH=/home/msi/ros2_ws/src/install/cv_bridge:/home/msi/ros2_ws/install/vision_opencv:/home/msi/ros2_ws/install/orbslam3_ros2:/home/msi/ros2_ws/install/my_rtabmap_config:/home/msi/ros2_ws/install/my_robot_slam:/home/msi/ros2_ws/install/my_robot_navigation:/home/msi/ros2_ws/install/my_robot_detection:/home/msi/ros2_ws/install/my_robot_bringup:/home/msi/ros2_ws/install/my_robot_description:/home/msi/ros2_ws/install/multirobot_map_merge:/home/msi/ros2_ws/install/image_geometry:/home/msi/ros2_ws/install/explore_lite:/home/msi/ros2_ws/install/cv_bridge:/home/msi/ros2_ws/install/custom_msgs:/home/msi/ros2_ws/install/opencv_tests:/opt/ros/humble LD_LIBRARY_PATH=/home/msi/ros2_ws/src/install/cv_bridge/lib:/home/msi/ros2_ws/install/multirobot_map_merge/lib:/home/msi/ros2_ws/install/image_geometry/lib:/home/msi/ros2_ws/install/cv_bridge/lib:/home/msi/ros2_ws/install/custom_msgs/lib:/usr/lib/x86_64-linux-gnu/gazebo-11/plugins:/opt/ros/humble/opt/rviz_ogre_vendor/lib:/opt/ros/humble/lib/x86_64-linux-gnu:/opt/ros/humble/lib:/usr/share/gazebo/../../lib/x86_64-linux-gnu/gazebo-11/plugins:/home/msi/Dev/Pangolin/lib:/home/msi/Dev/Pangolin/build PYTHONPATH=/home/msi/ros2_ws/src/install/cv_bridge/local/lib/python3.10/dist-packages:${PYTHONPATH} /usr/bin/cmake --build /home/msi/ros2_ws/src/build/orbslam3_ros2 -- -j12 -l12
[0.468s] Invoking command in '/home/msi/ros2_ws/src/build/orbslam3_ros2': AMENT_PREFIX_PATH=/home/msi/ros2_ws/src/install/cv_bridge:${AMENT_PREFIX_PATH} CMAKE_PREFIX_PATH=/home/msi/ros2_ws/src/install/cv_bridge:/home/msi/ros2_ws/install/vision_opencv:/home/msi/ros2_ws/install/orbslam3_ros2:/home/msi/ros2_ws/install/my_rtabmap_config:/home/msi/ros2_ws/install/my_robot_slam:/home/msi/ros2_ws/install/my_robot_navigation:/home/msi/ros2_ws/install/my_robot_detection:/home/msi/ros2_ws/install/my_robot_bringup:/home/msi/ros2_ws/install/my_robot_description:/home/msi/ros2_ws/install/multirobot_map_merge:/home/msi/ros2_ws/install/image_geometry:/home/msi/ros2_ws/install/explore_lite:/home/msi/ros2_ws/install/cv_bridge:/home/msi/ros2_ws/install/custom_msgs:/home/msi/ros2_ws/install/opencv_tests:/opt/ros/humble LD_LIBRARY_PATH=/home/msi/ros2_ws/src/install/cv_bridge/lib:/home/msi/ros2_ws/install/multirobot_map_merge/lib:/home/msi/ros2_ws/install/image_geometry/lib:/home/msi/ros2_ws/install/cv_bridge/lib:/home/msi/ros2_ws/install/custom_msgs/lib:/usr/lib/x86_64-linux-gnu/gazebo-11/plugins:/opt/ros/humble/opt/rviz_ogre_vendor/lib:/opt/ros/humble/lib/x86_64-linux-gnu:/opt/ros/humble/lib:/usr/share/gazebo/../../lib/x86_64-linux-gnu/gazebo-11/plugins:/home/msi/Dev/Pangolin/lib:/home/msi/Dev/Pangolin/build PYTHONPATH=/home/msi/ros2_ws/src/install/cv_bridge/local/lib/python3.10/dist-packages:${PYTHONPATH} /usr/bin/cmake --install /home/msi/ros2_ws/src/build/orbslam3_ros2
[0.473s] -- Install configuration: ""
[0.473s] -- Execute custom install script
[0.474s] -- Up-to-date symlink: /home/msi/ros2_ws/src/install/orbslam3_ros2/lib/orbslam3_ros2/stereo_node
[0.474s] -- Up-to-date symlink: /home/msi/ros2_ws/src/install/orbslam3_ros2/share/orbslam3_ros2/launch/launch.py
[0.474s] -- Up-to-date symlink: /home/msi/ros2_ws/src/install/orbslam3_ros2/share/orbslam3_ros2/launch/stereo.launch.py
[0.476s] -- Up-to-date symlink: /home/msi/ros2_ws/src/install/orbslam3_ros2/share/orbslam3_ros2/config/monocular-inertial/EuRoC.yaml
[0.476s] -- Up-to-date symlink: /home/msi/ros2_ws/src/install/orbslam3_ros2/share/orbslam3_ros2/config/monocular-inertial/EuRoC_IMU/MH01.txt
[0.476s] -- Up-to-date symlink: /home/msi/ros2_ws/src/install/orbslam3_ros2/share/orbslam3_ros2/config/monocular-inertial/EuRoC_IMU/MH02.txt
[0.476s] -- Up-to-date symlink: /home/msi/ros2_ws/src/install/orbslam3_ros2/share/orbslam3_ros2/config/monocular-inertial/EuRoC_IMU/MH03.txt
[0.476s] -- Up-to-date symlink: /home/msi/ros2_ws/src/install/orbslam3_ros2/share/orbslam3_ros2/config/monocular-inertial/EuRoC_IMU/MH04.txt
[0.476s] -- Up-to-date symlink: /home/msi/ros2_ws/src/install/orbslam3_ros2/share/orbslam3_ros2/config/monocular-inertial/EuRoC_IMU/MH05.txt
[0.476s] -- Up-to-date symlink: /home/msi/ros2_ws/src/install/orbslam3_ros2/share/orbslam3_ros2/config/monocular-inertial/EuRoC_IMU/V101.txt
[0.476s] -- Up-to-date symlink: /home/msi/ros2_ws/src/install/orbslam3_ros2/share/orbslam3_ros2/config/monocular-inertial/EuRoC_IMU/V102.txt
[0.476s] -- Up-to-date symlink: /home/msi/ros2_ws/src/install/orbslam3_ros2/share/orbslam3_ros2/config/monocular-inertial/EuRoC_IMU/V103.txt
[0.476s] -- Up-to-date symlink: /home/msi/ros2_ws/src/install/orbslam3_ros2/share/orbslam3_ros2/config/monocular-inertial/EuRoC_IMU/V201.txt
[0.476s] -- Up-to-date symlink: /home/msi/ros2_ws/src/install/orbslam3_ros2/share/orbslam3_ros2/config/monocular-inertial/EuRoC_IMU/V202.txt
[0.476s] -- Up-to-date symlink: /home/msi/ros2_ws/src/install/orbslam3_ros2/share/orbslam3_ros2/config/monocular-inertial/EuRoC_IMU/V203.txt
[0.476s] -- Up-to-date symlink: /home/msi/ros2_ws/src/install/orbslam3_ros2/share/orbslam3_ros2/config/monocular-inertial/EuRoC_TimeStamps/MH01.txt
[0.477s] -- Up-to-date symlink: /home/msi/ros2_ws/src/install/orbslam3_ros2/share/orbslam3_ros2/config/monocular-inertial/EuRoC_TimeStamps/MH02.txt
[0.477s] -- Up-to-date symlink: /home/msi/ros2_ws/src/install/orbslam3_ros2/share/orbslam3_ros2/config/monocular-inertial/EuRoC_TimeStamps/MH03.txt
[0.477s] -- Up-to-date symlink: /home/msi/ros2_ws/src/install/orbslam3_ros2/share/orbslam3_ros2/config/monocular-inertial/EuRoC_TimeStamps/MH04.txt
[0.477s] -- Up-to-date symlink: /home/msi/ros2_ws/src/install/orbslam3_ros2/share/orbslam3_ros2/config/monocular-inertial/EuRoC_TimeStamps/MH05.txt
[0.477s] -- Up-to-date symlink: /home/msi/ros2_ws/src/install/orbslam3_ros2/share/orbslam3_ros2/config/monocular-inertial/EuRoC_TimeStamps/V101.txt
[0.477s] -- Up-to-date symlink: /home/msi/ros2_ws/src/install/orbslam3_ros2/share/orbslam3_ros2/config/monocular-inertial/EuRoC_TimeStamps/V102.txt
[0.477s] -- Up-to-date symlink: /home/msi/ros2_ws/src/install/orbslam3_ros2/share/orbslam3_ros2/config/monocular-inertial/EuRoC_TimeStamps/V103.txt
[0.477s] -- Up-to-date symlink: /home/msi/ros2_ws/src/install/orbslam3_ros2/share/orbslam3_ros2/config/monocular-inertial/EuRoC_TimeStamps/V201.txt
[0.477s] -- Up-to-date symlink: /home/msi/ros2_ws/src/install/orbslam3_ros2/share/orbslam3_ros2/config/monocular-inertial/EuRoC_TimeStamps/V202.txt
[0.477s] -- Up-to-date symlink: /home/msi/ros2_ws/src/install/orbslam3_ros2/share/orbslam3_ros2/config/monocular-inertial/EuRoC_TimeStamps/V203.txt
[0.477s] -- Up-to-date symlink: /home/msi/ros2_ws/src/install/orbslam3_ros2/share/orbslam3_ros2/config/monocular-inertial/MultiSession/EuRoC_MH01.yaml
[0.477s] -- Up-to-date symlink: /home/msi/ros2_ws/src/install/orbslam3_ros2/share/orbslam3_ros2/config/monocular-inertial/MultiSession/EuRoC_MH02.yaml
[0.477s] -- Up-to-date symlink: /home/msi/ros2_ws/src/install/orbslam3_ros2/share/orbslam3_ros2/config/monocular-inertial/MultiSession/EuRoC_MH03.yaml
[0.477s] -- Up-to-date symlink: /home/msi/ros2_ws/src/install/orbslam3_ros2/share/orbslam3_ros2/config/monocular-inertial/MultiSession/EuRoC_MH04.yaml
[0.477s] -- Up-to-date symlink: /home/msi/ros2_ws/src/install/orbslam3_ros2/share/orbslam3_ros2/config/monocular-inertial/MultiSession/EuRoC_MH05.yaml
[0.477s] -- Up-to-date symlink: /home/msi/ros2_ws/src/install/orbslam3_ros2/share/orbslam3_ros2/config/monocular-inertial/MultiSession/EuRoC_V101.yaml
[0.477s] -- Up-to-date symlink: /home/msi/ros2_ws/src/install/orbslam3_ros2/share/orbslam3_ros2/config/monocular-inertial/MultiSession/EuRoC_V102.yaml
[0.477s] -- Up-to-date symlink: /home/msi/ros2_ws/src/install/orbslam3_ros2/share/orbslam3_ros2/config/monocular-inertial/MultiSession/EuRoC_V103.yaml
[0.477s] -- Up-to-date symlink: /home/msi/ros2_ws/src/install/orbslam3_ros2/share/orbslam3_ros2/config/monocular-inertial/MultiSession/EuRoC_V201.yaml
[0.478s] -- Up-to-date symlink: /home/msi/ros2_ws/src/install/orbslam3_ros2/share/orbslam3_ros2/config/monocular-inertial/MultiSession/EuRoC_V202.yaml
[0.478s] -- Up-to-date symlink: /home/msi/ros2_ws/src/install/orbslam3_ros2/share/orbslam3_ros2/config/monocular-inertial/MultiSession/EuRoC_V203.yaml
[0.478s] -- Up-to-date symlink: /home/msi/ros2_ws/src/install/orbslam3_ros2/share/orbslam3_ros2/config/monocular-inertial/RealSense_D435i.yaml
[0.478s] -- Up-to-date symlink: /home/msi/ros2_ws/src/install/orbslam3_ros2/share/orbslam3_ros2/config/monocular-inertial/RealSense_T265.yaml
[0.478s] -- Up-to-date symlink: /home/msi/ros2_ws/src/install/orbslam3_ros2/share/orbslam3_ros2/config/monocular-inertial/TUM-VI.yaml
[0.478s] -- Up-to-date symlink: /home/msi/ros2_ws/src/install/orbslam3_ros2/share/orbslam3_ros2/config/monocular-inertial/TUM-VI_far.yaml
[0.478s] -- Up-to-date symlink: /home/msi/ros2_ws/src/install/orbslam3_ros2/share/orbslam3_ros2/config/monocular-inertial/TUM_IMU/dataset-corridor1_512.txt
[0.478s] -- Up-to-date symlink: /home/msi/ros2_ws/src/install/orbslam3_ros2/share/orbslam3_ros2/config/monocular-inertial/TUM_IMU/dataset-corridor2_1024.txt
[0.478s] -- Up-to-date symlink: /home/msi/ros2_ws/src/install/orbslam3_ros2/share/orbslam3_ros2/config/monocular-inertial/TUM_IMU/dataset-corridor2_512.txt
[0.478s] -- Up-to-date symlink: /home/msi/ros2_ws/src/install/orbslam3_ros2/share/orbslam3_ros2/config/monocular-inertial/TUM_IMU/dataset-corridor3_512.txt
[0.478s] -- Up-to-date symlink: /home/msi/ros2_ws/src/install/orbslam3_ros2/share/orbslam3_ros2/config/monocular-inertial/TUM_IMU/dataset-corridor4_512.txt
[0.479s] -- Up-to-date symlink: /home/msi/ros2_ws/src/install/orbslam3_ros2/share/orbslam3_ros2/config/monocular-inertial/TUM_IMU/dataset-corridor5_512.txt
[0.479s] -- Up-to-date symlink: /home/msi/ros2_ws/src/install/orbslam3_ros2/share/orbslam3_ros2/config/monocular-inertial/TUM_IMU/dataset-magistrale1_512.txt
[0.479s] -- Up-to-date symlink: /home/msi/ros2_ws/src/install/orbslam3_ros2/share/orbslam3_ros2/config/monocular-inertial/TUM_IMU/dataset-magistrale2_512.txt
[0.479s] -- Up-to-date symlink: /home/msi/ros2_ws/src/install/orbslam3_ros2/share/orbslam3_ros2/config/monocular-inertial/TUM_IMU/dataset-magistrale3_512.txt
[0.479s] -- Up-to-date symlink: /home/msi/ros2_ws/src/install/orbslam3_ros2/share/orbslam3_ros2/config/monocular-inertial/TUM_IMU/dataset-magistrale4_512.txt
[0.479s] -- Up-to-date symlink: /home/msi/ros2_ws/src/install/orbslam3_ros2/share/orbslam3_ros2/config/monocular-inertial/TUM_IMU/dataset-magistrale5_512.txt
[0.479s] -- Up-to-date symlink: /home/msi/ros2_ws/src/install/orbslam3_ros2/share/orbslam3_ros2/config/monocular-inertial/TUM_IMU/dataset-magistrale6_512.txt
[0.479s] -- Up-to-date symlink: /home/msi/ros2_ws/src/install/orbslam3_ros2/share/orbslam3_ros2/config/monocular-inertial/TUM_IMU/dataset-outdoors1_512.txt
[0.479s] -- Up-to-date symlink: /home/msi/ros2_ws/src/install/orbslam3_ros2/share/orbslam3_ros2/config/monocular-inertial/TUM_IMU/dataset-outdoors2_512.txt
[0.479s] -- Up-to-date symlink: /home/msi/ros2_ws/src/install/orbslam3_ros2/share/orbslam3_ros2/config/monocular-inertial/TUM_IMU/dataset-outdoors3_512.txt
[0.479s] -- Up-to-date symlink: /home/msi/ros2_ws/src/install/orbslam3_ros2/share/orbslam3_ros2/config/monocular-inertial/TUM_IMU/dataset-outdoors4_512.txt
[0.479s] -- Up-to-date symlink: /home/msi/ros2_ws/src/install/orbslam3_ros2/share/orbslam3_ros2/config/monocular-inertial/TUM_IMU/dataset-outdoors5_512.txt
[0.480s] -- Up-to-date symlink: /home/msi/ros2_ws/src/install/orbslam3_ros2/share/orbslam3_ros2/config/monocular-inertial/TUM_IMU/dataset-outdoors6_512.txt
[0.480s] -- Up-to-date symlink: /home/msi/ros2_ws/src/install/orbslam3_ros2/share/orbslam3_ros2/config/monocular-inertial/TUM_IMU/dataset-outdoors7_512.txt
[0.480s] -- Up-to-date symlink: /home/msi/ros2_ws/src/install/orbslam3_ros2/share/orbslam3_ros2/config/monocular-inertial/TUM_IMU/dataset-outdoors8_512.txt
[0.480s] -- Up-to-date symlink: /home/msi/ros2_ws/src/install/orbslam3_ros2/share/orbslam3_ros2/config/monocular-inertial/TUM_IMU/dataset-room1_512.txt
[0.480s] -- Up-to-date symlink: /home/msi/ros2_ws/src/install/orbslam3_ros2/share/orbslam3_ros2/config/monocular-inertial/TUM_IMU/dataset-room2_512.txt
[0.480s] -- Up-to-date symlink: /home/msi/ros2_ws/src/install/orbslam3_ros2/share/orbslam3_ros2/config/monocular-inertial/TUM_IMU/dataset-room3_512.txt
[0.480s] -- Up-to-date symlink: /home/msi/ros2_ws/src/install/orbslam3_ros2/share/orbslam3_ros2/config/monocular-inertial/TUM_IMU/dataset-room4_512.txt
[0.480s] -- Up-to-date symlink: /home/msi/ros2_ws/src/install/orbslam3_ros2/share/orbslam3_ros2/config/monocular-inertial/TUM_IMU/dataset-room5_512.txt
[0.480s] -- Up-to-date symlink: /home/msi/ros2_ws/src/install/orbslam3_ros2/share/orbslam3_ros2/config/monocular-inertial/TUM_IMU/dataset-room6_512.txt
[0.480s] -- Up-to-date symlink: /home/msi/ros2_ws/src/install/orbslam3_ros2/share/orbslam3_ros2/config/monocular-inertial/TUM_IMU/dataset-slides1_512.txt
[0.480s] -- Up-to-date symlink: /home/msi/ros2_ws/src/install/orbslam3_ros2/share/orbslam3_ros2/config/monocular-inertial/TUM_IMU/dataset-slides2_512.txt
[0.480s] -- Up-to-date symlink: /home/msi/ros2_ws/src/install/orbslam3_ros2/share/orbslam3_ros2/config/monocular-inertial/TUM_IMU/dataset-slides3_512.txt
[0.480s] -- Up-to-date symlink: /home/msi/ros2_ws/src/install/orbslam3_ros2/share/orbslam3_ros2/config/monocular-inertial/TUM_TimeStamps/dataset-corridor1_512.txt
[0.481s] -- Up-to-date symlink: /home/msi/ros2_ws/src/install/orbslam3_ros2/share/orbslam3_ros2/config/monocular-inertial/TUM_TimeStamps/dataset-corridor2_1024.txt
[0.481s] -- Up-to-date symlink: /home/msi/ros2_ws/src/install/orbslam3_ros2/share/orbslam3_ros2/config/monocular-inertial/TUM_TimeStamps/dataset-corridor2_512.txt
[0.481s] -- Up-to-date symlink: /home/msi/ros2_ws/src/install/orbslam3_ros2/share/orbslam3_ros2/config/monocular-inertial/TUM_TimeStamps/dataset-corridor3_512.txt
[0.481s] -- Up-to-date symlink: /home/msi/ros2_ws/src/install/orbslam3_ros2/share/orbslam3_ros2/config/monocular-inertial/TUM_TimeStamps/dataset-corridor4_512.txt
[0.481s] -- Up-to-date symlink: /home/msi/ros2_ws/src/install/orbslam3_ros2/share/orbslam3_ros2/config/monocular-inertial/TUM_TimeStamps/dataset-corridor5_512.txt
[0.481s] -- Up-to-date symlink: /home/msi/ros2_ws/src/install/orbslam3_ros2/share/orbslam3_ros2/config/monocular-inertial/TUM_TimeStamps/dataset-magistrale1_512.txt
[0.481s] -- Up-to-date symlink: /home/msi/ros2_ws/src/install/orbslam3_ros2/share/orbslam3_ros2/config/monocular-inertial/TUM_TimeStamps/dataset-magistrale2_512.txt
[0.481s] -- Up-to-date symlink: /home/msi/ros2_ws/src/install/orbslam3_ros2/share/orbslam3_ros2/config/monocular-inertial/TUM_TimeStamps/dataset-magistrale3_512.txt
[0.481s] -- Up-to-date symlink: /home/msi/ros2_ws/src/install/orbslam3_ros2/share/orbslam3_ros2/config/monocular-inertial/TUM_TimeStamps/dataset-magistrale4_512.txt
[0.481s] -- Up-to-date symlink: /home/msi/ros2_ws/src/install/orbslam3_ros2/share/orbslam3_ros2/config/monocular-inertial/TUM_TimeStamps/dataset-magistrale5_512.txt
[0.481s] -- Up-to-date symlink: /home/msi/ros2_ws/src/install/orbslam3_ros2/share/orbslam3_ros2/config/monocular-inertial/TUM_TimeStamps/dataset-magistrale6_512.txt
[0.481s] -- Up-to-date symlink: /home/msi/ros2_ws/src/install/orbslam3_ros2/share/orbslam3_ros2/config/monocular-inertial/TUM_TimeStamps/dataset-outdoors1_512.txt
[0.482s] -- Up-to-date symlink: /home/msi/ros2_ws/src/install/orbslam3_ros2/share/orbslam3_ros2/config/monocular-inertial/TUM_TimeStamps/dataset-outdoors2_512.txt
[0.482s] -- Up-to-date symlink: /home/msi/ros2_ws/src/install/orbslam3_ros2/share/orbslam3_ros2/config/monocular-inertial/TUM_TimeStamps/dataset-outdoors3_512.txt
[0.482s] -- Up-to-date symlink: /home/msi/ros2_ws/src/install/orbslam3_ros2/share/orbslam3_ros2/config/monocular-inertial/TUM_TimeStamps/dataset-outdoors4_512.txt
[0.482s] -- Up-to-date symlink: /home/msi/ros2_ws/src/install/orbslam3_ros2/share/orbslam3_ros2/config/monocular-inertial/TUM_TimeStamps/dataset-outdoors5_512.txt
[0.482s] -- Up-to-date symlink: /home/msi/ros2_ws/src/install/orbslam3_ros2/share/orbslam3_ros2/config/monocular-inertial/TUM_TimeStamps/dataset-outdoors6_512.txt
[0.482s] -- Up-to-date symlink: /home/msi/ros2_ws/src/install/orbslam3_ros2/share/orbslam3_ros2/config/monocular-inertial/TUM_TimeStamps/dataset-outdoors7_512.txt
[0.482s] -- Up-to-date symlink: /home/msi/ros2_ws/src/install/orbslam3_ros2/share/orbslam3_ros2/config/monocular-inertial/TUM_TimeStamps/dataset-outdoors8_512.txt
[0.482s] -- Up-to-date symlink: /home/msi/ros2_ws/src/install/orbslam3_ros2/share/orbslam3_ros2/config/monocular-inertial/TUM_TimeStamps/dataset-room1_512.txt
[0.482s] -- Up-to-date symlink: /home/msi/ros2_ws/src/install/orbslam3_ros2/share/orbslam3_ros2/config/monocular-inertial/TUM_TimeStamps/dataset-room2_512.txt
[0.482s] -- Up-to-date symlink: /home/msi/ros2_ws/src/install/orbslam3_ros2/share/orbslam3_ros2/config/monocular-inertial/TUM_TimeStamps/dataset-room3_512.txt
[0.482s] -- Up-to-date symlink: /home/msi/ros2_ws/src/install/orbslam3_ros2/share/orbslam3_ros2/config/monocular-inertial/TUM_TimeStamps/dataset-room4_512.txt
[0.482s] -- Up-to-date symlink: /home/msi/ros2_ws/src/install/orbslam3_ros2/share/orbslam3_ros2/config/monocular-inertial/TUM_TimeStamps/dataset-room5_512.txt
[0.482s] -- Up-to-date symlink: /home/msi/ros2_ws/src/install/orbslam3_ros2/share/orbslam3_ros2/config/monocular-inertial/TUM_TimeStamps/dataset-room6_512.txt
[0.482s] -- Up-to-date symlink: /home/msi/ros2_ws/src/install/orbslam3_ros2/share/orbslam3_ros2/config/monocular-inertial/TUM_TimeStamps/dataset-slides1_512.txt
[0.482s] -- Up-to-date symlink: /home/msi/ros2_ws/src/install/orbslam3_ros2/share/orbslam3_ros2/config/monocular-inertial/TUM_TimeStamps/dataset-slides2_512.txt
[0.483s] -- Up-to-date symlink: /home/msi/ros2_ws/src/install/orbslam3_ros2/share/orbslam3_ros2/config/monocular-inertial/TUM_TimeStamps/dataset-slides3_512.txt
[0.483s] -- Up-to-date symlink: /home/msi/ros2_ws/src/install/orbslam3_ros2/share/orbslam3_ros2/config/monocular/EuRoC.yaml
[0.483s] -- Up-to-date symlink: /home/msi/ros2_ws/src/install/orbslam3_ros2/share/orbslam3_ros2/config/monocular/EuRoC_TimeStamps/MH01.txt
[0.483s] -- Up-to-date symlink: /home/msi/ros2_ws/src/install/orbslam3_ros2/share/orbslam3_ros2/config/monocular/EuRoC_TimeStamps/MH02.txt
[0.483s] -- Up-to-date symlink: /home/msi/ros2_ws/src/install/orbslam3_ros2/share/orbslam3_ros2/config/monocular/EuRoC_TimeStamps/MH03.txt
[0.483s] -- Up-to-date symlink: /home/msi/ros2_ws/src/install/orbslam3_ros2/share/orbslam3_ros2/config/monocular/EuRoC_TimeStamps/MH04.txt
[0.483s] -- Up-to-date symlink: /home/msi/ros2_ws/src/install/orbslam3_ros2/share/orbslam3_ros2/config/monocular/EuRoC_TimeStamps/MH05.txt
[0.483s] -- Up-to-date symlink: /home/msi/ros2_ws/src/install/orbslam3_ros2/share/orbslam3_ros2/config/monocular/EuRoC_TimeStamps/V101.txt
[0.483s] -- Up-to-date symlink: /home/msi/ros2_ws/src/install/orbslam3_ros2/share/orbslam3_ros2/config/monocular/EuRoC_TimeStamps/V102.txt
[0.483s] -- Up-to-date symlink: /home/msi/ros2_ws/src/install/orbslam3_ros2/share/orbslam3_ros2/config/monocular/EuRoC_TimeStamps/V103.txt
[0.483s] -- Up-to-date symlink: /home/msi/ros2_ws/src/install/orbslam3_ros2/share/orbslam3_ros2/config/monocular/EuRoC_TimeStamps/V201.txt
[0.483s] -- Up-to-date symlink: /home/msi/ros2_ws/src/install/orbslam3_ros2/share/orbslam3_ros2/config/monocular/EuRoC_TimeStamps/V202.txt
[0.483s] -- Up-to-date symlink: /home/msi/ros2_ws/src/install/orbslam3_ros2/share/orbslam3_ros2/config/monocular/EuRoC_TimeStamps/V203.txt
[0.483s] -- Up-to-date symlink: /home/msi/ros2_ws/src/install/orbslam3_ros2/share/orbslam3_ros2/config/monocular/KITTI00-02.yaml
[0.483s] -- Up-to-date symlink: /home/msi/ros2_ws/src/install/orbslam3_ros2/share/orbslam3_ros2/config/monocular/KITTI03.yaml
[0.483s] -- Up-to-date symlink: /home/msi/ros2_ws/src/install/orbslam3_ros2/share/orbslam3_ros2/config/monocular/KITTI04-12.yaml
[0.484s] -- Up-to-date symlink: /home/msi/ros2_ws/src/install/orbslam3_ros2/share/orbslam3_ros2/config/monocular/MultiSession/EuRoC_MH01.yaml
[0.484s] -- Up-to-date symlink: /home/msi/ros2_ws/src/install/orbslam3_ros2/share/orbslam3_ros2/config/monocular/MultiSession/EuRoC_MH02.yaml
[0.484s] -- Up-to-date symlink: /home/msi/ros2_ws/src/install/orbslam3_ros2/share/orbslam3_ros2/config/monocular/MultiSession/EuRoC_MH03.yaml
[0.484s] -- Up-to-date symlink: /home/msi/ros2_ws/src/install/orbslam3_ros2/share/orbslam3_ros2/config/monocular/MultiSession/EuRoC_MH04.yaml
[0.484s] -- Up-to-date symlink: /home/msi/ros2_ws/src/install/orbslam3_ros2/share/orbslam3_ros2/config/monocular/MultiSession/EuRoC_MH05.yaml
[0.484s] -- Up-to-date symlink: /home/msi/ros2_ws/src/install/orbslam3_ros2/share/orbslam3_ros2/config/monocular/MultiSession/EuRoC_V101.yaml
[0.484s] -- Up-to-date symlink: /home/msi/ros2_ws/src/install/orbslam3_ros2/share/orbslam3_ros2/config/monocular/MultiSession/EuRoC_V102.yaml
[0.484s] -- Up-to-date symlink: /home/msi/ros2_ws/src/install/orbslam3_ros2/share/orbslam3_ros2/config/monocular/MultiSession/EuRoC_V103.yaml
[0.484s] -- Up-to-date symlink: /home/msi/ros2_ws/src/install/orbslam3_ros2/share/orbslam3_ros2/config/monocular/MultiSession/EuRoC_V201.yaml
[0.484s] -- Up-to-date symlink: /home/msi/ros2_ws/src/install/orbslam3_ros2/share/orbslam3_ros2/config/monocular/MultiSession/EuRoC_V202.yaml
[0.484s] -- Up-to-date symlink: /home/msi/ros2_ws/src/install/orbslam3_ros2/share/orbslam3_ros2/config/monocular/MultiSession/EuRoC_V203.yaml
[0.484s] -- Up-to-date symlink: /home/msi/ros2_ws/src/install/orbslam3_ros2/share/orbslam3_ros2/config/monocular/RealSense_D435i.yaml
[0.484s] -- Up-to-date symlink: /home/msi/ros2_ws/src/install/orbslam3_ros2/share/orbslam3_ros2/config/monocular/RealSense_T265.yaml
[0.484s] -- Up-to-date symlink: /home/msi/ros2_ws/src/install/orbslam3_ros2/share/orbslam3_ros2/config/monocular/TUM-VI.yaml
[0.484s] -- Up-to-date symlink: /home/msi/ros2_ws/src/install/orbslam3_ros2/share/orbslam3_ros2/config/monocular/TUM1.yaml
[0.484s] -- Up-to-date symlink: /home/msi/ros2_ws/src/install/orbslam3_ros2/share/orbslam3_ros2/config/monocular/TUM2.yaml
[0.484s] -- Up-to-date symlink: /home/msi/ros2_ws/src/install/orbslam3_ros2/share/orbslam3_ros2/config/monocular/TUM3.yaml
[0.484s] -- Up-to-date symlink: /home/msi/ros2_ws/src/install/orbslam3_ros2/share/orbslam3_ros2/config/monocular/TUM_TimeStamps/dataset-corridor1_512.txt
[0.484s] -- Up-to-date symlink: /home/msi/ros2_ws/src/install/orbslam3_ros2/share/orbslam3_ros2/config/monocular/TUM_TimeStamps/dataset-corridor2_1024.txt
[0.484s] -- Up-to-date symlink: /home/msi/ros2_ws/src/install/orbslam3_ros2/share/orbslam3_ros2/config/monocular/TUM_TimeStamps/dataset-corridor2_512.txt
[0.484s] -- Up-to-date symlink: /home/msi/ros2_ws/src/install/orbslam3_ros2/share/orbslam3_ros2/config/monocular/TUM_TimeStamps/dataset-corridor3_512.txt
[0.485s] -- Up-to-date symlink: /home/msi/ros2_ws/src/install/orbslam3_ros2/share/orbslam3_ros2/config/monocular/TUM_TimeStamps/dataset-corridor4_512.txt
[0.485s] -- Up-to-date symlink: /home/msi/ros2_ws/src/install/orbslam3_ros2/share/orbslam3_ros2/config/monocular/TUM_TimeStamps/dataset-corridor5_512.txt
[0.485s] -- Up-to-date symlink: /home/msi/ros2_ws/src/install/orbslam3_ros2/share/orbslam3_ros2/config/monocular/TUM_TimeStamps/dataset-magistrale1_512.txt
[0.485s] -- Up-to-date symlink: /home/msi/ros2_ws/src/install/orbslam3_ros2/share/orbslam3_ros2/config/monocular/TUM_TimeStamps/dataset-magistrale2_512.txt
[0.485s] -- Up-to-date symlink: /home/msi/ros2_ws/src/install/orbslam3_ros2/share/orbslam3_ros2/config/monocular/TUM_TimeStamps/dataset-magistrale3_512.txt
[0.485s] -- Up-to-date symlink: /home/msi/ros2_ws/src/install/orbslam3_ros2/share/orbslam3_ros2/config/monocular/TUM_TimeStamps/dataset-magistrale4_512.txt
[0.485s] -- Up-to-date symlink: /home/msi/ros2_ws/src/install/orbslam3_ros2/share/orbslam3_ros2/config/monocular/TUM_TimeStamps/dataset-magistrale5_512.txt
[0.485s] -- Up-to-date symlink: /home/msi/ros2_ws/src/install/orbslam3_ros2/share/orbslam3_ros2/config/monocular/TUM_TimeStamps/dataset-magistrale6_512.txt
[0.485s] -- Up-to-date symlink: /home/msi/ros2_ws/src/install/orbslam3_ros2/share/orbslam3_ros2/config/monocular/TUM_TimeStamps/dataset-outdoors1_512.txt
[0.485s] -- Up-to-date symlink: /home/msi/ros2_ws/src/install/orbslam3_ros2/share/orbslam3_ros2/config/monocular/TUM_TimeStamps/dataset-outdoors2_512.txt
[0.485s] -- Up-to-date symlink: /home/msi/ros2_ws/src/install/orbslam3_ros2/share/orbslam3_ros2/config/monocular/TUM_TimeStamps/dataset-outdoors3_512.txt
[0.485s] -- Up-to-date symlink: /home/msi/ros2_ws/src/install/orbslam3_ros2/share/orbslam3_ros2/config/monocular/TUM_TimeStamps/dataset-outdoors4_512.txt
[0.485s] -- Up-to-date symlink: /home/msi/ros2_ws/src/install/orbslam3_ros2/share/orbslam3_ros2/config/monocular/TUM_TimeStamps/dataset-outdoors5_512.txt
[0.486s] -- Up-to-date symlink: /home/msi/ros2_ws/src/install/orbslam3_ros2/share/orbslam3_ros2/config/monocular/TUM_TimeStamps/dataset-outdoors6_512.txt
[0.486s] -- Up-to-date symlink: /home/msi/ros2_ws/src/install/orbslam3_ros2/share/orbslam3_ros2/config/monocular/TUM_TimeStamps/dataset-outdoors7_512.txt
[0.486s] -- Up-to-date symlink: /home/msi/ros2_ws/src/install/orbslam3_ros2/share/orbslam3_ros2/config/monocular/TUM_TimeStamps/dataset-outdoors8_512.txt
[0.486s] -- Up-to-date symlink: /home/msi/ros2_ws/src/install/orbslam3_ros2/share/orbslam3_ros2/config/monocular/TUM_TimeStamps/dataset-room1_512.txt
[0.486s] -- Up-to-date symlink: /home/msi/ros2_ws/src/install/orbslam3_ros2/share/orbslam3_ros2/config/monocular/TUM_TimeStamps/dataset-room2_512.txt
[0.486s] -- Up-to-date symlink: /home/msi/ros2_ws/src/install/orbslam3_ros2/share/orbslam3_ros2/config/monocular/TUM_TimeStamps/dataset-room3_512.txt
[0.486s] -- Up-to-date symlink: /home/msi/ros2_ws/src/install/orbslam3_ros2/share/orbslam3_ros2/config/monocular/TUM_TimeStamps/dataset-room4_512.txt
[0.486s] -- Up-to-date symlink: /home/msi/ros2_ws/src/install/orbslam3_ros2/share/orbslam3_ros2/config/monocular/TUM_TimeStamps/dataset-room5_512.txt
[0.486s] -- Up-to-date symlink: /home/msi/ros2_ws/src/install/orbslam3_ros2/share/orbslam3_ros2/config/monocular/TUM_TimeStamps/dataset-room6_512.txt
[0.486s] -- Up-to-date symlink: /home/msi/ros2_ws/src/install/orbslam3_ros2/share/orbslam3_ros2/config/monocular/TUM_TimeStamps/dataset-slides1_512.txt
[0.486s] -- Up-to-date symlink: /home/msi/ros2_ws/src/install/orbslam3_ros2/share/orbslam3_ros2/config/monocular/TUM_TimeStamps/dataset-slides2_512.txt
[0.486s] -- Up-to-date symlink: /home/msi/ros2_ws/src/install/orbslam3_ros2/share/orbslam3_ros2/config/monocular/TUM_TimeStamps/dataset-slides3_512.txt
[0.486s] -- Up-to-date symlink: /home/msi/ros2_ws/src/install/orbslam3_ros2/share/orbslam3_ros2/config/params.yaml
[0.487s] -- Up-to-date symlink: /home/msi/ros2_ws/src/install/orbslam3_ros2/share/orbslam3_ros2/config/rgb-d-inertial/RealSense_D435i.yaml
[0.487s] -- Up-to-date symlink: /home/msi/ros2_ws/src/install/orbslam3_ros2/share/orbslam3_ros2/config/rgb-d/RealSense_D435i.yaml
[0.487s] -- Up-to-date symlink: /home/msi/ros2_ws/src/install/orbslam3_ros2/share/orbslam3_ros2/config/rgb-d/TUM1.yaml
[0.487s] -- Up-to-date symlink: /home/msi/ros2_ws/src/install/orbslam3_ros2/share/orbslam3_ros2/config/rgb-d/TUM2.yaml
[0.487s] -- Up-to-date symlink: /home/msi/ros2_ws/src/install/orbslam3_ros2/share/orbslam3_ros2/config/rgb-d/TUM3.yaml
[0.487s] -- Up-to-date symlink: /home/msi/ros2_ws/src/install/orbslam3_ros2/share/orbslam3_ros2/config/rgb-d/associations/fr1_desk.txt
[0.487s] -- Up-to-date symlink: /home/msi/ros2_ws/src/install/orbslam3_ros2/share/orbslam3_ros2/config/rgb-d/associations/fr1_desk2.txt
[0.487s] -- Up-to-date symlink: /home/msi/ros2_ws/src/install/orbslam3_ros2/share/orbslam3_ros2/config/rgb-d/associations/fr1_room.txt
[0.487s] -- Up-to-date symlink: /home/msi/ros2_ws/src/install/orbslam3_ros2/share/orbslam3_ros2/config/rgb-d/associations/fr1_xyz.txt
[0.487s] -- Up-to-date symlink: /home/msi/ros2_ws/src/install/orbslam3_ros2/share/orbslam3_ros2/config/rgb-d/associations/fr2_desk.txt
[0.487s] -- Up-to-date symlink: /home/msi/ros2_ws/src/install/orbslam3_ros2/share/orbslam3_ros2/config/rgb-d/associations/fr2_xyz.txt
[0.487s] -- Up-to-date symlink: /home/msi/ros2_ws/src/install/orbslam3_ros2/share/orbslam3_ros2/config/rgb-d/associations/fr3_nstr_tex_near.txt
[0.487s] -- Up-to-date symlink: /home/msi/ros2_ws/src/install/orbslam3_ros2/share/orbslam3_ros2/config/rgb-d/associations/fr3_office.txt
[0.487s] -- Up-to-date symlink: /home/msi/ros2_ws/src/install/orbslam3_ros2/share/orbslam3_ros2/config/rgb-d/associations/fr3_office_val.txt
[0.487s] -- Up-to-date symlink: /home/msi/ros2_ws/src/install/orbslam3_ros2/share/orbslam3_ros2/config/rgb-d/associations/fr3_str_tex_far.txt
[0.487s] -- Up-to-date symlink: /home/msi/ros2_ws/src/install/orbslam3_ros2/share/orbslam3_ros2/config/rgb-d/associations/fr3_str_tex_near.txt
[0.487s] -- Up-to-date symlink: /home/msi/ros2_ws/src/install/orbslam3_ros2/share/orbslam3_ros2/config/stereo-inertial/EuRoC.yaml
[0.488s] -- Up-to-date symlink: /home/msi/ros2_ws/src/install/orbslam3_ros2/share/orbslam3_ros2/config/stereo-inertial/EuRoC_IMU/MH01.txt
[0.488s] -- Up-to-date symlink: /home/msi/ros2_ws/src/install/orbslam3_ros2/share/orbslam3_ros2/config/stereo-inertial/EuRoC_IMU/MH02.txt
[0.488s] -- Up-to-date symlink: /home/msi/ros2_ws/src/install/orbslam3_ros2/share/orbslam3_ros2/config/stereo-inertial/EuRoC_IMU/MH03.txt
[0.488s] -- Up-to-date symlink: /home/msi/ros2_ws/src/install/orbslam3_ros2/share/orbslam3_ros2/config/stereo-inertial/EuRoC_IMU/MH04.txt
[0.488s] -- Up-to-date symlink: /home/msi/ros2_ws/src/install/orbslam3_ros2/share/orbslam3_ros2/config/stereo-inertial/EuRoC_IMU/MH05.txt
[0.488s] -- Up-to-date symlink: /home/msi/ros2_ws/src/install/orbslam3_ros2/share/orbslam3_ros2/config/stereo-inertial/EuRoC_IMU/V101.txt
[0.488s] -- Up-to-date symlink: /home/msi/ros2_ws/src/install/orbslam3_ros2/share/orbslam3_ros2/config/stereo-inertial/EuRoC_IMU/V102.txt
[0.488s] -- Up-to-date symlink: /home/msi/ros2_ws/src/install/orbslam3_ros2/share/orbslam3_ros2/config/stereo-inertial/EuRoC_IMU/V103.txt
[0.488s] -- Up-to-date symlink: /home/msi/ros2_ws/src/install/orbslam3_ros2/share/orbslam3_ros2/config/stereo-inertial/EuRoC_IMU/V201.txt
[0.488s] -- Up-to-date symlink: /home/msi/ros2_ws/src/install/orbslam3_ros2/share/orbslam3_ros2/config/stereo-inertial/EuRoC_IMU/V202.txt
[0.488s] -- Up-to-date symlink: /home/msi/ros2_ws/src/install/orbslam3_ros2/share/orbslam3_ros2/config/stereo-inertial/EuRoC_IMU/V203.txt
[0.488s] -- Up-to-date symlink: /home/msi/ros2_ws/src/install/orbslam3_ros2/share/orbslam3_ros2/config/stereo-inertial/EuRoC_TimeStamps/MH01.txt
[0.488s] -- Up-to-date symlink: /home/msi/ros2_ws/src/install/orbslam3_ros2/share/orbslam3_ros2/config/stereo-inertial/EuRoC_TimeStamps/MH02.txt
[0.488s] -- Up-to-date symlink: /home/msi/ros2_ws/src/install/orbslam3_ros2/share/orbslam3_ros2/config/stereo-inertial/EuRoC_TimeStamps/MH03.txt
[0.488s] -- Up-to-date symlink: /home/msi/ros2_ws/src/install/orbslam3_ros2/share/orbslam3_ros2/config/stereo-inertial/EuRoC_TimeStamps/MH04.txt
[0.488s] -- Up-to-date symlink: /home/msi/ros2_ws/src/install/orbslam3_ros2/share/orbslam3_ros2/config/stereo-inertial/EuRoC_TimeStamps/MH05.txt
[0.488s] -- Up-to-date symlink: /home/msi/ros2_ws/src/install/orbslam3_ros2/share/orbslam3_ros2/config/stereo-inertial/EuRoC_TimeStamps/V101.txt
[0.488s] -- Up-to-date symlink: /home/msi/ros2_ws/src/install/orbslam3_ros2/share/orbslam3_ros2/config/stereo-inertial/EuRoC_TimeStamps/V102.txt
[0.489s] -- Up-to-date symlink: /home/msi/ros2_ws/src/install/orbslam3_ros2/share/orbslam3_ros2/config/stereo-inertial/EuRoC_TimeStamps/V103.txt
[0.489s] -- Up-to-date symlink: /home/msi/ros2_ws/src/install/orbslam3_ros2/share/orbslam3_ros2/config/stereo-inertial/EuRoC_TimeStamps/V201.txt
[0.489s] -- Up-to-date symlink: /home/msi/ros2_ws/src/install/orbslam3_ros2/share/orbslam3_ros2/config/stereo-inertial/EuRoC_TimeStamps/V202.txt
[0.489s] -- Up-to-date symlink: /home/msi/ros2_ws/src/install/orbslam3_ros2/share/orbslam3_ros2/config/stereo-inertial/EuRoC_TimeStamps/V203.txt
[0.489s] -- Up-to-date symlink: /home/msi/ros2_ws/src/install/orbslam3_ros2/share/orbslam3_ros2/config/stereo-inertial/EuRoC_TimeStamps/V203_2.txt
[0.489s] -- Up-to-date symlink: /home/msi/ros2_ws/src/install/orbslam3_ros2/share/orbslam3_ros2/config/stereo-inertial/MultiSession/EuRoC_MH01.yaml
[0.489s] -- Up-to-date symlink: /home/msi/ros2_ws/src/install/orbslam3_ros2/share/orbslam3_ros2/config/stereo-inertial/MultiSession/EuRoC_MH02.yaml
[0.489s] -- Up-to-date symlink: /home/msi/ros2_ws/src/install/orbslam3_ros2/share/orbslam3_ros2/config/stereo-inertial/MultiSession/EuRoC_MH03.yaml
[0.489s] -- Up-to-date symlink: /home/msi/ros2_ws/src/install/orbslam3_ros2/share/orbslam3_ros2/config/stereo-inertial/MultiSession/EuRoC_MH04.yaml
[0.489s] -- Up-to-date symlink: /home/msi/ros2_ws/src/install/orbslam3_ros2/share/orbslam3_ros2/config/stereo-inertial/MultiSession/EuRoC_MH05.yaml
[0.489s] -- Up-to-date symlink: /home/msi/ros2_ws/src/install/orbslam3_ros2/share/orbslam3_ros2/config/stereo-inertial/MultiSession/EuRoC_V101.yaml
[0.489s] -- Up-to-date symlink: /home/msi/ros2_ws/src/install/orbslam3_ros2/share/orbslam3_ros2/config/stereo-inertial/MultiSession/EuRoC_V102.yaml
[0.489s] -- Up-to-date symlink: /home/msi/ros2_ws/src/install/orbslam3_ros2/share/orbslam3_ros2/config/stereo-inertial/MultiSession/EuRoC_V103.yaml
[0.489s] -- Up-to-date symlink: /home/msi/ros2_ws/src/install/orbslam3_ros2/share/orbslam3_ros2/config/stereo-inertial/MultiSession/EuRoC_V201.yaml
[0.489s] -- Up-to-date symlink: /home/msi/ros2_ws/src/install/orbslam3_ros2/share/orbslam3_ros2/config/stereo-inertial/MultiSession/EuRoC_V202.yaml
[0.489s] -- Up-to-date symlink: /home/msi/ros2_ws/src/install/orbslam3_ros2/share/orbslam3_ros2/config/stereo-inertial/MultiSession/EuRoC_V203.yaml
[0.489s] -- Up-to-date symlink: /home/msi/ros2_ws/src/install/orbslam3_ros2/share/orbslam3_ros2/config/stereo-inertial/RealSense_D435i.yaml
[0.489s] -- Up-to-date symlink: /home/msi/ros2_ws/src/install/orbslam3_ros2/share/orbslam3_ros2/config/stereo-inertial/RealSense_T265.yaml
[0.490s] -- Up-to-date symlink: /home/msi/ros2_ws/src/install/orbslam3_ros2/share/orbslam3_ros2/config/stereo-inertial/TUM-VI.yaml
[0.490s] -- Up-to-date symlink: /home/msi/ros2_ws/src/install/orbslam3_ros2/share/orbslam3_ros2/config/stereo-inertial/TUM-VI_far.yaml
[0.490s] -- Up-to-date symlink: /home/msi/ros2_ws/src/install/orbslam3_ros2/share/orbslam3_ros2/config/stereo-inertial/TUM_IMU/dataset-corridor1_512.txt
[0.490s] -- Up-to-date symlink: /home/msi/ros2_ws/src/install/orbslam3_ros2/share/orbslam3_ros2/config/stereo-inertial/TUM_IMU/dataset-corridor2_1024.txt
[0.490s] -- Up-to-date symlink: /home/msi/ros2_ws/src/install/orbslam3_ros2/share/orbslam3_ros2/config/stereo-inertial/TUM_IMU/dataset-corridor2_512.txt
[0.490s] -- Up-to-date symlink: /home/msi/ros2_ws/src/install/orbslam3_ros2/share/orbslam3_ros2/config/stereo-inertial/TUM_IMU/dataset-corridor3_512.txt
[0.490s] -- Up-to-date symlink: /home/msi/ros2_ws/src/install/orbslam3_ros2/share/orbslam3_ros2/config/stereo-inertial/TUM_IMU/dataset-corridor4_512.txt
[0.490s] -- Up-to-date symlink: /home/msi/ros2_ws/src/install/orbslam3_ros2/share/orbslam3_ros2/config/stereo-inertial/TUM_IMU/dataset-corridor5_512.txt
[0.490s] -- Up-to-date symlink: /home/msi/ros2_ws/src/install/orbslam3_ros2/share/orbslam3_ros2/config/stereo-inertial/TUM_IMU/dataset-magistrale1_512.txt
[0.490s] -- Up-to-date symlink: /home/msi/ros2_ws/src/install/orbslam3_ros2/share/orbslam3_ros2/config/stereo-inertial/TUM_IMU/dataset-magistrale2_512.txt
[0.490s] -- Up-to-date symlink: /home/msi/ros2_ws/src/install/orbslam3_ros2/share/orbslam3_ros2/config/stereo-inertial/TUM_IMU/dataset-magistrale3_512.txt
[0.490s] -- Up-to-date symlink: /home/msi/ros2_ws/src/install/orbslam3_ros2/share/orbslam3_ros2/config/stereo-inertial/TUM_IMU/dataset-magistrale4_512.txt
[0.490s] -- Up-to-date symlink: /home/msi/ros2_ws/src/install/orbslam3_ros2/share/orbslam3_ros2/config/stereo-inertial/TUM_IMU/dataset-magistrale5_512.txt
[0.491s] -- Up-to-date symlink: /home/msi/ros2_ws/src/install/orbslam3_ros2/share/orbslam3_ros2/config/stereo-inertial/TUM_IMU/dataset-magistrale6_512.txt
[0.491s] -- Up-to-date symlink: /home/msi/ros2_ws/src/install/orbslam3_ros2/share/orbslam3_ros2/config/stereo-inertial/TUM_IMU/dataset-outdoors1_512.txt
[0.491s] -- Up-to-date symlink: /home/msi/ros2_ws/src/install/orbslam3_ros2/share/orbslam3_ros2/config/stereo-inertial/TUM_IMU/dataset-outdoors2_512.txt
[0.491s] -- Up-to-date symlink: /home/msi/ros2_ws/src/install/orbslam3_ros2/share/orbslam3_ros2/config/stereo-inertial/TUM_IMU/dataset-outdoors3_512.txt
[0.491s] -- Up-to-date symlink: /home/msi/ros2_ws/src/install/orbslam3_ros2/share/orbslam3_ros2/config/stereo-inertial/TUM_IMU/dataset-outdoors4_512.txt
[0.491s] -- Up-to-date symlink: /home/msi/ros2_ws/src/install/orbslam3_ros2/share/orbslam3_ros2/config/stereo-inertial/TUM_IMU/dataset-outdoors5_512.txt
[0.491s] -- Up-to-date symlink: /home/msi/ros2_ws/src/install/orbslam3_ros2/share/orbslam3_ros2/config/stereo-inertial/TUM_IMU/dataset-outdoors6_512.txt
[0.491s] -- Up-to-date symlink: /home/msi/ros2_ws/src/install/orbslam3_ros2/share/orbslam3_ros2/config/stereo-inertial/TUM_IMU/dataset-outdoors7_512.txt
[0.491s] -- Up-to-date symlink: /home/msi/ros2_ws/src/install/orbslam3_ros2/share/orbslam3_ros2/config/stereo-inertial/TUM_IMU/dataset-outdoors8_512.txt
[0.491s] -- Up-to-date symlink: /home/msi/ros2_ws/src/install/orbslam3_ros2/share/orbslam3_ros2/config/stereo-inertial/TUM_IMU/dataset-room1_512.txt
[0.491s] -- Up-to-date symlink: /home/msi/ros2_ws/src/install/orbslam3_ros2/share/orbslam3_ros2/config/stereo-inertial/TUM_IMU/dataset-room2_512.txt
[0.491s] -- Up-to-date symlink: /home/msi/ros2_ws/src/install/orbslam3_ros2/share/orbslam3_ros2/config/stereo-inertial/TUM_IMU/dataset-room3_512.txt
[0.491s] -- Up-to-date symlink: /home/msi/ros2_ws/src/install/orbslam3_ros2/share/orbslam3_ros2/config/stereo-inertial/TUM_IMU/dataset-room4_512.txt
[0.491s] -- Up-to-date symlink: /home/msi/ros2_ws/src/install/orbslam3_ros2/share/orbslam3_ros2/config/stereo-inertial/TUM_IMU/dataset-room5_512.txt
[0.491s] -- Up-to-date symlink: /home/msi/ros2_ws/src/install/orbslam3_ros2/share/orbslam3_ros2/config/stereo-inertial/TUM_IMU/dataset-room6_512.txt
[0.491s] -- Up-to-date symlink: /home/msi/ros2_ws/src/install/orbslam3_ros2/share/orbslam3_ros2/config/stereo-inertial/TUM_IMU/dataset-slides1_512.txt
[0.491s] -- Up-to-date symlink: /home/msi/ros2_ws/src/install/orbslam3_ros2/share/orbslam3_ros2/config/stereo-inertial/TUM_IMU/dataset-slides2_512.txt
[0.492s] -- Up-to-date symlink: /home/msi/ros2_ws/src/install/orbslam3_ros2/share/orbslam3_ros2/config/stereo-inertial/TUM_IMU/dataset-slides3_512.txt
[0.492s] -- Up-to-date symlink: /home/msi/ros2_ws/src/install/orbslam3_ros2/share/orbslam3_ros2/config/stereo-inertial/TUM_TimeStamps/dataset-corridor1_512.txt
[0.492s] -- Up-to-date symlink: /home/msi/ros2_ws/src/install/orbslam3_ros2/share/orbslam3_ros2/config/stereo-inertial/TUM_TimeStamps/dataset-corridor2_1024.txt
[0.492s] -- Up-to-date symlink: /home/msi/ros2_ws/src/install/orbslam3_ros2/share/orbslam3_ros2/config/stereo-inertial/TUM_TimeStamps/dataset-corridor2_512.txt
[0.492s] -- Up-to-date symlink: /home/msi/ros2_ws/src/install/orbslam3_ros2/share/orbslam3_ros2/config/stereo-inertial/TUM_TimeStamps/dataset-corridor3_512.txt
[0.492s] -- Up-to-date symlink: /home/msi/ros2_ws/src/install/orbslam3_ros2/share/orbslam3_ros2/config/stereo-inertial/TUM_TimeStamps/dataset-corridor4_512.txt
[0.492s] -- Up-to-date symlink: /home/msi/ros2_ws/src/install/orbslam3_ros2/share/orbslam3_ros2/config/stereo-inertial/TUM_TimeStamps/dataset-corridor5_512.txt
[0.492s] -- Up-to-date symlink: /home/msi/ros2_ws/src/install/orbslam3_ros2/share/orbslam3_ros2/config/stereo-inertial/TUM_TimeStamps/dataset-magistrale1_512.txt
[0.492s] -- Up-to-date symlink: /home/msi/ros2_ws/src/install/orbslam3_ros2/share/orbslam3_ros2/config/stereo-inertial/TUM_TimeStamps/dataset-magistrale2_512.txt
[0.492s] -- Up-to-date symlink: /home/msi/ros2_ws/src/install/orbslam3_ros2/share/orbslam3_ros2/config/stereo-inertial/TUM_TimeStamps/dataset-magistrale3_512.txt
[0.492s] -- Up-to-date symlink: /home/msi/ros2_ws/src/install/orbslam3_ros2/share/orbslam3_ros2/config/stereo-inertial/TUM_TimeStamps/dataset-magistrale4_512.txt
[0.492s] -- Up-to-date symlink: /home/msi/ros2_ws/src/install/orbslam3_ros2/share/orbslam3_ros2/config/stereo-inertial/TUM_TimeStamps/dataset-magistrale5_512.txt
[0.492s] -- Up-to-date symlink: /home/msi/ros2_ws/src/install/orbslam3_ros2/share/orbslam3_ros2/config/stereo-inertial/TUM_TimeStamps/dataset-magistrale6_512.txt
[0.492s] -- Up-to-date symlink: /home/msi/ros2_ws/src/install/orbslam3_ros2/share/orbslam3_ros2/config/stereo-inertial/TUM_TimeStamps/dataset-outdoors1_512.txt
[0.492s] -- Up-to-date symlink: /home/msi/ros2_ws/src/install/orbslam3_ros2/share/orbslam3_ros2/config/stereo-inertial/TUM_TimeStamps/dataset-outdoors2_512.txt
[0.492s] -- Up-to-date symlink: /home/msi/ros2_ws/src/install/orbslam3_ros2/share/orbslam3_ros2/config/stereo-inertial/TUM_TimeStamps/dataset-outdoors3_512.txt
[0.492s] -- Up-to-date symlink: /home/msi/ros2_ws/src/install/orbslam3_ros2/share/orbslam3_ros2/config/stereo-inertial/TUM_TimeStamps/dataset-outdoors4_512.txt
[0.493s] -- Up-to-date symlink: /home/msi/ros2_ws/src/install/orbslam3_ros2/share/orbslam3_ros2/config/stereo-inertial/TUM_TimeStamps/dataset-outdoors5_512.txt
[0.493s] -- Up-to-date symlink: /home/msi/ros2_ws/src/install/orbslam3_ros2/share/orbslam3_ros2/config/stereo-inertial/TUM_TimeStamps/dataset-outdoors6_512.txt
[0.493s] -- Up-to-date symlink: /home/msi/ros2_ws/src/install/orbslam3_ros2/share/orbslam3_ros2/config/stereo-inertial/TUM_TimeStamps/dataset-outdoors7_512.txt
[0.493s] -- Up-to-date symlink: /home/msi/ros2_ws/src/install/orbslam3_ros2/share/orbslam3_ros2/config/stereo-inertial/TUM_TimeStamps/dataset-outdoors8_512.txt
[0.493s] -- Up-to-date symlink: /home/msi/ros2_ws/src/install/orbslam3_ros2/share/orbslam3_ros2/config/stereo-inertial/TUM_TimeStamps/dataset-room1_512.txt
[0.493s] -- Up-to-date symlink: /home/msi/ros2_ws/src/install/orbslam3_ros2/share/orbslam3_ros2/config/stereo-inertial/TUM_TimeStamps/dataset-room2_512.txt
[0.493s] -- Up-to-date symlink: /home/msi/ros2_ws/src/install/orbslam3_ros2/share/orbslam3_ros2/config/stereo-inertial/TUM_TimeStamps/dataset-room3_512.txt
[0.493s] -- Up-to-date symlink: /home/msi/ros2_ws/src/install/orbslam3_ros2/share/orbslam3_ros2/config/stereo-inertial/TUM_TimeStamps/dataset-room4_512.txt
[0.493s] -- Up-to-date symlink: /home/msi/ros2_ws/src/install/orbslam3_ros2/share/orbslam3_ros2/config/stereo-inertial/TUM_TimeStamps/dataset-room5_512.txt
[0.493s] -- Up-to-date symlink: /home/msi/ros2_ws/src/install/orbslam3_ros2/share/orbslam3_ros2/config/stereo-inertial/TUM_TimeStamps/dataset-room6_512.txt
[0.493s] -- Up-to-date symlink: /home/msi/ros2_ws/src/install/orbslam3_ros2/share/orbslam3_ros2/config/stereo-inertial/TUM_TimeStamps/dataset-slides1_512.txt
[0.493s] -- Up-to-date symlink: /home/msi/ros2_ws/src/install/orbslam3_ros2/share/orbslam3_ros2/config/stereo-inertial/TUM_TimeStamps/dataset-slides2_512.txt
[0.493s] -- Up-to-date symlink: /home/msi/ros2_ws/src/install/orbslam3_ros2/share/orbslam3_ros2/config/stereo-inertial/TUM_TimeStamps/dataset-slides3_512.txt
[0.493s] -- Up-to-date symlink: /home/msi/ros2_ws/src/install/orbslam3_ros2/share/orbslam3_ros2/config/stereo/EuRoC.yaml
[0.494s] -- Up-to-date symlink: /home/msi/ros2_ws/src/install/orbslam3_ros2/share/orbslam3_ros2/config/stereo/EuRoC_TimeStamps/MH01.txt
[0.494s] -- Up-to-date symlink: /home/msi/ros2_ws/src/install/orbslam3_ros2/share/orbslam3_ros2/config/stereo/EuRoC_TimeStamps/MH02.txt
[0.494s] -- Up-to-date symlink: /home/msi/ros2_ws/src/install/orbslam3_ros2/share/orbslam3_ros2/config/stereo/EuRoC_TimeStamps/MH03.txt
[0.494s] -- Up-to-date symlink: /home/msi/ros2_ws/src/install/orbslam3_ros2/share/orbslam3_ros2/config/stereo/EuRoC_TimeStamps/MH04.txt
[0.494s] -- Up-to-date symlink: /home/msi/ros2_ws/src/install/orbslam3_ros2/share/orbslam3_ros2/config/stereo/EuRoC_TimeStamps/MH05.txt
[0.494s] -- Up-to-date symlink: /home/msi/ros2_ws/src/install/orbslam3_ros2/share/orbslam3_ros2/config/stereo/EuRoC_TimeStamps/V101.txt
[0.494s] -- Up-to-date symlink: /home/msi/ros2_ws/src/install/orbslam3_ros2/share/orbslam3_ros2/config/stereo/EuRoC_TimeStamps/V102.txt
[0.494s] -- Up-to-date symlink: /home/msi/ros2_ws/src/install/orbslam3_ros2/share/orbslam3_ros2/config/stereo/EuRoC_TimeStamps/V103.txt
[0.494s] -- Up-to-date symlink: /home/msi/ros2_ws/src/install/orbslam3_ros2/share/orbslam3_ros2/config/stereo/EuRoC_TimeStamps/V201.txt
[0.494s] -- Up-to-date symlink: /home/msi/ros2_ws/src/install/orbslam3_ros2/share/orbslam3_ros2/config/stereo/EuRoC_TimeStamps/V202.txt
[0.494s] -- Up-to-date symlink: /home/msi/ros2_ws/src/install/orbslam3_ros2/share/orbslam3_ros2/config/stereo/EuRoC_TimeStamps/V203.txt
[0.494s] -- Up-to-date symlink: /home/msi/ros2_ws/src/install/orbslam3_ros2/share/orbslam3_ros2/config/stereo/KITTI00-02.yaml
[0.494s] -- Up-to-date symlink: /home/msi/ros2_ws/src/install/orbslam3_ros2/share/orbslam3_ros2/config/stereo/KITTI03.yaml
[0.494s] -- Up-to-date symlink: /home/msi/ros2_ws/src/install/orbslam3_ros2/share/orbslam3_ros2/config/stereo/KITTI04-12.yaml
[0.494s] -- Up-to-date symlink: /home/msi/ros2_ws/src/install/orbslam3_ros2/share/orbslam3_ros2/config/stereo/MultiSession/EuRoC_MH01.yaml
[0.494s] -- Up-to-date symlink: /home/msi/ros2_ws/src/install/orbslam3_ros2/share/orbslam3_ros2/config/stereo/MultiSession/EuRoC_MH02.yaml
[0.495s] -- Up-to-date symlink: /home/msi/ros2_ws/src/install/orbslam3_ros2/share/orbslam3_ros2/config/stereo/MultiSession/EuRoC_MH03.yaml
[0.495s] -- Up-to-date symlink: /home/msi/ros2_ws/src/install/orbslam3_ros2/share/orbslam3_ros2/config/stereo/MultiSession/EuRoC_MH04.yaml
[0.495s] -- Up-to-date symlink: /home/msi/ros2_ws/src/install/orbslam3_ros2/share/orbslam3_ros2/config/stereo/MultiSession/EuRoC_MH05.yaml
[0.495s] -- Up-to-date symlink: /home/msi/ros2_ws/src/install/orbslam3_ros2/share/orbslam3_ros2/config/stereo/MultiSession/EuRoC_V101.yaml
[0.495s] -- Up-to-date symlink: /home/msi/ros2_ws/src/install/orbslam3_ros2/share/orbslam3_ros2/config/stereo/MultiSession/EuRoC_V102.yaml
[0.495s] -- Up-to-date symlink: /home/msi/ros2_ws/src/install/orbslam3_ros2/share/orbslam3_ros2/config/stereo/MultiSession/EuRoC_V103.yaml
[0.495s] -- Up-to-date symlink: /home/msi/ros2_ws/src/install/orbslam3_ros2/share/orbslam3_ros2/config/stereo/MultiSession/EuRoC_V201.yaml
[0.495s] -- Up-to-date symlink: /home/msi/ros2_ws/src/install/orbslam3_ros2/share/orbslam3_ros2/config/stereo/MultiSession/EuRoC_V202.yaml
[0.495s] -- Up-to-date symlink: /home/msi/ros2_ws/src/install/orbslam3_ros2/share/orbslam3_ros2/config/stereo/MultiSession/EuRoC_V203.yaml
[0.495s] -- Up-to-date symlink: /home/msi/ros2_ws/src/install/orbslam3_ros2/share/orbslam3_ros2/config/stereo/RealSense_D435i.yaml
[0.495s] -- Up-to-date symlink: /home/msi/ros2_ws/src/install/orbslam3_ros2/share/orbslam3_ros2/config/stereo/RealSense_T265.yaml
[0.495s] -- Up-to-date symlink: /home/msi/ros2_ws/src/install/orbslam3_ros2/share/orbslam3_ros2/config/stereo/TUM-VI.yaml
[0.495s] -- Up-to-date symlink: /home/msi/ros2_ws/src/install/orbslam3_ros2/share/orbslam3_ros2/config/stereo/TUM_TimeStamps/dataset-corridor1_512.txt
[0.495s] -- Up-to-date symlink: /home/msi/ros2_ws/src/install/orbslam3_ros2/share/orbslam3_ros2/config/stereo/TUM_TimeStamps/dataset-corridor2_1024.txt
[0.495s] -- Up-to-date symlink: /home/msi/ros2_ws/src/install/orbslam3_ros2/share/orbslam3_ros2/config/stereo/TUM_TimeStamps/dataset-corridor2_512.txt
[0.495s] -- Up-to-date symlink: /home/msi/ros2_ws/src/install/orbslam3_ros2/share/orbslam3_ros2/config/stereo/TUM_TimeStamps/dataset-corridor3_512.txt
[0.495s] -- Up-to-date symlink: /home/msi/ros2_ws/src/install/orbslam3_ros2/share/orbslam3_ros2/config/stereo/TUM_TimeStamps/dataset-corridor4_512.txt
[0.495s] -- Up-to-date symlink: /home/msi/ros2_ws/src/install/orbslam3_ros2/share/orbslam3_ros2/config/stereo/TUM_TimeStamps/dataset-corridor5_512.txt
[0.496s] -- Up-to-date symlink: /home/msi/ros2_ws/src/install/orbslam3_ros2/share/orbslam3_ros2/config/stereo/TUM_TimeStamps/dataset-magistrale1_512.txt
[0.496s] -- Up-to-date symlink: /home/msi/ros2_ws/src/install/orbslam3_ros2/share/orbslam3_ros2/config/stereo/TUM_TimeStamps/dataset-magistrale2_512.txt
[0.496s] -- Up-to-date symlink: /home/msi/ros2_ws/src/install/orbslam3_ros2/share/orbslam3_ros2/config/stereo/TUM_TimeStamps/dataset-magistrale3_512.txt
[0.496s] -- Up-to-date symlink: /home/msi/ros2_ws/src/install/orbslam3_ros2/share/orbslam3_ros2/config/stereo/TUM_TimeStamps/dataset-magistrale4_512.txt
[0.496s] -- Up-to-date symlink: /home/msi/ros2_ws/src/install/orbslam3_ros2/share/orbslam3_ros2/config/stereo/TUM_TimeStamps/dataset-magistrale5_512.txt
[0.496s] -- Up-to-date symlink: /home/msi/ros2_ws/src/install/orbslam3_ros2/share/orbslam3_ros2/config/stereo/TUM_TimeStamps/dataset-magistrale6_512.txt
[0.496s] -- Up-to-date symlink: /home/msi/ros2_ws/src/install/orbslam3_ros2/share/orbslam3_ros2/config/stereo/TUM_TimeStamps/dataset-outdoors1_512.txt
[0.496s] -- Up-to-date symlink: /home/msi/ros2_ws/src/install/orbslam3_ros2/share/orbslam3_ros2/config/stereo/TUM_TimeStamps/dataset-outdoors2_512.txt
[0.496s] -- Up-to-date symlink: /home/msi/ros2_ws/src/install/orbslam3_ros2/share/orbslam3_ros2/config/stereo/TUM_TimeStamps/dataset-outdoors3_512.txt
[0.496s] -- Up-to-date symlink: /home/msi/ros2_ws/src/install/orbslam3_ros2/share/orbslam3_ros2/config/stereo/TUM_TimeStamps/dataset-outdoors4_512.txt
[0.496s] -- Up-to-date symlink: /home/msi/ros2_ws/src/install/orbslam3_ros2/share/orbslam3_ros2/config/stereo/TUM_TimeStamps/dataset-outdoors5_512.txt
[0.496s] -- Up-to-date symlink: /home/msi/ros2_ws/src/install/orbslam3_ros2/share/orbslam3_ros2/config/stereo/TUM_TimeStamps/dataset-outdoors6_512.txt
[0.496s] -- Up-to-date symlink: /home/msi/ros2_ws/src/install/orbslam3_ros2/share/orbslam3_ros2/config/stereo/TUM_TimeStamps/dataset-outdoors7_512.txt
[0.496s] -- Up-to-date symlink: /home/msi/ros2_ws/src/install/orbslam3_ros2/share/orbslam3_ros2/config/stereo/TUM_TimeStamps/dataset-outdoors8_512.txt
[0.496s] -- Up-to-date symlink: /home/msi/ros2_ws/src/install/orbslam3_ros2/share/orbslam3_ros2/config/stereo/TUM_TimeStamps/dataset-room1_512.txt
[0.497s] -- Up-to-date symlink: /home/msi/ros2_ws/src/install/orbslam3_ros2/share/orbslam3_ros2/config/stereo/TUM_TimeStamps/dataset-room2_512.txt
[0.497s] -- Up-to-date symlink: /home/msi/ros2_ws/src/install/orbslam3_ros2/share/orbslam3_ros2/config/stereo/TUM_TimeStamps/dataset-room3_512.txt
[0.497s] -- Up-to-date symlink: /home/msi/ros2_ws/src/install/orbslam3_ros2/share/orbslam3_ros2/config/stereo/TUM_TimeStamps/dataset-room4_512.txt
[0.497s] -- Up-to-date symlink: /home/msi/ros2_ws/src/install/orbslam3_ros2/share/orbslam3_ros2/config/stereo/TUM_TimeStamps/dataset-room5_512.txt
[0.497s] -- Up-to-date symlink: /home/msi/ros2_ws/src/install/orbslam3_ros2/share/orbslam3_ros2/config/stereo/TUM_TimeStamps/dataset-room6_512.txt
[0.497s] -- Up-to-date symlink: /home/msi/ros2_ws/src/install/orbslam3_ros2/share/orbslam3_ros2/config/stereo/TUM_TimeStamps/dataset-slides1_512.txt
[0.497s] -- Up-to-date symlink: /home/msi/ros2_ws/src/install/orbslam3_ros2/share/orbslam3_ros2/config/stereo/TUM_TimeStamps/dataset-slides2_512.txt
[0.497s] -- Up-to-date symlink: /home/msi/ros2_ws/src/install/orbslam3_ros2/share/orbslam3_ros2/config/stereo/TUM_TimeStamps/dataset-slides3_512.txt
[0.497s] -- Up-to-date symlink: /home/msi/ros2_ws/src/install/orbslam3_ros2/share/orbslam3_ros2/config/stereo/stereo_camera.yaml
[0.497s] -- Up-to-date symlink: /home/msi/ros2_ws/src/install/orbslam3_ros2/share/orbslam3_ros2/config/stereo_camera.yaml
[0.497s] -- Up-to-date symlink: /home/msi/ros2_ws/src/install/orbslam3_ros2/share/orbslam3_ros2/camera/stereo_camera.yaml
[0.497s] -- Up-to-date symlink: /home/msi/ros2_ws/src/install/orbslam3_ros2/share/orbslam3_ros2/vocabulary/ORBvoc.txt
[0.497s] -- Up-to-date symlink: /home/msi/ros2_ws/src/install/orbslam3_ros2/share/ament_index/resource_index/package_run_dependencies/orbslam3_ros2
[0.498s] -- Up-to-date symlink: /home/msi/ros2_ws/src/install/orbslam3_ros2/share/ament_index/resource_index/parent_prefix_path/orbslam3_ros2
[0.498s] -- Up-to-date symlink: /home/msi/ros2_ws/src/install/orbslam3_ros2/share/orbslam3_ros2/environment/ament_prefix_path.sh
[0.498s] -- Up-to-date symlink: /home/msi/ros2_ws/src/install/orbslam3_ros2/share/orbslam3_ros2/environment/ament_prefix_path.dsv
[0.498s] -- Up-to-date symlink: /home/msi/ros2_ws/src/install/orbslam3_ros2/share/orbslam3_ros2/environment/path.sh
[0.498s] -- Up-to-date symlink: /home/msi/ros2_ws/src/install/orbslam3_ros2/share/orbslam3_ros2/environment/path.dsv
[0.498s] -- Up-to-date symlink: /home/msi/ros2_ws/src/install/orbslam3_ros2/share/orbslam3_ros2/local_setup.bash
[0.498s] -- Up-to-date symlink: /home/msi/ros2_ws/src/install/orbslam3_ros2/share/orbslam3_ros2/local_setup.sh
[0.498s] -- Up-to-date symlink: /home/msi/ros2_ws/src/install/orbslam3_ros2/share/orbslam3_ros2/local_setup.zsh
[0.498s] -- Up-to-date symlink: /home/msi/ros2_ws/src/install/orbslam3_ros2/share/orbslam3_ros2/local_setup.dsv
[0.498s] -- Symlinking: /home/msi/ros2_ws/src/install/orbslam3_ros2/share/orbslam3_ros2/package.dsv
[0.505s] -- Up-to-date symlink: /home/msi/ros2_ws/src/install/orbslam3_ros2/share/ament_index/resource_index/packages/orbslam3_ros2
[0.505s] -- Up-to-date symlink: /home/msi/ros2_ws/src/install/orbslam3_ros2/share/orbslam3_ros2/cmake/ament_cmake_export_dependencies-extras.cmake
[0.505s] -- Up-to-date symlink: /home/msi/ros2_ws/src/install/orbslam3_ros2/share/orbslam3_ros2/cmake/orbslam3_ros2Config.cmake
[0.505s] -- Up-to-date symlink: /home/msi/ros2_ws/src/install/orbslam3_ros2/share/orbslam3_ros2/cmake/orbslam3_ros2Config-version.cmake
[0.506s] -- Up-to-date symlink: /home/msi/ros2_ws/src/install/orbslam3_ros2/share/orbslam3_ros2/package.xml
[0.507s] Invoked command in '/home/msi/ros2_ws/src/build/orbslam3_ros2' returned '0': AMENT_PREFIX_PATH=/home/msi/ros2_ws/src/install/cv_bridge:${AMENT_PREFIX_PATH} CMAKE_PREFIX_PATH=/home/msi/ros2_ws/src/install/cv_bridge:/home/msi/ros2_ws/install/vision_opencv:/home/msi/ros2_ws/install/orbslam3_ros2:/home/msi/ros2_ws/install/my_rtabmap_config:/home/msi/ros2_ws/install/my_robot_slam:/home/msi/ros2_ws/install/my_robot_navigation:/home/msi/ros2_ws/install/my_robot_detection:/home/msi/ros2_ws/install/my_robot_bringup:/home/msi/ros2_ws/install/my_robot_description:/home/msi/ros2_ws/install/multirobot_map_merge:/home/msi/ros2_ws/install/image_geometry:/home/msi/ros2_ws/install/explore_lite:/home/msi/ros2_ws/install/cv_bridge:/home/msi/ros2_ws/install/custom_msgs:/home/msi/ros2_ws/install/opencv_tests:/opt/ros/humble LD_LIBRARY_PATH=/home/msi/ros2_ws/src/install/cv_bridge/lib:/home/msi/ros2_ws/install/multirobot_map_merge/lib:/home/msi/ros2_ws/install/image_geometry/lib:/home/msi/ros2_ws/install/cv_bridge/lib:/home/msi/ros2_ws/install/custom_msgs/lib:/usr/lib/x86_64-linux-gnu/gazebo-11/plugins:/opt/ros/humble/opt/rviz_ogre_vendor/lib:/opt/ros/humble/lib/x86_64-linux-gnu:/opt/ros/humble/lib:/usr/share/gazebo/../../lib/x86_64-linux-gnu/gazebo-11/plugins:/home/msi/Dev/Pangolin/lib:/home/msi/Dev/Pangolin/build PYTHONPATH=/home/msi/ros2_ws/src/install/cv_bridge/local/lib/python3.10/dist-packages:${PYTHONPATH} /usr/bin/cmake --install /home/msi/ros2_ws/src/build/orbslam3_ros2
